<?xml version="1.0" encoding="UTF-8"?>
<testsuite xmlns:xsi="http://www.w3.org/2001/XMLSchema-instance" xsi:noNamespaceSchemaLocation="https://maven.apache.org/surefire/maven-surefire-plugin/xsd/surefire-test-report-3.0.xsd" version="3.0" name="com.webapp.bankingportal.AccountControllerTests" time="369.941" tests="44" errors="0" skipped="0" failures="0">
  <properties>
    <property name="java.specification.version" value="21"/>
    <property name="sun.cpu.isalist" value="amd64"/>
    <property name="sun.jnu.encoding" value="Cp1252"/>
    <property name="java.class.path" value="C:\Users\pcz\Downloads\removeGeolocation\BankingPortal-API-main\target\test-classes;C:\Users\pcz\Downloads\removeGeolocation\BankingPortal-API-main\target\classes;C:\Users\pcz\.m2\repository\org\projectlombok\lombok\1.18.34\lombok-1.18.34.jar;C:\Users\pcz\.m2\repository\com\icegreen\greenmail-junit5\2.0.0-alpha-2\greenmail-junit5-2.0.0-alpha-2.jar;C:\Users\pcz\.m2\repository\com\icegreen\greenmail\2.0.0-alpha-2\greenmail-2.0.0-alpha-2.jar;C:\Users\pcz\.m2\repository\com\sun\mail\jakarta.mail\2.0.1\jakarta.mail-2.0.1.jar;C:\Users\pcz\.m2\repository\com\sun\activation\jakarta.activation\2.0.1\jakarta.activation-2.0.1.jar;C:\Users\pcz\.m2\repository\jakarta\activation\jakarta.activation-api\2.1.3\jakarta.activation-api-2.1.3.jar;C:\Users\pcz\.m2\repository\org\slf4j\slf4j-api\2.0.16\slf4j-api-2.0.16.jar;C:\Users\pcz\.m2\repository\junit\junit\4.13.2\junit-4.13.2.jar;C:\Users\pcz\.m2\repository\org\junit\jupiter\junit-jupiter-api\5.10.5\junit-jupiter-api-5.10.5.jar;C:\Users\pcz\.m2\repository\org\opentest4j\opentest4j\1.3.0\opentest4j-1.3.0.jar;C:\Users\pcz\.m2\repository\org\junit\platform\junit-platform-commons\1.10.5\junit-platform-commons-1.10.5.jar;C:\Users\pcz\.m2\repository\org\apiguardian\apiguardian-api\1.1.2\apiguardian-api-1.1.2.jar;C:\Users\pcz\.m2\repository\com\googlecode\libphonenumber\libphonenumber\8.13.38\libphonenumber-8.13.38.jar;C:\Users\pcz\.m2\repository\com\github\javafaker\javafaker\1.0.2\javafaker-1.0.2.jar;C:\Users\pcz\.m2\repository\org\apache\commons\commons-lang3\3.14.0\commons-lang3-3.14.0.jar;C:\Users\pcz\.m2\repository\org\yaml\snakeyaml\1.23\snakeyaml-1.23-android.jar;C:\Users\pcz\.m2\repository\com\github\mifmif\generex\1.0.2\generex-1.0.2.jar;C:\Users\pcz\.m2\repository\dk\brics\automaton\automaton\1.11-8\automaton-1.11-8.jar;C:\Users\pcz\.m2\repository\org\mapstruct\mapstruct-processor\1.6.0.Beta2\mapstruct-processor-1.6.0.Beta2.jar;C:\Users\pcz\.m2\repository\org\mapstruct\mapstruct\1.6.0.Beta2\mapstruct-1.6.0.Beta2.jar;C:\Users\pcz\.m2\repository\org\springframework\boot\spring-boot-starter-data-jpa\3.3.5\spring-boot-starter-data-jpa-3.3.5.jar;C:\Users\pcz\.m2\repository\org\springframework\boot\spring-boot-starter-aop\3.3.5\spring-boot-starter-aop-3.3.5.jar;C:\Users\pcz\.m2\repository\org\aspectj\aspectjweaver\1.9.22.1\aspectjweaver-1.9.22.1.jar;C:\Users\pcz\.m2\repository\org\springframework\boot\spring-boot-starter-jdbc\3.3.5\spring-boot-starter-jdbc-3.3.5.jar;C:\Users\pcz\.m2\repository\com\zaxxer\HikariCP\5.1.0\HikariCP-5.1.0.jar;C:\Users\pcz\.m2\repository\org\springframework\spring-jdbc\6.1.14\spring-jdbc-6.1.14.jar;C:\Users\pcz\.m2\repository\org\hibernate\orm\hibernate-core\6.5.3.Final\hibernate-core-6.5.3.Final.jar;C:\Users\pcz\.m2\repository\jakarta\persistence\jakarta.persistence-api\3.1.0\jakarta.persistence-api-3.1.0.jar;C:\Users\pcz\.m2\repository\jakarta\transaction\jakarta.transaction-api\2.0.1\jakarta.transaction-api-2.0.1.jar;C:\Users\pcz\.m2\repository\org\jboss\logging\jboss-logging\3.5.3.Final\jboss-logging-3.5.3.Final.jar;C:\Users\pcz\.m2\repository\org\hibernate\common\hibernate-commons-annotations\6.0.6.Final\hibernate-commons-annotations-6.0.6.Final.jar;C:\Users\pcz\.m2\repository\io\smallrye\jandex\3.1.2\jandex-3.1.2.jar;C:\Users\pcz\.m2\repository\com\fasterxml\classmate\1.7.0\classmate-1.7.0.jar;C:\Users\pcz\.m2\repository\net\bytebuddy\byte-buddy\1.14.19\byte-buddy-1.14.19.jar;C:\Users\pcz\.m2\repository\org\glassfish\jaxb\jaxb-runtime\4.0.5\jaxb-runtime-4.0.5.jar;C:\Users\pcz\.m2\repository\org\glassfish\jaxb\jaxb-core\4.0.5\jaxb-core-4.0.5.jar;C:\Users\pcz\.m2\repository\org\glassfish\jaxb\txw2\4.0.5\txw2-4.0.5.jar;C:\Users\pcz\.m2\repository\com\sun\istack\istack-commons-runtime\4.1.2\istack-commons-runtime-4.1.2.jar;C:\Users\pcz\.m2\repository\jakarta\inject\jakarta.inject-api\2.0.1\jakarta.inject-api-2.0.1.jar;C:\Users\pcz\.m2\repository\org\antlr\antlr4-runtime\4.13.0\antlr4-runtime-4.13.0.jar;C:\Users\pcz\.m2\repository\org\springframework\data\spring-data-jpa\3.3.5\spring-data-jpa-3.3.5.jar;C:\Users\pcz\.m2\repository\org\springframework\data\spring-data-commons\3.3.5\spring-data-commons-3.3.5.jar;C:\Users\pcz\.m2\repository\org\springframework\spring-orm\6.1.14\spring-orm-6.1.14.jar;C:\Users\pcz\.m2\repository\org\springframework\spring-context\6.1.14\spring-context-6.1.14.jar;C:\Users\pcz\.m2\repository\org\springframework\spring-tx\6.1.14\spring-tx-6.1.14.jar;C:\Users\pcz\.m2\repository\org\springframework\spring-beans\6.1.14\spring-beans-6.1.14.jar;C:\Users\pcz\.m2\repository\jakarta\annotation\jakarta.annotation-api\2.1.1\jakarta.annotation-api-2.1.1.jar;C:\Users\pcz\.m2\repository\org\springframework\spring-aspects\6.1.14\spring-aspects-6.1.14.jar;C:\Users\pcz\.m2\repository\org\springframework\boot\spring-boot-starter-validation\3.3.5\spring-boot-starter-validation-3.3.5.jar;C:\Users\pcz\.m2\repository\org\springframework\boot\spring-boot-starter\3.3.5\spring-boot-starter-3.3.5.jar;C:\Users\pcz\.m2\repository\org\springframework\boot\spring-boot-starter-logging\3.3.5\spring-boot-starter-logging-3.3.5.jar;C:\Users\pcz\.m2\repository\ch\qos\logback\logback-classic\1.5.11\logback-classic-1.5.11.jar;C:\Users\pcz\.m2\repository\ch\qos\logback\logback-core\1.5.11\logback-core-1.5.11.jar;C:\Users\pcz\.m2\repository\org\apache\logging\log4j\log4j-to-slf4j\2.23.1\log4j-to-slf4j-2.23.1.jar;C:\Users\pcz\.m2\repository\org\apache\logging\log4j\log4j-api\2.23.1\log4j-api-2.23.1.jar;C:\Users\pcz\.m2\repository\org\slf4j\jul-to-slf4j\2.0.16\jul-to-slf4j-2.0.16.jar;C:\Users\pcz\.m2\repository\org\yaml\snakeyaml\2.2\snakeyaml-2.2.jar;C:\Users\pcz\.m2\repository\org\apache\tomcat\embed\tomcat-embed-el\10.1.31\tomcat-embed-el-10.1.31.jar;C:\Users\pcz\.m2\repository\org\hibernate\validator\hibernate-validator\8.0.1.Final\hibernate-validator-8.0.1.Final.jar;C:\Users\pcz\.m2\repository\jakarta\validation\jakarta.validation-api\3.0.2\jakarta.validation-api-3.0.2.jar;C:\Users\pcz\.m2\repository\org\springframework\boot\spring-boot-starter-web\3.3.5\spring-boot-starter-web-3.3.5.jar;C:\Users\pcz\.m2\repository\org\springframework\boot\spring-boot-starter-json\3.3.5\spring-boot-starter-json-3.3.5.jar;C:\Users\pcz\.m2\repository\com\fasterxml\jackson\datatype\jackson-datatype-jsr310\2.17.2\jackson-datatype-jsr310-2.17.2.jar;C:\Users\pcz\.m2\repository\com\fasterxml\jackson\module\jackson-module-parameter-names\2.17.2\jackson-module-parameter-names-2.17.2.jar;C:\Users\pcz\.m2\repository\org\springframework\boot\spring-boot-starter-tomcat\3.3.5\spring-boot-starter-tomcat-3.3.5.jar;C:\Users\pcz\.m2\repository\org\apache\tomcat\embed\tomcat-embed-core\10.1.31\tomcat-embed-core-10.1.31.jar;C:\Users\pcz\.m2\repository\org\apache\tomcat\embed\tomcat-embed-websocket\10.1.31\tomcat-embed-websocket-10.1.31.jar;C:\Users\pcz\.m2\repository\org\springframework\spring-web\6.1.14\spring-web-6.1.14.jar;C:\Users\pcz\.m2\repository\org\springframework\spring-webmvc\6.1.14\spring-webmvc-6.1.14.jar;C:\Users\pcz\.m2\repository\org\springframework\spring-expression\6.1.14\spring-expression-6.1.14.jar;C:\Users\pcz\.m2\repository\org\springframework\boot\spring-boot-starter-security\3.3.5\spring-boot-starter-security-3.3.5.jar;C:\Users\pcz\.m2\repository\org\springframework\spring-aop\6.1.14\spring-aop-6.1.14.jar;C:\Users\pcz\.m2\repository\org\springframework\security\spring-security-config\6.3.4\spring-security-config-6.3.4.jar;C:\Users\pcz\.m2\repository\org\springframework\security\spring-security-core\6.3.4\spring-security-core-6.3.4.jar;C:\Users\pcz\.m2\repository\org\springframework\security\spring-security-crypto\6.3.4\spring-security-crypto-6.3.4.jar;C:\Users\pcz\.m2\repository\org\springframework\security\spring-security-web\6.3.4\spring-security-web-6.3.4.jar;C:\Users\pcz\.m2\repository\com\mysql\mysql-connector-j\8.3.0\mysql-connector-j-8.3.0.jar;C:\Users\pcz\.m2\repository\org\springframework\boot\spring-boot-starter-mail\3.3.5\spring-boot-starter-mail-3.3.5.jar;C:\Users\pcz\.m2\repository\org\springframework\spring-context-support\6.1.14\spring-context-support-6.1.14.jar;C:\Users\pcz\.m2\repository\org\eclipse\angus\jakarta.mail\2.0.3\jakarta.mail-2.0.3.jar;C:\Users\pcz\.m2\repository\org\eclipse\angus\angus-activation\2.0.2\angus-activation-2.0.2.jar;C:\Users\pcz\.m2\repository\org\springframework\boot\spring-boot-starter-cache\3.3.5\spring-boot-starter-cache-3.3.5.jar;C:\Users\pcz\.m2\repository\com\github\ben-manes\caffeine\caffeine\3.1.8\caffeine-3.1.8.jar;C:\Users\pcz\.m2\repository\org\checkerframework\checker-qual\3.37.0\checker-qual-3.37.0.jar;C:\Users\pcz\.m2\repository\com\google\errorprone\error_prone_annotations\2.21.1\error_prone_annotations-2.21.1.jar;C:\Users\pcz\.m2\repository\io\jsonwebtoken\jjwt\0.9.1\jjwt-0.9.1.jar;C:\Users\pcz\.m2\repository\javax\xml\bind\jaxb-api\2.1\jaxb-api-2.1.jar;C:\Users\pcz\.m2\repository\javax\xml\stream\stax-api\1.0-2\stax-api-1.0-2.jar;C:\Users\pcz\.m2\repository\javax\activation\activation\1.1\activation-1.1.jar;C:\Users\pcz\.m2\repository\org\springdoc\springdoc-openapi-starter-webmvc-ui\2.0.2\springdoc-openapi-starter-webmvc-ui-2.0.2.jar;C:\Users\pcz\.m2\repository\org\springdoc\springdoc-openapi-starter-webmvc-api\2.0.2\springdoc-openapi-starter-webmvc-api-2.0.2.jar;C:\Users\pcz\.m2\repository\org\springdoc\springdoc-openapi-starter-common\2.0.2\springdoc-openapi-starter-common-2.0.2.jar;C:\Users\pcz\.m2\repository\io\swagger\core\v3\swagger-core-jakarta\2.2.7\swagger-core-jakarta-2.2.7.jar;C:\Users\pcz\.m2\repository\io\swagger\core\v3\swagger-annotations-jakarta\2.2.7\swagger-annotations-jakarta-2.2.7.jar;C:\Users\pcz\.m2\repository\io\swagger\core\v3\swagger-models-jakarta\2.2.7\swagger-models-jakarta-2.2.7.jar;C:\Users\pcz\.m2\repository\com\fasterxml\jackson\dataformat\jackson-dataformat-yaml\2.17.2\jackson-dataformat-yaml-2.17.2.jar;C:\Users\pcz\.m2\repository\org\webjars\swagger-ui\4.15.5\swagger-ui-4.15.5.jar;C:\Users\pcz\.m2\repository\org\webjars\webjars-locator-core\0.58\webjars-locator-core-0.58.jar;C:\Users\pcz\.m2\repository\io\github\classgraph\classgraph\4.8.149\classgraph-4.8.149.jar;C:\Users\pcz\.m2\repository\org\springframework\boot\spring-boot-starter-actuator\3.3.5\spring-boot-starter-actuator-3.3.5.jar;C:\Users\pcz\.m2\repository\org\springframework\boot\spring-boot-actuator-autoconfigure\3.3.5\spring-boot-actuator-autoconfigure-3.3.5.jar;C:\Users\pcz\.m2\repository\org\springframework\boot\spring-boot-actuator\3.3.5\spring-boot-actuator-3.3.5.jar;C:\Users\pcz\.m2\repository\io\micrometer\micrometer-observation\1.13.6\micrometer-observation-1.13.6.jar;C:\Users\pcz\.m2\repository\io\micrometer\micrometer-commons\1.13.6\micrometer-commons-1.13.6.jar;C:\Users\pcz\.m2\repository\io\micrometer\micrometer-jakarta9\1.13.6\micrometer-jakarta9-1.13.6.jar;C:\Users\pcz\.m2\repository\io\micrometer\micrometer-core\1.13.6\micrometer-core-1.13.6.jar;C:\Users\pcz\.m2\repository\org\hdrhistogram\HdrHistogram\2.2.2\HdrHistogram-2.2.2.jar;C:\Users\pcz\.m2\repository\org\latencyutils\LatencyUtils\2.0.3\LatencyUtils-2.0.3.jar;C:\Users\pcz\.m2\repository\com\fasterxml\jackson\core\jackson-databind\2.17.2\jackson-databind-2.17.2.jar;C:\Users\pcz\.m2\repository\com\fasterxml\jackson\core\jackson-core\2.17.2\jackson-core-2.17.2.jar;C:\Users\pcz\.m2\repository\com\fasterxml\jackson\core\jackson-annotations\2.17.2\jackson-annotations-2.17.2.jar;C:\Users\pcz\.m2\repository\com\fasterxml\jackson\datatype\jackson-datatype-jdk8\2.17.2\jackson-datatype-jdk8-2.17.2.jar;C:\Users\pcz\.m2\repository\org\springframework\boot\spring-boot-starter-test\3.3.5\spring-boot-starter-test-3.3.5.jar;C:\Users\pcz\.m2\repository\org\springframework\boot\spring-boot-test\3.3.5\spring-boot-test-3.3.5.jar;C:\Users\pcz\.m2\repository\org\springframework\boot\spring-boot-test-autoconfigure\3.3.5\spring-boot-test-autoconfigure-3.3.5.jar;C:\Users\pcz\.m2\repository\com\jayway\jsonpath\json-path\2.9.0\json-path-2.9.0.jar;C:\Users\pcz\.m2\repository\jakarta\xml\bind\jakarta.xml.bind-api\4.0.2\jakarta.xml.bind-api-4.0.2.jar;C:\Users\pcz\.m2\repository\net\minidev\json-smart\2.5.1\json-smart-2.5.1.jar;C:\Users\pcz\.m2\repository\net\minidev\accessors-smart\2.5.1\accessors-smart-2.5.1.jar;C:\Users\pcz\.m2\repository\org\ow2\asm\asm\9.6\asm-9.6.jar;C:\Users\pcz\.m2\repository\org\assertj\assertj-core\3.25.3\assertj-core-3.25.3.jar;C:\Users\pcz\.m2\repository\org\awaitility\awaitility\4.2.2\awaitility-4.2.2.jar;C:\Users\pcz\.m2\repository\org\hamcrest\hamcrest\2.2\hamcrest-2.2.jar;C:\Users\pcz\.m2\repository\org\junit\jupiter\junit-jupiter\5.10.5\junit-jupiter-5.10.5.jar;C:\Users\pcz\.m2\repository\org\junit\jupiter\junit-jupiter-params\5.10.5\junit-jupiter-params-5.10.5.jar;C:\Users\pcz\.m2\repository\org\junit\jupiter\junit-jupiter-engine\5.10.5\junit-jupiter-engine-5.10.5.jar;C:\Users\pcz\.m2\repository\org\junit\platform\junit-platform-engine\1.10.5\junit-platform-engine-1.10.5.jar;C:\Users\pcz\.m2\repository\org\mockito\mockito-core\5.11.0\mockito-core-5.11.0.jar;C:\Users\pcz\.m2\repository\net\bytebuddy\byte-buddy-agent\1.14.19\byte-buddy-agent-1.14.19.jar;C:\Users\pcz\.m2\repository\org\objenesis\objenesis\3.3\objenesis-3.3.jar;C:\Users\pcz\.m2\repository\org\mockito\mockito-junit-jupiter\5.11.0\mockito-junit-jupiter-5.11.0.jar;C:\Users\pcz\.m2\repository\org\skyscreamer\jsonassert\1.5.3\jsonassert-1.5.3.jar;C:\Users\pcz\.m2\repository\com\vaadin\external\google\android-json\0.0.20131108.vaadin1\android-json-0.0.20131108.vaadin1.jar;C:\Users\pcz\.m2\repository\org\springframework\spring-core\6.1.14\spring-core-6.1.14.jar;C:\Users\pcz\.m2\repository\org\springframework\spring-jcl\6.1.14\spring-jcl-6.1.14.jar;C:\Users\pcz\.m2\repository\org\springframework\spring-test\6.1.14\spring-test-6.1.14.jar;C:\Users\pcz\.m2\repository\org\xmlunit\xmlunit-core\2.9.1\xmlunit-core-2.9.1.jar;C:\Users\pcz\.m2\repository\org\springframework\boot\spring-boot-devtools\3.3.5\spring-boot-devtools-3.3.5.jar;C:\Users\pcz\.m2\repository\org\springframework\boot\spring-boot\3.3.5\spring-boot-3.3.5.jar;C:\Users\pcz\.m2\repository\org\springframework\boot\spring-boot-autoconfigure\3.3.5\spring-boot-autoconfigure-3.3.5.jar;"/>
    <property name="java.vm.vendor" value="Oracle Corporation"/>
    <property name="sun.arch.data.model" value="64"/>
    <property name="user.variant" value=""/>
    <property name="java.vendor.url" value="https://java.oracle.com/"/>
    <property name="user.timezone" value="Asia/Calcutta"/>
    <property name="org.jboss.logging.provider" value="slf4j"/>
    <property name="os.name" value="Windows 10"/>
    <property name="java.vm.specification.version" value="21"/>
    <property name="sun.java.launcher" value="SUN_STANDARD"/>
    <property name="user.country" value="IN"/>
    <property name="sun.boot.library.path" value="C:\Program Files\Java\jdk-21\bin"/>
    <property name="sun.java.command" value="C:\Users\pcz\AppData\Local\Temp\surefire14929583475889960383\surefirebooter-20241201034713374_3.jar C:\Users\pcz\AppData\Local\Temp\surefire14929583475889960383 2024-12-01T03-47-13_009-jvmRun1 surefire-20241201034713374_1tmp surefire_0-20241201034713374_2tmp"/>
    <property name="jdk.debug" value="release"/>
    <property name="surefire.test.class.path" value="C:\Users\pcz\Downloads\removeGeolocation\BankingPortal-API-main\target\test-classes;C:\Users\pcz\Downloads\removeGeolocation\BankingPortal-API-main\target\classes;C:\Users\pcz\.m2\repository\org\projectlombok\lombok\1.18.34\lombok-1.18.34.jar;C:\Users\pcz\.m2\repository\com\icegreen\greenmail-junit5\2.0.0-alpha-2\greenmail-junit5-2.0.0-alpha-2.jar;C:\Users\pcz\.m2\repository\com\icegreen\greenmail\2.0.0-alpha-2\greenmail-2.0.0-alpha-2.jar;C:\Users\pcz\.m2\repository\com\sun\mail\jakarta.mail\2.0.1\jakarta.mail-2.0.1.jar;C:\Users\pcz\.m2\repository\com\sun\activation\jakarta.activation\2.0.1\jakarta.activation-2.0.1.jar;C:\Users\pcz\.m2\repository\jakarta\activation\jakarta.activation-api\2.1.3\jakarta.activation-api-2.1.3.jar;C:\Users\pcz\.m2\repository\org\slf4j\slf4j-api\2.0.16\slf4j-api-2.0.16.jar;C:\Users\pcz\.m2\repository\junit\junit\4.13.2\junit-4.13.2.jar;C:\Users\pcz\.m2\repository\org\junit\jupiter\junit-jupiter-api\5.10.5\junit-jupiter-api-5.10.5.jar;C:\Users\pcz\.m2\repository\org\opentest4j\opentest4j\1.3.0\opentest4j-1.3.0.jar;C:\Users\pcz\.m2\repository\org\junit\platform\junit-platform-commons\1.10.5\junit-platform-commons-1.10.5.jar;C:\Users\pcz\.m2\repository\org\apiguardian\apiguardian-api\1.1.2\apiguardian-api-1.1.2.jar;C:\Users\pcz\.m2\repository\com\googlecode\libphonenumber\libphonenumber\8.13.38\libphonenumber-8.13.38.jar;C:\Users\pcz\.m2\repository\com\github\javafaker\javafaker\1.0.2\javafaker-1.0.2.jar;C:\Users\pcz\.m2\repository\org\apache\commons\commons-lang3\3.14.0\commons-lang3-3.14.0.jar;C:\Users\pcz\.m2\repository\org\yaml\snakeyaml\1.23\snakeyaml-1.23-android.jar;C:\Users\pcz\.m2\repository\com\github\mifmif\generex\1.0.2\generex-1.0.2.jar;C:\Users\pcz\.m2\repository\dk\brics\automaton\automaton\1.11-8\automaton-1.11-8.jar;C:\Users\pcz\.m2\repository\org\mapstruct\mapstruct-processor\1.6.0.Beta2\mapstruct-processor-1.6.0.Beta2.jar;C:\Users\pcz\.m2\repository\org\mapstruct\mapstruct\1.6.0.Beta2\mapstruct-1.6.0.Beta2.jar;C:\Users\pcz\.m2\repository\org\springframework\boot\spring-boot-starter-data-jpa\3.3.5\spring-boot-starter-data-jpa-3.3.5.jar;C:\Users\pcz\.m2\repository\org\springframework\boot\spring-boot-starter-aop\3.3.5\spring-boot-starter-aop-3.3.5.jar;C:\Users\pcz\.m2\repository\org\aspectj\aspectjweaver\1.9.22.1\aspectjweaver-1.9.22.1.jar;C:\Users\pcz\.m2\repository\org\springframework\boot\spring-boot-starter-jdbc\3.3.5\spring-boot-starter-jdbc-3.3.5.jar;C:\Users\pcz\.m2\repository\com\zaxxer\HikariCP\5.1.0\HikariCP-5.1.0.jar;C:\Users\pcz\.m2\repository\org\springframework\spring-jdbc\6.1.14\spring-jdbc-6.1.14.jar;C:\Users\pcz\.m2\repository\org\hibernate\orm\hibernate-core\6.5.3.Final\hibernate-core-6.5.3.Final.jar;C:\Users\pcz\.m2\repository\jakarta\persistence\jakarta.persistence-api\3.1.0\jakarta.persistence-api-3.1.0.jar;C:\Users\pcz\.m2\repository\jakarta\transaction\jakarta.transaction-api\2.0.1\jakarta.transaction-api-2.0.1.jar;C:\Users\pcz\.m2\repository\org\jboss\logging\jboss-logging\3.5.3.Final\jboss-logging-3.5.3.Final.jar;C:\Users\pcz\.m2\repository\org\hibernate\common\hibernate-commons-annotations\6.0.6.Final\hibernate-commons-annotations-6.0.6.Final.jar;C:\Users\pcz\.m2\repository\io\smallrye\jandex\3.1.2\jandex-3.1.2.jar;C:\Users\pcz\.m2\repository\com\fasterxml\classmate\1.7.0\classmate-1.7.0.jar;C:\Users\pcz\.m2\repository\net\bytebuddy\byte-buddy\1.14.19\byte-buddy-1.14.19.jar;C:\Users\pcz\.m2\repository\org\glassfish\jaxb\jaxb-runtime\4.0.5\jaxb-runtime-4.0.5.jar;C:\Users\pcz\.m2\repository\org\glassfish\jaxb\jaxb-core\4.0.5\jaxb-core-4.0.5.jar;C:\Users\pcz\.m2\repository\org\glassfish\jaxb\txw2\4.0.5\txw2-4.0.5.jar;C:\Users\pcz\.m2\repository\com\sun\istack\istack-commons-runtime\4.1.2\istack-commons-runtime-4.1.2.jar;C:\Users\pcz\.m2\repository\jakarta\inject\jakarta.inject-api\2.0.1\jakarta.inject-api-2.0.1.jar;C:\Users\pcz\.m2\repository\org\antlr\antlr4-runtime\4.13.0\antlr4-runtime-4.13.0.jar;C:\Users\pcz\.m2\repository\org\springframework\data\spring-data-jpa\3.3.5\spring-data-jpa-3.3.5.jar;C:\Users\pcz\.m2\repository\org\springframework\data\spring-data-commons\3.3.5\spring-data-commons-3.3.5.jar;C:\Users\pcz\.m2\repository\org\springframework\spring-orm\6.1.14\spring-orm-6.1.14.jar;C:\Users\pcz\.m2\repository\org\springframework\spring-context\6.1.14\spring-context-6.1.14.jar;C:\Users\pcz\.m2\repository\org\springframework\spring-tx\6.1.14\spring-tx-6.1.14.jar;C:\Users\pcz\.m2\repository\org\springframework\spring-beans\6.1.14\spring-beans-6.1.14.jar;C:\Users\pcz\.m2\repository\jakarta\annotation\jakarta.annotation-api\2.1.1\jakarta.annotation-api-2.1.1.jar;C:\Users\pcz\.m2\repository\org\springframework\spring-aspects\6.1.14\spring-aspects-6.1.14.jar;C:\Users\pcz\.m2\repository\org\springframework\boot\spring-boot-starter-validation\3.3.5\spring-boot-starter-validation-3.3.5.jar;C:\Users\pcz\.m2\repository\org\springframework\boot\spring-boot-starter\3.3.5\spring-boot-starter-3.3.5.jar;C:\Users\pcz\.m2\repository\org\springframework\boot\spring-boot-starter-logging\3.3.5\spring-boot-starter-logging-3.3.5.jar;C:\Users\pcz\.m2\repository\ch\qos\logback\logback-classic\1.5.11\logback-classic-1.5.11.jar;C:\Users\pcz\.m2\repository\ch\qos\logback\logback-core\1.5.11\logback-core-1.5.11.jar;C:\Users\pcz\.m2\repository\org\apache\logging\log4j\log4j-to-slf4j\2.23.1\log4j-to-slf4j-2.23.1.jar;C:\Users\pcz\.m2\repository\org\apache\logging\log4j\log4j-api\2.23.1\log4j-api-2.23.1.jar;C:\Users\pcz\.m2\repository\org\slf4j\jul-to-slf4j\2.0.16\jul-to-slf4j-2.0.16.jar;C:\Users\pcz\.m2\repository\org\yaml\snakeyaml\2.2\snakeyaml-2.2.jar;C:\Users\pcz\.m2\repository\org\apache\tomcat\embed\tomcat-embed-el\10.1.31\tomcat-embed-el-10.1.31.jar;C:\Users\pcz\.m2\repository\org\hibernate\validator\hibernate-validator\8.0.1.Final\hibernate-validator-8.0.1.Final.jar;C:\Users\pcz\.m2\repository\jakarta\validation\jakarta.validation-api\3.0.2\jakarta.validation-api-3.0.2.jar;C:\Users\pcz\.m2\repository\org\springframework\boot\spring-boot-starter-web\3.3.5\spring-boot-starter-web-3.3.5.jar;C:\Users\pcz\.m2\repository\org\springframework\boot\spring-boot-starter-json\3.3.5\spring-boot-starter-json-3.3.5.jar;C:\Users\pcz\.m2\repository\com\fasterxml\jackson\datatype\jackson-datatype-jsr310\2.17.2\jackson-datatype-jsr310-2.17.2.jar;C:\Users\pcz\.m2\repository\com\fasterxml\jackson\module\jackson-module-parameter-names\2.17.2\jackson-module-parameter-names-2.17.2.jar;C:\Users\pcz\.m2\repository\org\springframework\boot\spring-boot-starter-tomcat\3.3.5\spring-boot-starter-tomcat-3.3.5.jar;C:\Users\pcz\.m2\repository\org\apache\tomcat\embed\tomcat-embed-core\10.1.31\tomcat-embed-core-10.1.31.jar;C:\Users\pcz\.m2\repository\org\apache\tomcat\embed\tomcat-embed-websocket\10.1.31\tomcat-embed-websocket-10.1.31.jar;C:\Users\pcz\.m2\repository\org\springframework\spring-web\6.1.14\spring-web-6.1.14.jar;C:\Users\pcz\.m2\repository\org\springframework\spring-webmvc\6.1.14\spring-webmvc-6.1.14.jar;C:\Users\pcz\.m2\repository\org\springframework\spring-expression\6.1.14\spring-expression-6.1.14.jar;C:\Users\pcz\.m2\repository\org\springframework\boot\spring-boot-starter-security\3.3.5\spring-boot-starter-security-3.3.5.jar;C:\Users\pcz\.m2\repository\org\springframework\spring-aop\6.1.14\spring-aop-6.1.14.jar;C:\Users\pcz\.m2\repository\org\springframework\security\spring-security-config\6.3.4\spring-security-config-6.3.4.jar;C:\Users\pcz\.m2\repository\org\springframework\security\spring-security-core\6.3.4\spring-security-core-6.3.4.jar;C:\Users\pcz\.m2\repository\org\springframework\security\spring-security-crypto\6.3.4\spring-security-crypto-6.3.4.jar;C:\Users\pcz\.m2\repository\org\springframework\security\spring-security-web\6.3.4\spring-security-web-6.3.4.jar;C:\Users\pcz\.m2\repository\com\mysql\mysql-connector-j\8.3.0\mysql-connector-j-8.3.0.jar;C:\Users\pcz\.m2\repository\org\springframework\boot\spring-boot-starter-mail\3.3.5\spring-boot-starter-mail-3.3.5.jar;C:\Users\pcz\.m2\repository\org\springframework\spring-context-support\6.1.14\spring-context-support-6.1.14.jar;C:\Users\pcz\.m2\repository\org\eclipse\angus\jakarta.mail\2.0.3\jakarta.mail-2.0.3.jar;C:\Users\pcz\.m2\repository\org\eclipse\angus\angus-activation\2.0.2\angus-activation-2.0.2.jar;C:\Users\pcz\.m2\repository\org\springframework\boot\spring-boot-starter-cache\3.3.5\spring-boot-starter-cache-3.3.5.jar;C:\Users\pcz\.m2\repository\com\github\ben-manes\caffeine\caffeine\3.1.8\caffeine-3.1.8.jar;C:\Users\pcz\.m2\repository\org\checkerframework\checker-qual\3.37.0\checker-qual-3.37.0.jar;C:\Users\pcz\.m2\repository\com\google\errorprone\error_prone_annotations\2.21.1\error_prone_annotations-2.21.1.jar;C:\Users\pcz\.m2\repository\io\jsonwebtoken\jjwt\0.9.1\jjwt-0.9.1.jar;C:\Users\pcz\.m2\repository\javax\xml\bind\jaxb-api\2.1\jaxb-api-2.1.jar;C:\Users\pcz\.m2\repository\javax\xml\stream\stax-api\1.0-2\stax-api-1.0-2.jar;C:\Users\pcz\.m2\repository\javax\activation\activation\1.1\activation-1.1.jar;C:\Users\pcz\.m2\repository\org\springdoc\springdoc-openapi-starter-webmvc-ui\2.0.2\springdoc-openapi-starter-webmvc-ui-2.0.2.jar;C:\Users\pcz\.m2\repository\org\springdoc\springdoc-openapi-starter-webmvc-api\2.0.2\springdoc-openapi-starter-webmvc-api-2.0.2.jar;C:\Users\pcz\.m2\repository\org\springdoc\springdoc-openapi-starter-common\2.0.2\springdoc-openapi-starter-common-2.0.2.jar;C:\Users\pcz\.m2\repository\io\swagger\core\v3\swagger-core-jakarta\2.2.7\swagger-core-jakarta-2.2.7.jar;C:\Users\pcz\.m2\repository\io\swagger\core\v3\swagger-annotations-jakarta\2.2.7\swagger-annotations-jakarta-2.2.7.jar;C:\Users\pcz\.m2\repository\io\swagger\core\v3\swagger-models-jakarta\2.2.7\swagger-models-jakarta-2.2.7.jar;C:\Users\pcz\.m2\repository\com\fasterxml\jackson\dataformat\jackson-dataformat-yaml\2.17.2\jackson-dataformat-yaml-2.17.2.jar;C:\Users\pcz\.m2\repository\org\webjars\swagger-ui\4.15.5\swagger-ui-4.15.5.jar;C:\Users\pcz\.m2\repository\org\webjars\webjars-locator-core\0.58\webjars-locator-core-0.58.jar;C:\Users\pcz\.m2\repository\io\github\classgraph\classgraph\4.8.149\classgraph-4.8.149.jar;C:\Users\pcz\.m2\repository\org\springframework\boot\spring-boot-starter-actuator\3.3.5\spring-boot-starter-actuator-3.3.5.jar;C:\Users\pcz\.m2\repository\org\springframework\boot\spring-boot-actuator-autoconfigure\3.3.5\spring-boot-actuator-autoconfigure-3.3.5.jar;C:\Users\pcz\.m2\repository\org\springframework\boot\spring-boot-actuator\3.3.5\spring-boot-actuator-3.3.5.jar;C:\Users\pcz\.m2\repository\io\micrometer\micrometer-observation\1.13.6\micrometer-observation-1.13.6.jar;C:\Users\pcz\.m2\repository\io\micrometer\micrometer-commons\1.13.6\micrometer-commons-1.13.6.jar;C:\Users\pcz\.m2\repository\io\micrometer\micrometer-jakarta9\1.13.6\micrometer-jakarta9-1.13.6.jar;C:\Users\pcz\.m2\repository\io\micrometer\micrometer-core\1.13.6\micrometer-core-1.13.6.jar;C:\Users\pcz\.m2\repository\org\hdrhistogram\HdrHistogram\2.2.2\HdrHistogram-2.2.2.jar;C:\Users\pcz\.m2\repository\org\latencyutils\LatencyUtils\2.0.3\LatencyUtils-2.0.3.jar;C:\Users\pcz\.m2\repository\com\fasterxml\jackson\core\jackson-databind\2.17.2\jackson-databind-2.17.2.jar;C:\Users\pcz\.m2\repository\com\fasterxml\jackson\core\jackson-core\2.17.2\jackson-core-2.17.2.jar;C:\Users\pcz\.m2\repository\com\fasterxml\jackson\core\jackson-annotations\2.17.2\jackson-annotations-2.17.2.jar;C:\Users\pcz\.m2\repository\com\fasterxml\jackson\datatype\jackson-datatype-jdk8\2.17.2\jackson-datatype-jdk8-2.17.2.jar;C:\Users\pcz\.m2\repository\org\springframework\boot\spring-boot-starter-test\3.3.5\spring-boot-starter-test-3.3.5.jar;C:\Users\pcz\.m2\repository\org\springframework\boot\spring-boot-test\3.3.5\spring-boot-test-3.3.5.jar;C:\Users\pcz\.m2\repository\org\springframework\boot\spring-boot-test-autoconfigure\3.3.5\spring-boot-test-autoconfigure-3.3.5.jar;C:\Users\pcz\.m2\repository\com\jayway\jsonpath\json-path\2.9.0\json-path-2.9.0.jar;C:\Users\pcz\.m2\repository\jakarta\xml\bind\jakarta.xml.bind-api\4.0.2\jakarta.xml.bind-api-4.0.2.jar;C:\Users\pcz\.m2\repository\net\minidev\json-smart\2.5.1\json-smart-2.5.1.jar;C:\Users\pcz\.m2\repository\net\minidev\accessors-smart\2.5.1\accessors-smart-2.5.1.jar;C:\Users\pcz\.m2\repository\org\ow2\asm\asm\9.6\asm-9.6.jar;C:\Users\pcz\.m2\repository\org\assertj\assertj-core\3.25.3\assertj-core-3.25.3.jar;C:\Users\pcz\.m2\repository\org\awaitility\awaitility\4.2.2\awaitility-4.2.2.jar;C:\Users\pcz\.m2\repository\org\hamcrest\hamcrest\2.2\hamcrest-2.2.jar;C:\Users\pcz\.m2\repository\org\junit\jupiter\junit-jupiter\5.10.5\junit-jupiter-5.10.5.jar;C:\Users\pcz\.m2\repository\org\junit\jupiter\junit-jupiter-params\5.10.5\junit-jupiter-params-5.10.5.jar;C:\Users\pcz\.m2\repository\org\junit\jupiter\junit-jupiter-engine\5.10.5\junit-jupiter-engine-5.10.5.jar;C:\Users\pcz\.m2\repository\org\junit\platform\junit-platform-engine\1.10.5\junit-platform-engine-1.10.5.jar;C:\Users\pcz\.m2\repository\org\mockito\mockito-core\5.11.0\mockito-core-5.11.0.jar;C:\Users\pcz\.m2\repository\net\bytebuddy\byte-buddy-agent\1.14.19\byte-buddy-agent-1.14.19.jar;C:\Users\pcz\.m2\repository\org\objenesis\objenesis\3.3\objenesis-3.3.jar;C:\Users\pcz\.m2\repository\org\mockito\mockito-junit-jupiter\5.11.0\mockito-junit-jupiter-5.11.0.jar;C:\Users\pcz\.m2\repository\org\skyscreamer\jsonassert\1.5.3\jsonassert-1.5.3.jar;C:\Users\pcz\.m2\repository\com\vaadin\external\google\android-json\0.0.20131108.vaadin1\android-json-0.0.20131108.vaadin1.jar;C:\Users\pcz\.m2\repository\org\springframework\spring-core\6.1.14\spring-core-6.1.14.jar;C:\Users\pcz\.m2\repository\org\springframework\spring-jcl\6.1.14\spring-jcl-6.1.14.jar;C:\Users\pcz\.m2\repository\org\springframework\spring-test\6.1.14\spring-test-6.1.14.jar;C:\Users\pcz\.m2\repository\org\xmlunit\xmlunit-core\2.9.1\xmlunit-core-2.9.1.jar;C:\Users\pcz\.m2\repository\org\springframework\boot\spring-boot-devtools\3.3.5\spring-boot-devtools-3.3.5.jar;C:\Users\pcz\.m2\repository\org\springframework\boot\spring-boot\3.3.5\spring-boot-3.3.5.jar;C:\Users\pcz\.m2\repository\org\springframework\boot\spring-boot-autoconfigure\3.3.5\spring-boot-autoconfigure-3.3.5.jar;"/>
    <property name="sun.cpu.endian" value="little"/>
    <property name="user.home" value="C:\Users\pcz"/>
    <property name="user.language" value="en"/>
    <property name="java.specification.vendor" value="Oracle Corporation"/>
    <property name="java.version.date" value="2023-10-17"/>
    <property name="java.home" value="C:\Program Files\Java\jdk-21"/>
    <property name="file.separator" value="\"/>
    <property name="basedir" value="C:\Users\pcz\Downloads\removeGeolocation\BankingPortal-API-main"/>
    <property name="java.vm.compressedOopsMode" value="32-bit"/>
    <property name="line.separator" value="&#10;"/>
    <property name="java.vm.specification.vendor" value="Oracle Corporation"/>
    <property name="java.specification.name" value="Java Platform API Specification"/>
    <property name="FILE_LOG_CHARSET" value="UTF-8"/>
    <property name="java.awt.headless" value="true"/>
    <property name="surefire.real.class.path" value="C:\Users\pcz\AppData\Local\Temp\surefire14929583475889960383\surefirebooter-20241201034713374_3.jar"/>
    <property name="user.script" value=""/>
    <property name="sun.management.compiler" value="HotSpot 64-Bit Tiered Compilers"/>
    <property name="java.runtime.version" value="21.0.1+12-LTS-29"/>
    <property name="user.name" value="pcz"/>
    <property name="stdout.encoding" value="Cp1252"/>
    <property name="path.separator" value=";"/>
    <property name="os.version" value="10.0"/>
    <property name="java.runtime.name" value="Java(TM) SE Runtime Environment"/>
    <property name="file.encoding" value="UTF-8"/>
    <property name="java.vm.name" value="Java HotSpot(TM) 64-Bit Server VM"/>
    <property name="localRepository" value="C:\Users\pcz\.m2\repository"/>
    <property name="java.vendor.url.bug" value="https://bugreport.java.com/bugreport/"/>
    <property name="java.io.tmpdir" value="C:\Users\pcz\AppData\Local\Temp\"/>
    <property name="com.zaxxer.hikari.pool_number" value="1"/>
    <property name="java.version" value="21.0.1"/>
    <property name="user.dir" value="C:\Users\pcz\Downloads\removeGeolocation\BankingPortal-API-main"/>
    <property name="os.arch" value="amd64"/>
    <property name="java.vm.specification.name" value="Java Virtual Machine Specification"/>
    <property name="PID" value="8260"/>
    <property name="sun.os.patch.level" value=""/>
    <property name="CONSOLE_LOG_CHARSET" value="UTF-8"/>
    <property name="native.encoding" value="Cp1252"/>
    <property name="java.library.path" value="C:\Program Files\Java\jdk-21\bin;C:\Windows\Sun\Java\bin;C:\Windows\system32;C:\Windows;C:\Python312\Scripts\;C:\Python312\;C:\Program Files\Common Files\Oracle\Java\javapath;C:\Program Files (x86)\Common Files\Oracle\Java\javapath;C:\Windows\system32;C:\Windows;C:\Windows\System32\Wbem;C:\Windows\System32\WindowsPowerShell\v1.0\;C:\Windows\System32\OpenSSH\;C:\Program Files\nodejs\;C:\ProgramData\chocolatey\bin;C:\Program Files\Git\cmd;C:\Program Files\Git LFS;C:\Users\pcz\Downloads\apache-maven-3.9.9-bin;;C:\Program Files\Docker\Docker\resources\bin;C:\Program Files\MySQL\MySQL Shell 8.0\bin\;C:\Users\pcz\AppData\Local\Microsoft\WindowsApps;C:\Users\pcz\AppData\Local\Programs\Microsoft VS Code\bin;C:\Users\pcz\AppData\Roaming\npm;C:\Users\pcz\AppData\Local\GitHubDesktop\bin;C:\Users\pcz\Downloads\apache-maven-3.9.9-bin\apache-maven-3.9.9\bin;;."/>
    <property name="java.vm.info" value="mixed mode, sharing"/>
    <property name="stderr.encoding" value="Cp1252"/>
    <property name="java.vendor" value="Oracle Corporation"/>
    <property name="java.vm.version" value="21.0.1+12-LTS-29"/>
    <property name="sun.io.unicode.encoding" value="UnicodeLittle"/>
    <property name="java.class.version" value="65.0"/>
  </properties>
  <testcase name="test_deposit_with_unauthorized_access" classname="com.webapp.bankingportal.AccountControllerTests" time="2.198">
    <system-out><![CDATA[03:47:16.223 [main] INFO org.springframework.test.context.support.AnnotationConfigContextLoaderUtils -- Could not detect default configuration classes for test class [com.webapp.bankingportal.AccountControllerTests]: AccountControllerTests does not declare any static, non-private, non-final, nested classes annotated with @Configuration.
03:47:16.518 [main] INFO org.springframework.boot.test.context.SpringBootTestContextBootstrapper -- Found @SpringBootConfiguration com.webapp.bankingportal.BankingportalApplication for test class com.webapp.bankingportal.AccountControllerTests
03:47:17.101 [main] INFO org.springframework.boot.devtools.restart.RestartApplicationListener -- Restart disabled due to context in which it is running
03:47:15,721 |-INFO in ch.qos.logback.classic.LoggerContext[default] - This is logback-classic version 1.5.11
03:47:15,729 |-INFO in ch.qos.logback.classic.util.ContextInitializer@39109136 - Here is a list of configurators discovered as a service, by rank: 
03:47:15,730 |-INFO in ch.qos.logback.classic.util.ContextInitializer@39109136 -   org.springframework.boot.logging.logback.RootLogLevelConfigurator
03:47:15,730 |-INFO in ch.qos.logback.classic.util.ContextInitializer@39109136 - They will be invoked in order until ExecutionStatus.DO_NOT_INVOKE_NEXT_IF_ANY is returned.
03:47:15,730 |-INFO in ch.qos.logback.classic.util.ContextInitializer@39109136 - Constructed configurator of type class org.springframework.boot.logging.logback.RootLogLevelConfigurator
03:47:15,763 |-INFO in ch.qos.logback.classic.util.ContextInitializer@39109136 - org.springframework.boot.logging.logback.RootLogLevelConfigurator.configure() call lasted 1 milliseconds. ExecutionStatus=INVOKE_NEXT_IF_ANY
03:47:15,763 |-INFO in ch.qos.logback.classic.util.ContextInitializer@39109136 - Trying to configure with ch.qos.logback.classic.joran.SerializedModelConfigurator
03:47:15,765 |-INFO in ch.qos.logback.classic.util.ContextInitializer@39109136 - Constructed configurator of type class ch.qos.logback.classic.joran.SerializedModelConfigurator
03:47:15,772 |-INFO in ch.qos.logback.classic.LoggerContext[default] - Could NOT find resource [logback-test.scmo]
03:47:15,773 |-INFO in ch.qos.logback.classic.LoggerContext[default] - Could NOT find resource [logback.scmo]
03:47:15,773 |-INFO in ch.qos.logback.classic.util.ContextInitializer@39109136 - ch.qos.logback.classic.joran.SerializedModelConfigurator.configure() call lasted 8 milliseconds. ExecutionStatus=INVOKE_NEXT_IF_ANY
03:47:15,773 |-INFO in ch.qos.logback.classic.util.ContextInitializer@39109136 - Trying to configure with ch.qos.logback.classic.util.DefaultJoranConfigurator
03:47:15,775 |-INFO in ch.qos.logback.classic.util.ContextInitializer@39109136 - Constructed configurator of type class ch.qos.logback.classic.util.DefaultJoranConfigurator
03:47:15,777 |-INFO in ch.qos.logback.classic.LoggerContext[default] - Could NOT find resource [logback-test.xml]
03:47:15,778 |-INFO in ch.qos.logback.classic.LoggerContext[default] - Could NOT find resource [logback.xml]
03:47:15,778 |-INFO in ch.qos.logback.classic.util.ContextInitializer@39109136 - ch.qos.logback.classic.util.DefaultJoranConfigurator.configure() call lasted 3 milliseconds. ExecutionStatus=INVOKE_NEXT_IF_ANY
03:47:15,778 |-INFO in ch.qos.logback.classic.util.ContextInitializer@39109136 - Trying to configure with ch.qos.logback.classic.BasicConfigurator
03:47:15,787 |-INFO in ch.qos.logback.classic.util.ContextInitializer@39109136 - Constructed configurator of type class ch.qos.logback.classic.BasicConfigurator
03:47:15,787 |-INFO in ch.qos.logback.classic.BasicConfigurator@27c04377 - Setting up default configuration.
03:47:15,863 |-INFO in ch.qos.logback.classic.util.ContextInitializer@39109136 - ch.qos.logback.classic.BasicConfigurator.configure() call lasted 76 milliseconds. ExecutionStatus=NEUTRAL
03:47:17,580 |-WARN in ch.qos.logback.core.joran.action.ConversionRuleAction - [converterClass] attribute is deprecated and replaced by [class]. See element [conversionRule] near line 5
03:47:17,580 |-WARN in ch.qos.logback.core.joran.action.ConversionRuleAction - [converterClass] attribute is deprecated and replaced by [class]. See element [conversionRule] near line 7
03:47:17,663 |-INFO in ch.qos.logback.core.model.processor.ConversionRuleModelHandler - registering conversion word clr with class [org.springframework.boot.logging.logback.ColorConverter]
03:47:17,663 |-INFO in ch.qos.logback.core.model.processor.ConversionRuleModelHandler - registering conversion word wEx with class [org.springframework.boot.logging.logback.WhitespaceThrowableProxyConverter]
03:47:17,673 |-INFO in ch.qos.logback.core.model.processor.ModelInterpretationContext@34dc85a - value "%clr(%d{yyyy-MM-dd HH:mm:ss.SSS}){faint} %clr(%5p) %clr([%t]){faint} %clr(:){faint} %m%n%wEx" substituted for "%clr(%d{${LOG_DATEFORMAT_PATTERN:-yyyy-MM-dd HH:mm:ss.SSS}}){faint} %clr(${LOG_LEVEL_PATTERN:-%5p}) %clr([%t]){faint} %clr(:){faint} %m%n${LOG_EXCEPTION_CONVERSION_WORD:-%wEx}"
03:47:17,675 |-INFO in ch.qos.logback.core.model.processor.AppenderModelHandler - Processing appender named [CONSOLE]
03:47:17,676 |-INFO in ch.qos.logback.core.model.processor.AppenderModelHandler - About to instantiate appender of type [ch.qos.logback.core.ConsoleAppender]
03:47:17,688 |-INFO in ch.qos.logback.core.model.processor.ImplicitModelHandler - Assuming default type [ch.qos.logback.classic.encoder.PatternLayoutEncoder] for [encoder] property
03:47:17,690 |-INFO in ch.qos.logback.core.model.processor.ModelInterpretationContext@34dc85a - value "%clr(%d{yyyy-MM-dd HH:mm:ss.SSS}){faint} %clr(%5p) %clr([%t]){faint} %clr(:){faint} %m%n%wEx" substituted for "${LOG_PATTERN}"
03:47:17,730 |-INFO in ch.qos.logback.classic.model.processor.RootLoggerModelHandler - Setting level of ROOT logger to INFO
03:47:17,730 |-INFO in ch.qos.logback.classic.jul.LevelChangePropagator@67403656 - Propagating INFO level on Logger[ROOT] onto the JUL framework
03:47:17,731 |-INFO in ch.qos.logback.core.model.processor.AppenderRefModelHandler - Attaching appender named [CONSOLE] to Logger[ROOT]
03:47:17,732 |-INFO in ch.qos.logback.core.model.processor.DefaultProcessor@5a6482a9 - End of configuration.
03:47:17,732 |-INFO in org.springframework.boot.logging.logback.SpringBootJoranConfigurator@7f9ab969 - Registering current configuration as safe fallback point


  .   ____          _            __ _ _
 /\\ / ___'_ __ _ _(_)_ __  __ _ \ \ \ \
( ( )\___ | '_ | '_| | '_ \/ _` | \ \ \ \
 \\/  ___)| |_)| | | | | || (_| |  ) ) ) )
  '  |____| .__|_| |_|_| |_\__, | / / / /
 =========|_|==============|___/=/_/_/_/

 :: Spring Boot ::                (v3.3.5)

2024-12-01 03:47:17.872  INFO [background-preinit] : HV000001: Hibernate Validator 8.0.1.Final
2024-12-01 03:47:18.061  INFO [main] : Starting AccountControllerTests using Java 21.0.1 with PID 8260 (started by pcz in C:\Users\pcz\Downloads\removeGeolocation\BankingPortal-API-main)
2024-12-01 03:47:18.064  INFO [main] : No active profile set, falling back to 1 default profile: "default"
2024-12-01 03:47:21.567  INFO [main] : Bootstrapping Spring Data JPA repositories in DEFAULT mode.
2024-12-01 03:47:21.817  INFO [main] : Finished Spring Data repository scanning in 226 ms. Found 5 JPA repository interfaces.
2024-12-01 03:47:24.249  INFO [main] : HHH000204: Processing PersistenceUnitInfo [name: default]
2024-12-01 03:47:24.457  INFO [main] : HHH000412: Hibernate ORM core version 6.5.3.Final
2024-12-01 03:47:24.591  INFO [main] : HHH000026: Second-level cache disabled
2024-12-01 03:47:25.801  INFO [main] : No LoadTimeWeaver setup: ignoring JPA class transformer
2024-12-01 03:47:25.872  INFO [main] : HikariPool-1 - Starting...
2024-12-01 03:47:28.655  INFO [main] : HikariPool-1 - Added connection com.mysql.cj.jdbc.ConnectionImpl@21a0795f
2024-12-01 03:47:28.658  INFO [main] : HikariPool-1 - Start completed.
2024-12-01 03:47:29.050  WARN [main] : HHH000511: The 5.5.62 version for [org.hibernate.dialect.MySQLDialect] is no longer supported, hence certain features may not work properly. The minimum supported version is 8.0.0. Check the community dialects project for available legacy versions.
2024-12-01 03:47:31.748  INFO [main] : HHH000489: No JTA platform available (set 'hibernate.transaction.jta.platform' to enable JTA platform integration)
2024-12-01 03:47:38.503  INFO [main] : Initialized JPA EntityManagerFactory for persistence unit 'default'
2024-12-01 03:47:40.373  WARN [main] : Global AuthenticationManager configured with an AuthenticationProvider bean. UserDetailsService beans will not be used for username/password login. Consider removing the AuthenticationProvider bean. Alternatively, consider using the UserDetailsService in a manually instantiated DaoAuthenticationProvider.
2024-12-01 03:47:45.732  INFO [main] : Exposing 1 endpoint beneath base path '/actuator'
2024-12-01 03:47:47.881  INFO [main] : Initializing Spring TestDispatcherServlet ''
2024-12-01 03:47:47.881  INFO [main] : Initializing Servlet ''
2024-12-01 03:47:47.885  INFO [main] : Completed initialization in 3 ms
2024-12-01 03:47:48.081  INFO [main] : Started AccountControllerTests in 31.002 seconds (process running for 34.44)
]]></system-out>
    <system-err><![CDATA[WARNING: A Java agent has been loaded dynamically (C:\Users\pcz\.m2\repository\net\bytebuddy\byte-buddy-agent\1.14.19\byte-buddy-agent-1.14.19.jar)
WARNING: If a serviceability tool is in use, please run with -XX:+EnableDynamicAgentLoading to hide this warning
WARNING: If a serviceability tool is not in use, please run with -Djdk.instrument.traceUsage for more information
WARNING: Dynamic loading of agents will be disallowed by default in a future release
]]></system-err>
  </testcase>
  <testcase name="test_pin_update_with_invalid_new_short_pin" classname="com.webapp.bankingportal.AccountControllerTests" time="9.529">
    <system-out><![CDATA[2024-12-01 03:47:55.264  INFO [main] : Generating token for user: 0a044b
2024-12-01 03:47:55.920  INFO [main] : Saving token for account: 0a044b
2024-12-01 03:47:58.459  INFO [main] : Updating PIN for account: 0a044b
]]></system-out>
  </testcase>
  <testcase name="test_fund_transfer_with_zero_amount" classname="com.webapp.bankingportal.AccountControllerTests" time="13.357">
    <system-out><![CDATA[2024-12-01 03:48:03.614  INFO [main] : Generating token for user: 933d71
2024-12-01 03:48:04.178  INFO [main] : Saving token for account: 933d71
2024-12-01 03:48:11.063  INFO [main] : Generating token for user: 6732fa
2024-12-01 03:48:11.622  INFO [main] : Saving token for account: 6732fa
]]></system-out>
  </testcase>
  <testcase name="test_fund_transfer_with_negative_amount" classname="com.webapp.bankingportal.AccountControllerTests" time="13.287">
    <system-out><![CDATA[2024-12-01 03:48:16.931  INFO [main] : Generating token for user: 01fe65
2024-12-01 03:48:17.486  INFO [main] : Saving token for account: 01fe65
2024-12-01 03:48:24.357  INFO [main] : Generating token for user: 787c3f
2024-12-01 03:48:24.914  INFO [main] : Saving token for account: 787c3f
]]></system-out>
  </testcase>
  <testcase name="test_pin_update_with_missing_password" classname="com.webapp.bankingportal.AccountControllerTests" time="7.334">
    <system-out><![CDATA[2024-12-01 03:48:30.216  INFO [main] : Generating token for user: d98fb1
2024-12-01 03:48:30.774  INFO [main] : Saving token for account: d98fb1
2024-12-01 03:48:33.183  INFO [main] : Updating PIN for account: d98fb1
]]></system-out>
  </testcase>
  <testcase name="test_withdraw_with_negative_amount" classname="com.webapp.bankingportal.AccountControllerTests" time="7.437">
    <system-out><![CDATA[2024-12-01 03:48:37.565  INFO [main] : Generating token for user: 812a30
2024-12-01 03:48:38.123  INFO [main] : Saving token for account: 812a30
]]></system-out>
  </testcase>
  <testcase name="test_pin_create_with_missing_pin" classname="com.webapp.bankingportal.AccountControllerTests" time="6.158">
    <system-out><![CDATA[2024-12-01 03:48:44.994  INFO [main] : Generating token for user: 9d5597
2024-12-01 03:48:45.557  INFO [main] : Saving token for account: 9d5597
]]></system-out>
  </testcase>
  <testcase name="test_pin_update_with_invalid_new_long_pin" classname="com.webapp.bankingportal.AccountControllerTests" time="8.045">
    <system-out><![CDATA[2024-12-01 03:48:51.149  INFO [main] : Generating token for user: 68d506
2024-12-01 03:48:51.706  INFO [main] : Saving token for account: 68d506
2024-12-01 03:48:54.107  INFO [main] : Updating PIN for account: 68d506
]]></system-out>
  </testcase>
  <testcase name="test_pin_create_with_invalid_long_pin" classname="com.webapp.bankingportal.AccountControllerTests" time="6.12">
    <system-out><![CDATA[2024-12-01 03:48:59.185  INFO [main] : Generating token for user: 33b0fc
2024-12-01 03:48:59.742  INFO [main] : Saving token for account: 33b0fc
]]></system-out>
  </testcase>
  <testcase name="test_pin_check_with_pin" classname="com.webapp.bankingportal.AccountControllerTests" time="7.331">
    <system-out><![CDATA[2024-12-01 03:49:05.313  INFO [main] : Generating token for user: 450d76
2024-12-01 03:49:05.872  INFO [main] : Saving token for account: 450d76
]]></system-out>
  </testcase>
  <testcase name="test_withdraw_with_insufficient_funds" classname="com.webapp.bankingportal.AccountControllerTests" time="9.453">
    <system-out><![CDATA[2024-12-01 03:49:12.654  INFO [main] : Generating token for user: e31719
2024-12-01 03:49:13.211  INFO [main] : Saving token for account: e31719
]]></system-out>
  </testcase>
  <testcase name="test_pin_update_with_invalid_old_pin" classname="com.webapp.bankingportal.AccountControllerTests" time="7.78">
    <system-out><![CDATA[2024-12-01 03:49:22.102  INFO [main] : Generating token for user: a5da42
2024-12-01 03:49:22.659  INFO [main] : Saving token for account: a5da42
2024-12-01 03:49:25.063  INFO [main] : Updating PIN for account: a5da42
]]></system-out>
  </testcase>
  <testcase name="test_fund_transfer_with_valid_data" classname="com.webapp.bankingportal.AccountControllerTests" time="14.07">
    <system-out><![CDATA[2024-12-01 03:49:29.875  INFO [main] : Generating token for user: bdc715
2024-12-01 03:49:30.435  INFO [main] : Saving token for account: bdc715
2024-12-01 03:49:37.275  INFO [main] : Generating token for user: f2e017
2024-12-01 03:49:37.832  INFO [main] : Saving token for account: f2e017
]]></system-out>
  </testcase>
  <testcase name="test_fund_transfer_with_invalid_target_account" classname="com.webapp.bankingportal.AccountControllerTests" time="9.43">
    <system-out><![CDATA[2024-12-01 03:49:43.946  INFO [main] : Generating token for user: 3ee891
2024-12-01 03:49:44.506  INFO [main] : Saving token for account: 3ee891
]]></system-out>
  </testcase>
  <testcase name="test_withdraw_with_valid_pin_and_amount" classname="com.webapp.bankingportal.AccountControllerTests" time="9.74">
    <system-out><![CDATA[2024-12-01 03:49:53.394  INFO [main] : Generating token for user: 8ab227
2024-12-01 03:49:53.951  INFO [main] : Saving token for account: 8ab227
]]></system-out>
  </testcase>
  <testcase name="test_deposit_with_missing_pin" classname="com.webapp.bankingportal.AccountControllerTests" time="7.342">
    <system-out><![CDATA[2024-12-01 03:50:03.134  INFO [main] : Generating token for user: 549b31
2024-12-01 03:50:03.691  INFO [main] : Saving token for account: 549b31
]]></system-out>
  </testcase>
  <testcase name="test_withdraw_with_missing_pin" classname="com.webapp.bankingportal.AccountControllerTests" time="7.33">
    <system-out><![CDATA[2024-12-01 03:50:10.491  INFO [main] : Generating token for user: f6e646
2024-12-01 03:50:11.048  INFO [main] : Saving token for account: f6e646
]]></system-out>
  </testcase>
  <testcase name="test_pin_update_with_invalid_password" classname="com.webapp.bankingportal.AccountControllerTests" time="7.42">
    <system-out><![CDATA[2024-12-01 03:50:17.813  INFO [main] : Generating token for user: e6df4a
2024-12-01 03:50:18.370  INFO [main] : Saving token for account: e6df4a
2024-12-01 03:50:20.786  INFO [main] : Updating PIN for account: e6df4a
]]></system-out>
  </testcase>
  <testcase name="test_pin_create_with_valid_password" classname="com.webapp.bankingportal.AccountControllerTests" time="6.191">
    <system-out><![CDATA[2024-12-01 03:50:25.220  INFO [main] : Generating token for user: f000af
2024-12-01 03:50:25.778  INFO [main] : Saving token for account: f000af
]]></system-out>
  </testcase>
  <testcase name="test_pin_create_unauthorized_access" classname="com.webapp.bankingportal.AccountControllerTests" time="0.83"/>
  <testcase name="test_pin_update_with_missing_new_pin" classname="com.webapp.bankingportal.AccountControllerTests" time="8.055">
    <system-out><![CDATA[2024-12-01 03:50:32.246  INFO [main] : Generating token for user: 043fd5
2024-12-01 03:50:32.807  INFO [main] : Saving token for account: 043fd5
2024-12-01 03:50:35.223  INFO [main] : Updating PIN for account: 043fd5
]]></system-out>
  </testcase>
  <testcase name="test_deposit_with_excessively_large_amount" classname="com.webapp.bankingportal.AccountControllerTests" time="7.385">
    <system-out><![CDATA[2024-12-01 03:50:40.299  INFO [main] : Generating token for user: 796344
2024-12-01 03:50:40.855  INFO [main] : Saving token for account: 796344
]]></system-out>
  </testcase>
  <testcase name="test_pin_create_with_missing_password" classname="com.webapp.bankingportal.AccountControllerTests" time="5.742">
    <system-out><![CDATA[2024-12-01 03:50:47.682  INFO [main] : Generating token for user: 3c2aaa
2024-12-01 03:50:48.241  INFO [main] : Saving token for account: 3c2aaa
]]></system-out>
  </testcase>
  <testcase name="test_fund_transfer_with_invalid_source_account_pin" classname="com.webapp.bankingportal.AccountControllerTests" time="13.228">
    <system-out><![CDATA[2024-12-01 03:50:53.428  INFO [main] : Generating token for user: e09ea8
2024-12-01 03:50:53.983  INFO [main] : Saving token for account: e09ea8
2024-12-01 03:51:00.827  INFO [main] : Generating token for user: 40d53d
2024-12-01 03:51:01.390  INFO [main] : Saving token for account: 40d53d
]]></system-out>
  </testcase>
  <testcase name="test_deposit_with_valid_data" classname="com.webapp.bankingportal.AccountControllerTests" time="8.14">
    <system-out><![CDATA[2024-12-01 03:51:06.658  INFO [main] : Generating token for user: ba01cb
2024-12-01 03:51:07.212  INFO [main] : Saving token for account: ba01cb
]]></system-out>
  </testcase>
  <testcase name="test_pin_update_with_unauthorized_access" classname="com.webapp.bankingportal.AccountControllerTests" time="0.874"/>
  <testcase name="test_transactions_with_authorized_access" classname="com.webapp.bankingportal.AccountControllerTests" time="9.089">
    <system-out><![CDATA[2024-12-01 03:51:15.684  INFO [main] : Generating token for user: 5bf7ac
2024-12-01 03:51:16.241  INFO [main] : Saving token for account: 5bf7ac
]]></system-out>
  </testcase>
  <testcase name="test_transactions_unauthorized_access" classname="com.webapp.bankingportal.AccountControllerTests" time="0.83"/>
  <testcase name="test_fund_transfer_with_missing_source_account_pin" classname="com.webapp.bankingportal.AccountControllerTests" time="13.46">
    <system-out><![CDATA[2024-12-01 03:51:25.620  INFO [main] : Generating token for user: 3e7796
2024-12-01 03:51:26.176  INFO [main] : Saving token for account: 3e7796
2024-12-01 03:51:32.995  INFO [main] : Generating token for user: d12ed3
2024-12-01 03:51:33.552  INFO [main] : Saving token for account: d12ed3
]]></system-out>
  </testcase>
  <testcase name="test_fund_transfer_unauthorized_access" classname="com.webapp.bankingportal.AccountControllerTests" time="12.291">
    <system-out><![CDATA[2024-12-01 03:51:39.057  INFO [main] : Generating token for user: 06bdd1
2024-12-01 03:51:39.613  INFO [main] : Saving token for account: 06bdd1
2024-12-01 03:51:46.442  INFO [main] : Generating token for user: ac592c
2024-12-01 03:51:46.998  INFO [main] : Saving token for account: ac592c
]]></system-out>
  </testcase>
  <testcase name="test_pin_create_with_invalid_short_pin" classname="com.webapp.bankingportal.AccountControllerTests" time="6.095">
    <system-out><![CDATA[2024-12-01 03:51:51.342  INFO [main] : Generating token for user: a1e579
2024-12-01 03:51:51.896  INFO [main] : Saving token for account: a1e579
]]></system-out>
  </testcase>
  <testcase name="test_fund_transfer_to_the_same_account" classname="com.webapp.bankingportal.AccountControllerTests" time="9.14">
    <system-out><![CDATA[2024-12-01 03:51:57.444  INFO [main] : Generating token for user: eee869
2024-12-01 03:51:58.000  INFO [main] : Saving token for account: eee869
]]></system-out>
  </testcase>
  <testcase name="test_fund_transfer_with_insufficient_funds" classname="com.webapp.bankingportal.AccountControllerTests" time="13.859">
    <system-out><![CDATA[2024-12-01 03:52:06.593  INFO [main] : Generating token for user: 6f80f6
2024-12-01 03:52:07.150  INFO [main] : Saving token for account: 6f80f6
2024-12-01 03:52:14.052  INFO [main] : Generating token for user: ae2575
2024-12-01 03:52:14.609  INFO [main] : Saving token for account: ae2575
]]></system-out>
  </testcase>
  <testcase name="test_pin_check_without_pin" classname="com.webapp.bankingportal.AccountControllerTests" time="5.757">
    <system-out><![CDATA[2024-12-01 03:52:20.458  INFO [main] : Generating token for user: 928d8d
2024-12-01 03:52:21.017  INFO [main] : Saving token for account: 928d8d
]]></system-out>
  </testcase>
  <testcase name="test_pin_update_with_missing_old_pin" classname="com.webapp.bankingportal.AccountControllerTests" time="7.713">
    <system-out><![CDATA[2024-12-01 03:52:26.234  INFO [main] : Generating token for user: 0535f9
2024-12-01 03:52:26.789  INFO [main] : Saving token for account: 0535f9
2024-12-01 03:52:29.205  INFO [main] : Updating PIN for account: 0535f9
]]></system-out>
  </testcase>
  <testcase name="test_deposit_with_negative_amount" classname="com.webapp.bankingportal.AccountControllerTests" time="7.429">
    <system-out><![CDATA[2024-12-01 03:52:33.934  INFO [main] : Generating token for user: a0e11d
2024-12-01 03:52:34.486  INFO [main] : Saving token for account: a0e11d
]]></system-out>
  </testcase>
  <testcase name="test_withdraw_with_zero_amount" classname="com.webapp.bankingportal.AccountControllerTests" time="7.434">
    <system-out><![CDATA[2024-12-01 03:52:41.365  INFO [main] : Generating token for user: 49e3be
2024-12-01 03:52:41.922  INFO [main] : Saving token for account: 49e3be
]]></system-out>
  </testcase>
  <testcase name="test_withdraw_with_unauthorized_access" classname="com.webapp.bankingportal.AccountControllerTests" time="0.837"/>
  <testcase name="test_fund_transfer_with_missing_target_account" classname="com.webapp.bankingportal.AccountControllerTests" time="9.484">
    <system-out><![CDATA[2024-12-01 03:52:49.642  INFO [main] : Generating token for user: 7402a1
2024-12-01 03:52:50.197  INFO [main] : Saving token for account: 7402a1
]]></system-out>
  </testcase>
  <testcase name="test_pin_update_with_valid_data" classname="com.webapp.bankingportal.AccountControllerTests" time="8.172">
    <system-out><![CDATA[2024-12-01 03:52:59.122  INFO [main] : Generating token for user: cafa14
2024-12-01 03:52:59.677  INFO [main] : Saving token for account: cafa14
2024-12-01 03:53:02.115  INFO [main] : Updating PIN for account: cafa14
]]></system-out>
  </testcase>
  <testcase name="test_deposit_with_invalid_pin" classname="com.webapp.bankingportal.AccountControllerTests" time="7.454">
    <system-out><![CDATA[2024-12-01 03:53:07.296  INFO [main] : Generating token for user: 207692
2024-12-01 03:53:07.854  INFO [main] : Saving token for account: 207692
]]></system-out>
  </testcase>
  <testcase name="test_withdraw_with_invalid_pin" classname="com.webapp.bankingportal.AccountControllerTests" time="7.442">
    <system-out><![CDATA[2024-12-01 03:53:14.780  INFO [main] : Generating token for user: 633dfc
2024-12-01 03:53:15.336  INFO [main] : Saving token for account: 633dfc
]]></system-out>
  </testcase>
  <testcase name="test_pin_check_without_authorization" classname="com.webapp.bankingportal.AccountControllerTests" time="0.837"/>
  <testcase name="test_pin_create_with_invalid_password" classname="com.webapp.bankingportal.AccountControllerTests" time="5.86">
    <system-out><![CDATA[2024-12-01 03:53:23.054  INFO [main] : Generating token for user: 27d86a
2024-12-01 03:53:23.611  INFO [main] : Saving token for account: 27d86a
]]></system-out>
  </testcase>
</testsuite>