<?xml version="1.0" encoding="UTF-8"?>
<testsuite xmlns:xsi="http://www.w3.org/2001/XMLSchema-instance" xsi:noNamespaceSchemaLocation="https://maven.apache.org/surefire/maven-surefire-plugin/xsd/surefire-test-report-3.0.xsd" version="3.0" name="com.webapp.bankingportal.AccountControllerTests" time="60.831" tests="44" errors="0" skipped="0" failures="0">
  <properties>
    <property name="java.specification.version" value="21"/>
    <property name="sun.cpu.isalist" value="amd64"/>
    <property name="sun.jnu.encoding" value="Cp1252"/>
    <property name="java.class.path" value="C:\Users\pcz\Downloads\removeGeolocation\BankingPortal-API-main\target\test-classes;C:\Users\pcz\Downloads\removeGeolocation\BankingPortal-API-main\target\classes;C:\Users\pcz\.m2\repository\org\projectlombok\lombok\1.18.34\lombok-1.18.34.jar;C:\Users\pcz\.m2\repository\com\icegreen\greenmail-junit5\2.0.0-alpha-2\greenmail-junit5-2.0.0-alpha-2.jar;C:\Users\pcz\.m2\repository\com\icegreen\greenmail\2.0.0-alpha-2\greenmail-2.0.0-alpha-2.jar;C:\Users\pcz\.m2\repository\com\sun\mail\jakarta.mail\2.0.1\jakarta.mail-2.0.1.jar;C:\Users\pcz\.m2\repository\com\sun\activation\jakarta.activation\2.0.1\jakarta.activation-2.0.1.jar;C:\Users\pcz\.m2\repository\jakarta\activation\jakarta.activation-api\2.1.3\jakarta.activation-api-2.1.3.jar;C:\Users\pcz\.m2\repository\org\slf4j\slf4j-api\2.0.16\slf4j-api-2.0.16.jar;C:\Users\pcz\.m2\repository\junit\junit\4.13.2\junit-4.13.2.jar;C:\Users\pcz\.m2\repository\org\junit\jupiter\junit-jupiter-api\5.10.5\junit-jupiter-api-5.10.5.jar;C:\Users\pcz\.m2\repository\org\opentest4j\opentest4j\1.3.0\opentest4j-1.3.0.jar;C:\Users\pcz\.m2\repository\org\junit\platform\junit-platform-commons\1.10.5\junit-platform-commons-1.10.5.jar;C:\Users\pcz\.m2\repository\org\apiguardian\apiguardian-api\1.1.2\apiguardian-api-1.1.2.jar;C:\Users\pcz\.m2\repository\com\googlecode\libphonenumber\libphonenumber\8.13.38\libphonenumber-8.13.38.jar;C:\Users\pcz\.m2\repository\com\github\javafaker\javafaker\1.0.2\javafaker-1.0.2.jar;C:\Users\pcz\.m2\repository\org\apache\commons\commons-lang3\3.14.0\commons-lang3-3.14.0.jar;C:\Users\pcz\.m2\repository\org\yaml\snakeyaml\1.23\snakeyaml-1.23-android.jar;C:\Users\pcz\.m2\repository\com\github\mifmif\generex\1.0.2\generex-1.0.2.jar;C:\Users\pcz\.m2\repository\dk\brics\automaton\automaton\1.11-8\automaton-1.11-8.jar;C:\Users\pcz\.m2\repository\org\mapstruct\mapstruct-processor\1.6.0.Beta2\mapstruct-processor-1.6.0.Beta2.jar;C:\Users\pcz\.m2\repository\org\mapstruct\mapstruct\1.6.0.Beta2\mapstruct-1.6.0.Beta2.jar;C:\Users\pcz\.m2\repository\org\springframework\boot\spring-boot-starter-data-jpa\3.3.5\spring-boot-starter-data-jpa-3.3.5.jar;C:\Users\pcz\.m2\repository\org\springframework\boot\spring-boot-starter-aop\3.3.5\spring-boot-starter-aop-3.3.5.jar;C:\Users\pcz\.m2\repository\org\aspectj\aspectjweaver\1.9.22.1\aspectjweaver-1.9.22.1.jar;C:\Users\pcz\.m2\repository\org\springframework\boot\spring-boot-starter-jdbc\3.3.5\spring-boot-starter-jdbc-3.3.5.jar;C:\Users\pcz\.m2\repository\com\zaxxer\HikariCP\5.1.0\HikariCP-5.1.0.jar;C:\Users\pcz\.m2\repository\org\springframework\spring-jdbc\6.1.14\spring-jdbc-6.1.14.jar;C:\Users\pcz\.m2\repository\org\hibernate\orm\hibernate-core\6.5.3.Final\hibernate-core-6.5.3.Final.jar;C:\Users\pcz\.m2\repository\jakarta\persistence\jakarta.persistence-api\3.1.0\jakarta.persistence-api-3.1.0.jar;C:\Users\pcz\.m2\repository\jakarta\transaction\jakarta.transaction-api\2.0.1\jakarta.transaction-api-2.0.1.jar;C:\Users\pcz\.m2\repository\org\jboss\logging\jboss-logging\3.5.3.Final\jboss-logging-3.5.3.Final.jar;C:\Users\pcz\.m2\repository\org\hibernate\common\hibernate-commons-annotations\6.0.6.Final\hibernate-commons-annotations-6.0.6.Final.jar;C:\Users\pcz\.m2\repository\io\smallrye\jandex\3.1.2\jandex-3.1.2.jar;C:\Users\pcz\.m2\repository\com\fasterxml\classmate\1.7.0\classmate-1.7.0.jar;C:\Users\pcz\.m2\repository\net\bytebuddy\byte-buddy\1.14.19\byte-buddy-1.14.19.jar;C:\Users\pcz\.m2\repository\org\glassfish\jaxb\jaxb-runtime\4.0.5\jaxb-runtime-4.0.5.jar;C:\Users\pcz\.m2\repository\org\glassfish\jaxb\jaxb-core\4.0.5\jaxb-core-4.0.5.jar;C:\Users\pcz\.m2\repository\org\glassfish\jaxb\txw2\4.0.5\txw2-4.0.5.jar;C:\Users\pcz\.m2\repository\com\sun\istack\istack-commons-runtime\4.1.2\istack-commons-runtime-4.1.2.jar;C:\Users\pcz\.m2\repository\jakarta\inject\jakarta.inject-api\2.0.1\jakarta.inject-api-2.0.1.jar;C:\Users\pcz\.m2\repository\org\antlr\antlr4-runtime\4.13.0\antlr4-runtime-4.13.0.jar;C:\Users\pcz\.m2\repository\org\springframework\data\spring-data-jpa\3.3.5\spring-data-jpa-3.3.5.jar;C:\Users\pcz\.m2\repository\org\springframework\data\spring-data-commons\3.3.5\spring-data-commons-3.3.5.jar;C:\Users\pcz\.m2\repository\org\springframework\spring-orm\6.1.14\spring-orm-6.1.14.jar;C:\Users\pcz\.m2\repository\org\springframework\spring-context\6.1.14\spring-context-6.1.14.jar;C:\Users\pcz\.m2\repository\org\springframework\spring-tx\6.1.14\spring-tx-6.1.14.jar;C:\Users\pcz\.m2\repository\org\springframework\spring-beans\6.1.14\spring-beans-6.1.14.jar;C:\Users\pcz\.m2\repository\jakarta\annotation\jakarta.annotation-api\2.1.1\jakarta.annotation-api-2.1.1.jar;C:\Users\pcz\.m2\repository\org\springframework\spring-aspects\6.1.14\spring-aspects-6.1.14.jar;C:\Users\pcz\.m2\repository\org\springframework\boot\spring-boot-starter-validation\3.3.5\spring-boot-starter-validation-3.3.5.jar;C:\Users\pcz\.m2\repository\org\springframework\boot\spring-boot-starter\3.3.5\spring-boot-starter-3.3.5.jar;C:\Users\pcz\.m2\repository\org\springframework\boot\spring-boot-starter-logging\3.3.5\spring-boot-starter-logging-3.3.5.jar;C:\Users\pcz\.m2\repository\ch\qos\logback\logback-classic\1.5.11\logback-classic-1.5.11.jar;C:\Users\pcz\.m2\repository\ch\qos\logback\logback-core\1.5.11\logback-core-1.5.11.jar;C:\Users\pcz\.m2\repository\org\apache\logging\log4j\log4j-to-slf4j\2.23.1\log4j-to-slf4j-2.23.1.jar;C:\Users\pcz\.m2\repository\org\apache\logging\log4j\log4j-api\2.23.1\log4j-api-2.23.1.jar;C:\Users\pcz\.m2\repository\org\slf4j\jul-to-slf4j\2.0.16\jul-to-slf4j-2.0.16.jar;C:\Users\pcz\.m2\repository\org\yaml\snakeyaml\2.2\snakeyaml-2.2.jar;C:\Users\pcz\.m2\repository\org\apache\tomcat\embed\tomcat-embed-el\10.1.31\tomcat-embed-el-10.1.31.jar;C:\Users\pcz\.m2\repository\org\hibernate\validator\hibernate-validator\8.0.1.Final\hibernate-validator-8.0.1.Final.jar;C:\Users\pcz\.m2\repository\jakarta\validation\jakarta.validation-api\3.0.2\jakarta.validation-api-3.0.2.jar;C:\Users\pcz\.m2\repository\org\springframework\boot\spring-boot-starter-web\3.3.5\spring-boot-starter-web-3.3.5.jar;C:\Users\pcz\.m2\repository\org\springframework\boot\spring-boot-starter-json\3.3.5\spring-boot-starter-json-3.3.5.jar;C:\Users\pcz\.m2\repository\com\fasterxml\jackson\datatype\jackson-datatype-jsr310\2.17.2\jackson-datatype-jsr310-2.17.2.jar;C:\Users\pcz\.m2\repository\com\fasterxml\jackson\module\jackson-module-parameter-names\2.17.2\jackson-module-parameter-names-2.17.2.jar;C:\Users\pcz\.m2\repository\org\springframework\boot\spring-boot-starter-tomcat\3.3.5\spring-boot-starter-tomcat-3.3.5.jar;C:\Users\pcz\.m2\repository\org\apache\tomcat\embed\tomcat-embed-core\10.1.31\tomcat-embed-core-10.1.31.jar;C:\Users\pcz\.m2\repository\org\apache\tomcat\embed\tomcat-embed-websocket\10.1.31\tomcat-embed-websocket-10.1.31.jar;C:\Users\pcz\.m2\repository\org\springframework\spring-web\6.1.14\spring-web-6.1.14.jar;C:\Users\pcz\.m2\repository\org\springframework\spring-webmvc\6.1.14\spring-webmvc-6.1.14.jar;C:\Users\pcz\.m2\repository\org\springframework\spring-expression\6.1.14\spring-expression-6.1.14.jar;C:\Users\pcz\.m2\repository\org\springframework\boot\spring-boot-starter-security\3.3.5\spring-boot-starter-security-3.3.5.jar;C:\Users\pcz\.m2\repository\org\springframework\spring-aop\6.1.14\spring-aop-6.1.14.jar;C:\Users\pcz\.m2\repository\org\springframework\security\spring-security-config\6.3.4\spring-security-config-6.3.4.jar;C:\Users\pcz\.m2\repository\org\springframework\security\spring-security-core\6.3.4\spring-security-core-6.3.4.jar;C:\Users\pcz\.m2\repository\org\springframework\security\spring-security-crypto\6.3.4\spring-security-crypto-6.3.4.jar;C:\Users\pcz\.m2\repository\org\springframework\security\spring-security-web\6.3.4\spring-security-web-6.3.4.jar;C:\Users\pcz\.m2\repository\com\mysql\mysql-connector-j\8.3.0\mysql-connector-j-8.3.0.jar;C:\Users\pcz\.m2\repository\org\springframework\boot\spring-boot-starter-mail\3.3.5\spring-boot-starter-mail-3.3.5.jar;C:\Users\pcz\.m2\repository\org\springframework\spring-context-support\6.1.14\spring-context-support-6.1.14.jar;C:\Users\pcz\.m2\repository\org\eclipse\angus\jakarta.mail\2.0.3\jakarta.mail-2.0.3.jar;C:\Users\pcz\.m2\repository\org\eclipse\angus\angus-activation\2.0.2\angus-activation-2.0.2.jar;C:\Users\pcz\.m2\repository\org\springframework\boot\spring-boot-starter-cache\3.3.5\spring-boot-starter-cache-3.3.5.jar;C:\Users\pcz\.m2\repository\com\github\ben-manes\caffeine\caffeine\3.1.8\caffeine-3.1.8.jar;C:\Users\pcz\.m2\repository\org\checkerframework\checker-qual\3.37.0\checker-qual-3.37.0.jar;C:\Users\pcz\.m2\repository\com\google\errorprone\error_prone_annotations\2.21.1\error_prone_annotations-2.21.1.jar;C:\Users\pcz\.m2\repository\io\jsonwebtoken\jjwt\0.9.1\jjwt-0.9.1.jar;C:\Users\pcz\.m2\repository\javax\xml\bind\jaxb-api\2.1\jaxb-api-2.1.jar;C:\Users\pcz\.m2\repository\javax\xml\stream\stax-api\1.0-2\stax-api-1.0-2.jar;C:\Users\pcz\.m2\repository\javax\activation\activation\1.1\activation-1.1.jar;C:\Users\pcz\.m2\repository\org\springdoc\springdoc-openapi-starter-webmvc-ui\2.0.2\springdoc-openapi-starter-webmvc-ui-2.0.2.jar;C:\Users\pcz\.m2\repository\org\springdoc\springdoc-openapi-starter-webmvc-api\2.0.2\springdoc-openapi-starter-webmvc-api-2.0.2.jar;C:\Users\pcz\.m2\repository\org\springdoc\springdoc-openapi-starter-common\2.0.2\springdoc-openapi-starter-common-2.0.2.jar;C:\Users\pcz\.m2\repository\io\swagger\core\v3\swagger-core-jakarta\2.2.7\swagger-core-jakarta-2.2.7.jar;C:\Users\pcz\.m2\repository\io\swagger\core\v3\swagger-annotations-jakarta\2.2.7\swagger-annotations-jakarta-2.2.7.jar;C:\Users\pcz\.m2\repository\io\swagger\core\v3\swagger-models-jakarta\2.2.7\swagger-models-jakarta-2.2.7.jar;C:\Users\pcz\.m2\repository\com\fasterxml\jackson\dataformat\jackson-dataformat-yaml\2.17.2\jackson-dataformat-yaml-2.17.2.jar;C:\Users\pcz\.m2\repository\org\webjars\swagger-ui\4.15.5\swagger-ui-4.15.5.jar;C:\Users\pcz\.m2\repository\org\webjars\webjars-locator-core\0.58\webjars-locator-core-0.58.jar;C:\Users\pcz\.m2\repository\io\github\classgraph\classgraph\4.8.149\classgraph-4.8.149.jar;C:\Users\pcz\.m2\repository\org\springframework\boot\spring-boot-starter-actuator\3.3.5\spring-boot-starter-actuator-3.3.5.jar;C:\Users\pcz\.m2\repository\org\springframework\boot\spring-boot-actuator-autoconfigure\3.3.5\spring-boot-actuator-autoconfigure-3.3.5.jar;C:\Users\pcz\.m2\repository\org\springframework\boot\spring-boot-actuator\3.3.5\spring-boot-actuator-3.3.5.jar;C:\Users\pcz\.m2\repository\io\micrometer\micrometer-observation\1.13.6\micrometer-observation-1.13.6.jar;C:\Users\pcz\.m2\repository\io\micrometer\micrometer-commons\1.13.6\micrometer-commons-1.13.6.jar;C:\Users\pcz\.m2\repository\io\micrometer\micrometer-jakarta9\1.13.6\micrometer-jakarta9-1.13.6.jar;C:\Users\pcz\.m2\repository\io\micrometer\micrometer-core\1.13.6\micrometer-core-1.13.6.jar;C:\Users\pcz\.m2\repository\org\hdrhistogram\HdrHistogram\2.2.2\HdrHistogram-2.2.2.jar;C:\Users\pcz\.m2\repository\org\latencyutils\LatencyUtils\2.0.3\LatencyUtils-2.0.3.jar;C:\Users\pcz\.m2\repository\com\fasterxml\jackson\core\jackson-databind\2.17.2\jackson-databind-2.17.2.jar;C:\Users\pcz\.m2\repository\com\fasterxml\jackson\core\jackson-core\2.17.2\jackson-core-2.17.2.jar;C:\Users\pcz\.m2\repository\com\fasterxml\jackson\core\jackson-annotations\2.17.2\jackson-annotations-2.17.2.jar;C:\Users\pcz\.m2\repository\com\fasterxml\jackson\datatype\jackson-datatype-jdk8\2.17.2\jackson-datatype-jdk8-2.17.2.jar;C:\Users\pcz\.m2\repository\org\springframework\boot\spring-boot-starter-test\3.3.5\spring-boot-starter-test-3.3.5.jar;C:\Users\pcz\.m2\repository\org\springframework\boot\spring-boot-test\3.3.5\spring-boot-test-3.3.5.jar;C:\Users\pcz\.m2\repository\org\springframework\boot\spring-boot-test-autoconfigure\3.3.5\spring-boot-test-autoconfigure-3.3.5.jar;C:\Users\pcz\.m2\repository\com\jayway\jsonpath\json-path\2.9.0\json-path-2.9.0.jar;C:\Users\pcz\.m2\repository\jakarta\xml\bind\jakarta.xml.bind-api\4.0.2\jakarta.xml.bind-api-4.0.2.jar;C:\Users\pcz\.m2\repository\net\minidev\json-smart\2.5.1\json-smart-2.5.1.jar;C:\Users\pcz\.m2\repository\net\minidev\accessors-smart\2.5.1\accessors-smart-2.5.1.jar;C:\Users\pcz\.m2\repository\org\ow2\asm\asm\9.6\asm-9.6.jar;C:\Users\pcz\.m2\repository\org\assertj\assertj-core\3.25.3\assertj-core-3.25.3.jar;C:\Users\pcz\.m2\repository\org\awaitility\awaitility\4.2.2\awaitility-4.2.2.jar;C:\Users\pcz\.m2\repository\org\hamcrest\hamcrest\2.2\hamcrest-2.2.jar;C:\Users\pcz\.m2\repository\org\junit\jupiter\junit-jupiter\5.10.5\junit-jupiter-5.10.5.jar;C:\Users\pcz\.m2\repository\org\junit\jupiter\junit-jupiter-params\5.10.5\junit-jupiter-params-5.10.5.jar;C:\Users\pcz\.m2\repository\org\junit\jupiter\junit-jupiter-engine\5.10.5\junit-jupiter-engine-5.10.5.jar;C:\Users\pcz\.m2\repository\org\junit\platform\junit-platform-engine\1.10.5\junit-platform-engine-1.10.5.jar;C:\Users\pcz\.m2\repository\org\mockito\mockito-core\5.11.0\mockito-core-5.11.0.jar;C:\Users\pcz\.m2\repository\net\bytebuddy\byte-buddy-agent\1.14.19\byte-buddy-agent-1.14.19.jar;C:\Users\pcz\.m2\repository\org\objenesis\objenesis\3.3\objenesis-3.3.jar;C:\Users\pcz\.m2\repository\org\mockito\mockito-junit-jupiter\5.11.0\mockito-junit-jupiter-5.11.0.jar;C:\Users\pcz\.m2\repository\org\skyscreamer\jsonassert\1.5.3\jsonassert-1.5.3.jar;C:\Users\pcz\.m2\repository\com\vaadin\external\google\android-json\0.0.20131108.vaadin1\android-json-0.0.20131108.vaadin1.jar;C:\Users\pcz\.m2\repository\org\springframework\spring-core\6.1.14\spring-core-6.1.14.jar;C:\Users\pcz\.m2\repository\org\springframework\spring-jcl\6.1.14\spring-jcl-6.1.14.jar;C:\Users\pcz\.m2\repository\org\springframework\spring-test\6.1.14\spring-test-6.1.14.jar;C:\Users\pcz\.m2\repository\org\xmlunit\xmlunit-core\2.9.1\xmlunit-core-2.9.1.jar;C:\Users\pcz\.m2\repository\org\springframework\boot\spring-boot-devtools\3.3.5\spring-boot-devtools-3.3.5.jar;C:\Users\pcz\.m2\repository\org\springframework\boot\spring-boot\3.3.5\spring-boot-3.3.5.jar;C:\Users\pcz\.m2\repository\org\springframework\boot\spring-boot-autoconfigure\3.3.5\spring-boot-autoconfigure-3.3.5.jar;"/>
    <property name="java.vm.vendor" value="Oracle Corporation"/>
    <property name="sun.arch.data.model" value="64"/>
    <property name="user.variant" value=""/>
    <property name="java.vendor.url" value="https://java.oracle.com/"/>
    <property name="user.timezone" value="Asia/Calcutta"/>
    <property name="org.jboss.logging.provider" value="slf4j"/>
    <property name="os.name" value="Windows 10"/>
    <property name="java.vm.specification.version" value="21"/>
    <property name="sun.java.launcher" value="SUN_STANDARD"/>
    <property name="user.country" value="IN"/>
    <property name="sun.boot.library.path" value="C:\Program Files\Java\jdk-21\bin"/>
    <property name="sun.java.command" value="C:\Users\pcz\AppData\Local\Temp\surefire658798188955686445\surefirebooter-20241201213506325_3.jar C:\Users\pcz\AppData\Local\Temp\surefire658798188955686445 2024-12-01T21-35-05_968-jvmRun1 surefire-20241201213506325_1tmp surefire_0-20241201213506325_2tmp"/>
    <property name="jdk.debug" value="release"/>
    <property name="surefire.test.class.path" value="C:\Users\pcz\Downloads\removeGeolocation\BankingPortal-API-main\target\test-classes;C:\Users\pcz\Downloads\removeGeolocation\BankingPortal-API-main\target\classes;C:\Users\pcz\.m2\repository\org\projectlombok\lombok\1.18.34\lombok-1.18.34.jar;C:\Users\pcz\.m2\repository\com\icegreen\greenmail-junit5\2.0.0-alpha-2\greenmail-junit5-2.0.0-alpha-2.jar;C:\Users\pcz\.m2\repository\com\icegreen\greenmail\2.0.0-alpha-2\greenmail-2.0.0-alpha-2.jar;C:\Users\pcz\.m2\repository\com\sun\mail\jakarta.mail\2.0.1\jakarta.mail-2.0.1.jar;C:\Users\pcz\.m2\repository\com\sun\activation\jakarta.activation\2.0.1\jakarta.activation-2.0.1.jar;C:\Users\pcz\.m2\repository\jakarta\activation\jakarta.activation-api\2.1.3\jakarta.activation-api-2.1.3.jar;C:\Users\pcz\.m2\repository\org\slf4j\slf4j-api\2.0.16\slf4j-api-2.0.16.jar;C:\Users\pcz\.m2\repository\junit\junit\4.13.2\junit-4.13.2.jar;C:\Users\pcz\.m2\repository\org\junit\jupiter\junit-jupiter-api\5.10.5\junit-jupiter-api-5.10.5.jar;C:\Users\pcz\.m2\repository\org\opentest4j\opentest4j\1.3.0\opentest4j-1.3.0.jar;C:\Users\pcz\.m2\repository\org\junit\platform\junit-platform-commons\1.10.5\junit-platform-commons-1.10.5.jar;C:\Users\pcz\.m2\repository\org\apiguardian\apiguardian-api\1.1.2\apiguardian-api-1.1.2.jar;C:\Users\pcz\.m2\repository\com\googlecode\libphonenumber\libphonenumber\8.13.38\libphonenumber-8.13.38.jar;C:\Users\pcz\.m2\repository\com\github\javafaker\javafaker\1.0.2\javafaker-1.0.2.jar;C:\Users\pcz\.m2\repository\org\apache\commons\commons-lang3\3.14.0\commons-lang3-3.14.0.jar;C:\Users\pcz\.m2\repository\org\yaml\snakeyaml\1.23\snakeyaml-1.23-android.jar;C:\Users\pcz\.m2\repository\com\github\mifmif\generex\1.0.2\generex-1.0.2.jar;C:\Users\pcz\.m2\repository\dk\brics\automaton\automaton\1.11-8\automaton-1.11-8.jar;C:\Users\pcz\.m2\repository\org\mapstruct\mapstruct-processor\1.6.0.Beta2\mapstruct-processor-1.6.0.Beta2.jar;C:\Users\pcz\.m2\repository\org\mapstruct\mapstruct\1.6.0.Beta2\mapstruct-1.6.0.Beta2.jar;C:\Users\pcz\.m2\repository\org\springframework\boot\spring-boot-starter-data-jpa\3.3.5\spring-boot-starter-data-jpa-3.3.5.jar;C:\Users\pcz\.m2\repository\org\springframework\boot\spring-boot-starter-aop\3.3.5\spring-boot-starter-aop-3.3.5.jar;C:\Users\pcz\.m2\repository\org\aspectj\aspectjweaver\1.9.22.1\aspectjweaver-1.9.22.1.jar;C:\Users\pcz\.m2\repository\org\springframework\boot\spring-boot-starter-jdbc\3.3.5\spring-boot-starter-jdbc-3.3.5.jar;C:\Users\pcz\.m2\repository\com\zaxxer\HikariCP\5.1.0\HikariCP-5.1.0.jar;C:\Users\pcz\.m2\repository\org\springframework\spring-jdbc\6.1.14\spring-jdbc-6.1.14.jar;C:\Users\pcz\.m2\repository\org\hibernate\orm\hibernate-core\6.5.3.Final\hibernate-core-6.5.3.Final.jar;C:\Users\pcz\.m2\repository\jakarta\persistence\jakarta.persistence-api\3.1.0\jakarta.persistence-api-3.1.0.jar;C:\Users\pcz\.m2\repository\jakarta\transaction\jakarta.transaction-api\2.0.1\jakarta.transaction-api-2.0.1.jar;C:\Users\pcz\.m2\repository\org\jboss\logging\jboss-logging\3.5.3.Final\jboss-logging-3.5.3.Final.jar;C:\Users\pcz\.m2\repository\org\hibernate\common\hibernate-commons-annotations\6.0.6.Final\hibernate-commons-annotations-6.0.6.Final.jar;C:\Users\pcz\.m2\repository\io\smallrye\jandex\3.1.2\jandex-3.1.2.jar;C:\Users\pcz\.m2\repository\com\fasterxml\classmate\1.7.0\classmate-1.7.0.jar;C:\Users\pcz\.m2\repository\net\bytebuddy\byte-buddy\1.14.19\byte-buddy-1.14.19.jar;C:\Users\pcz\.m2\repository\org\glassfish\jaxb\jaxb-runtime\4.0.5\jaxb-runtime-4.0.5.jar;C:\Users\pcz\.m2\repository\org\glassfish\jaxb\jaxb-core\4.0.5\jaxb-core-4.0.5.jar;C:\Users\pcz\.m2\repository\org\glassfish\jaxb\txw2\4.0.5\txw2-4.0.5.jar;C:\Users\pcz\.m2\repository\com\sun\istack\istack-commons-runtime\4.1.2\istack-commons-runtime-4.1.2.jar;C:\Users\pcz\.m2\repository\jakarta\inject\jakarta.inject-api\2.0.1\jakarta.inject-api-2.0.1.jar;C:\Users\pcz\.m2\repository\org\antlr\antlr4-runtime\4.13.0\antlr4-runtime-4.13.0.jar;C:\Users\pcz\.m2\repository\org\springframework\data\spring-data-jpa\3.3.5\spring-data-jpa-3.3.5.jar;C:\Users\pcz\.m2\repository\org\springframework\data\spring-data-commons\3.3.5\spring-data-commons-3.3.5.jar;C:\Users\pcz\.m2\repository\org\springframework\spring-orm\6.1.14\spring-orm-6.1.14.jar;C:\Users\pcz\.m2\repository\org\springframework\spring-context\6.1.14\spring-context-6.1.14.jar;C:\Users\pcz\.m2\repository\org\springframework\spring-tx\6.1.14\spring-tx-6.1.14.jar;C:\Users\pcz\.m2\repository\org\springframework\spring-beans\6.1.14\spring-beans-6.1.14.jar;C:\Users\pcz\.m2\repository\jakarta\annotation\jakarta.annotation-api\2.1.1\jakarta.annotation-api-2.1.1.jar;C:\Users\pcz\.m2\repository\org\springframework\spring-aspects\6.1.14\spring-aspects-6.1.14.jar;C:\Users\pcz\.m2\repository\org\springframework\boot\spring-boot-starter-validation\3.3.5\spring-boot-starter-validation-3.3.5.jar;C:\Users\pcz\.m2\repository\org\springframework\boot\spring-boot-starter\3.3.5\spring-boot-starter-3.3.5.jar;C:\Users\pcz\.m2\repository\org\springframework\boot\spring-boot-starter-logging\3.3.5\spring-boot-starter-logging-3.3.5.jar;C:\Users\pcz\.m2\repository\ch\qos\logback\logback-classic\1.5.11\logback-classic-1.5.11.jar;C:\Users\pcz\.m2\repository\ch\qos\logback\logback-core\1.5.11\logback-core-1.5.11.jar;C:\Users\pcz\.m2\repository\org\apache\logging\log4j\log4j-to-slf4j\2.23.1\log4j-to-slf4j-2.23.1.jar;C:\Users\pcz\.m2\repository\org\apache\logging\log4j\log4j-api\2.23.1\log4j-api-2.23.1.jar;C:\Users\pcz\.m2\repository\org\slf4j\jul-to-slf4j\2.0.16\jul-to-slf4j-2.0.16.jar;C:\Users\pcz\.m2\repository\org\yaml\snakeyaml\2.2\snakeyaml-2.2.jar;C:\Users\pcz\.m2\repository\org\apache\tomcat\embed\tomcat-embed-el\10.1.31\tomcat-embed-el-10.1.31.jar;C:\Users\pcz\.m2\repository\org\hibernate\validator\hibernate-validator\8.0.1.Final\hibernate-validator-8.0.1.Final.jar;C:\Users\pcz\.m2\repository\jakarta\validation\jakarta.validation-api\3.0.2\jakarta.validation-api-3.0.2.jar;C:\Users\pcz\.m2\repository\org\springframework\boot\spring-boot-starter-web\3.3.5\spring-boot-starter-web-3.3.5.jar;C:\Users\pcz\.m2\repository\org\springframework\boot\spring-boot-starter-json\3.3.5\spring-boot-starter-json-3.3.5.jar;C:\Users\pcz\.m2\repository\com\fasterxml\jackson\datatype\jackson-datatype-jsr310\2.17.2\jackson-datatype-jsr310-2.17.2.jar;C:\Users\pcz\.m2\repository\com\fasterxml\jackson\module\jackson-module-parameter-names\2.17.2\jackson-module-parameter-names-2.17.2.jar;C:\Users\pcz\.m2\repository\org\springframework\boot\spring-boot-starter-tomcat\3.3.5\spring-boot-starter-tomcat-3.3.5.jar;C:\Users\pcz\.m2\repository\org\apache\tomcat\embed\tomcat-embed-core\10.1.31\tomcat-embed-core-10.1.31.jar;C:\Users\pcz\.m2\repository\org\apache\tomcat\embed\tomcat-embed-websocket\10.1.31\tomcat-embed-websocket-10.1.31.jar;C:\Users\pcz\.m2\repository\org\springframework\spring-web\6.1.14\spring-web-6.1.14.jar;C:\Users\pcz\.m2\repository\org\springframework\spring-webmvc\6.1.14\spring-webmvc-6.1.14.jar;C:\Users\pcz\.m2\repository\org\springframework\spring-expression\6.1.14\spring-expression-6.1.14.jar;C:\Users\pcz\.m2\repository\org\springframework\boot\spring-boot-starter-security\3.3.5\spring-boot-starter-security-3.3.5.jar;C:\Users\pcz\.m2\repository\org\springframework\spring-aop\6.1.14\spring-aop-6.1.14.jar;C:\Users\pcz\.m2\repository\org\springframework\security\spring-security-config\6.3.4\spring-security-config-6.3.4.jar;C:\Users\pcz\.m2\repository\org\springframework\security\spring-security-core\6.3.4\spring-security-core-6.3.4.jar;C:\Users\pcz\.m2\repository\org\springframework\security\spring-security-crypto\6.3.4\spring-security-crypto-6.3.4.jar;C:\Users\pcz\.m2\repository\org\springframework\security\spring-security-web\6.3.4\spring-security-web-6.3.4.jar;C:\Users\pcz\.m2\repository\com\mysql\mysql-connector-j\8.3.0\mysql-connector-j-8.3.0.jar;C:\Users\pcz\.m2\repository\org\springframework\boot\spring-boot-starter-mail\3.3.5\spring-boot-starter-mail-3.3.5.jar;C:\Users\pcz\.m2\repository\org\springframework\spring-context-support\6.1.14\spring-context-support-6.1.14.jar;C:\Users\pcz\.m2\repository\org\eclipse\angus\jakarta.mail\2.0.3\jakarta.mail-2.0.3.jar;C:\Users\pcz\.m2\repository\org\eclipse\angus\angus-activation\2.0.2\angus-activation-2.0.2.jar;C:\Users\pcz\.m2\repository\org\springframework\boot\spring-boot-starter-cache\3.3.5\spring-boot-starter-cache-3.3.5.jar;C:\Users\pcz\.m2\repository\com\github\ben-manes\caffeine\caffeine\3.1.8\caffeine-3.1.8.jar;C:\Users\pcz\.m2\repository\org\checkerframework\checker-qual\3.37.0\checker-qual-3.37.0.jar;C:\Users\pcz\.m2\repository\com\google\errorprone\error_prone_annotations\2.21.1\error_prone_annotations-2.21.1.jar;C:\Users\pcz\.m2\repository\io\jsonwebtoken\jjwt\0.9.1\jjwt-0.9.1.jar;C:\Users\pcz\.m2\repository\javax\xml\bind\jaxb-api\2.1\jaxb-api-2.1.jar;C:\Users\pcz\.m2\repository\javax\xml\stream\stax-api\1.0-2\stax-api-1.0-2.jar;C:\Users\pcz\.m2\repository\javax\activation\activation\1.1\activation-1.1.jar;C:\Users\pcz\.m2\repository\org\springdoc\springdoc-openapi-starter-webmvc-ui\2.0.2\springdoc-openapi-starter-webmvc-ui-2.0.2.jar;C:\Users\pcz\.m2\repository\org\springdoc\springdoc-openapi-starter-webmvc-api\2.0.2\springdoc-openapi-starter-webmvc-api-2.0.2.jar;C:\Users\pcz\.m2\repository\org\springdoc\springdoc-openapi-starter-common\2.0.2\springdoc-openapi-starter-common-2.0.2.jar;C:\Users\pcz\.m2\repository\io\swagger\core\v3\swagger-core-jakarta\2.2.7\swagger-core-jakarta-2.2.7.jar;C:\Users\pcz\.m2\repository\io\swagger\core\v3\swagger-annotations-jakarta\2.2.7\swagger-annotations-jakarta-2.2.7.jar;C:\Users\pcz\.m2\repository\io\swagger\core\v3\swagger-models-jakarta\2.2.7\swagger-models-jakarta-2.2.7.jar;C:\Users\pcz\.m2\repository\com\fasterxml\jackson\dataformat\jackson-dataformat-yaml\2.17.2\jackson-dataformat-yaml-2.17.2.jar;C:\Users\pcz\.m2\repository\org\webjars\swagger-ui\4.15.5\swagger-ui-4.15.5.jar;C:\Users\pcz\.m2\repository\org\webjars\webjars-locator-core\0.58\webjars-locator-core-0.58.jar;C:\Users\pcz\.m2\repository\io\github\classgraph\classgraph\4.8.149\classgraph-4.8.149.jar;C:\Users\pcz\.m2\repository\org\springframework\boot\spring-boot-starter-actuator\3.3.5\spring-boot-starter-actuator-3.3.5.jar;C:\Users\pcz\.m2\repository\org\springframework\boot\spring-boot-actuator-autoconfigure\3.3.5\spring-boot-actuator-autoconfigure-3.3.5.jar;C:\Users\pcz\.m2\repository\org\springframework\boot\spring-boot-actuator\3.3.5\spring-boot-actuator-3.3.5.jar;C:\Users\pcz\.m2\repository\io\micrometer\micrometer-observation\1.13.6\micrometer-observation-1.13.6.jar;C:\Users\pcz\.m2\repository\io\micrometer\micrometer-commons\1.13.6\micrometer-commons-1.13.6.jar;C:\Users\pcz\.m2\repository\io\micrometer\micrometer-jakarta9\1.13.6\micrometer-jakarta9-1.13.6.jar;C:\Users\pcz\.m2\repository\io\micrometer\micrometer-core\1.13.6\micrometer-core-1.13.6.jar;C:\Users\pcz\.m2\repository\org\hdrhistogram\HdrHistogram\2.2.2\HdrHistogram-2.2.2.jar;C:\Users\pcz\.m2\repository\org\latencyutils\LatencyUtils\2.0.3\LatencyUtils-2.0.3.jar;C:\Users\pcz\.m2\repository\com\fasterxml\jackson\core\jackson-databind\2.17.2\jackson-databind-2.17.2.jar;C:\Users\pcz\.m2\repository\com\fasterxml\jackson\core\jackson-core\2.17.2\jackson-core-2.17.2.jar;C:\Users\pcz\.m2\repository\com\fasterxml\jackson\core\jackson-annotations\2.17.2\jackson-annotations-2.17.2.jar;C:\Users\pcz\.m2\repository\com\fasterxml\jackson\datatype\jackson-datatype-jdk8\2.17.2\jackson-datatype-jdk8-2.17.2.jar;C:\Users\pcz\.m2\repository\org\springframework\boot\spring-boot-starter-test\3.3.5\spring-boot-starter-test-3.3.5.jar;C:\Users\pcz\.m2\repository\org\springframework\boot\spring-boot-test\3.3.5\spring-boot-test-3.3.5.jar;C:\Users\pcz\.m2\repository\org\springframework\boot\spring-boot-test-autoconfigure\3.3.5\spring-boot-test-autoconfigure-3.3.5.jar;C:\Users\pcz\.m2\repository\com\jayway\jsonpath\json-path\2.9.0\json-path-2.9.0.jar;C:\Users\pcz\.m2\repository\jakarta\xml\bind\jakarta.xml.bind-api\4.0.2\jakarta.xml.bind-api-4.0.2.jar;C:\Users\pcz\.m2\repository\net\minidev\json-smart\2.5.1\json-smart-2.5.1.jar;C:\Users\pcz\.m2\repository\net\minidev\accessors-smart\2.5.1\accessors-smart-2.5.1.jar;C:\Users\pcz\.m2\repository\org\ow2\asm\asm\9.6\asm-9.6.jar;C:\Users\pcz\.m2\repository\org\assertj\assertj-core\3.25.3\assertj-core-3.25.3.jar;C:\Users\pcz\.m2\repository\org\awaitility\awaitility\4.2.2\awaitility-4.2.2.jar;C:\Users\pcz\.m2\repository\org\hamcrest\hamcrest\2.2\hamcrest-2.2.jar;C:\Users\pcz\.m2\repository\org\junit\jupiter\junit-jupiter\5.10.5\junit-jupiter-5.10.5.jar;C:\Users\pcz\.m2\repository\org\junit\jupiter\junit-jupiter-params\5.10.5\junit-jupiter-params-5.10.5.jar;C:\Users\pcz\.m2\repository\org\junit\jupiter\junit-jupiter-engine\5.10.5\junit-jupiter-engine-5.10.5.jar;C:\Users\pcz\.m2\repository\org\junit\platform\junit-platform-engine\1.10.5\junit-platform-engine-1.10.5.jar;C:\Users\pcz\.m2\repository\org\mockito\mockito-core\5.11.0\mockito-core-5.11.0.jar;C:\Users\pcz\.m2\repository\net\bytebuddy\byte-buddy-agent\1.14.19\byte-buddy-agent-1.14.19.jar;C:\Users\pcz\.m2\repository\org\objenesis\objenesis\3.3\objenesis-3.3.jar;C:\Users\pcz\.m2\repository\org\mockito\mockito-junit-jupiter\5.11.0\mockito-junit-jupiter-5.11.0.jar;C:\Users\pcz\.m2\repository\org\skyscreamer\jsonassert\1.5.3\jsonassert-1.5.3.jar;C:\Users\pcz\.m2\repository\com\vaadin\external\google\android-json\0.0.20131108.vaadin1\android-json-0.0.20131108.vaadin1.jar;C:\Users\pcz\.m2\repository\org\springframework\spring-core\6.1.14\spring-core-6.1.14.jar;C:\Users\pcz\.m2\repository\org\springframework\spring-jcl\6.1.14\spring-jcl-6.1.14.jar;C:\Users\pcz\.m2\repository\org\springframework\spring-test\6.1.14\spring-test-6.1.14.jar;C:\Users\pcz\.m2\repository\org\xmlunit\xmlunit-core\2.9.1\xmlunit-core-2.9.1.jar;C:\Users\pcz\.m2\repository\org\springframework\boot\spring-boot-devtools\3.3.5\spring-boot-devtools-3.3.5.jar;C:\Users\pcz\.m2\repository\org\springframework\boot\spring-boot\3.3.5\spring-boot-3.3.5.jar;C:\Users\pcz\.m2\repository\org\springframework\boot\spring-boot-autoconfigure\3.3.5\spring-boot-autoconfigure-3.3.5.jar;"/>
    <property name="sun.cpu.endian" value="little"/>
    <property name="user.home" value="C:\Users\pcz"/>
    <property name="user.language" value="en"/>
    <property name="java.specification.vendor" value="Oracle Corporation"/>
    <property name="java.version.date" value="2023-10-17"/>
    <property name="java.home" value="C:\Program Files\Java\jdk-21"/>
    <property name="file.separator" value="\"/>
    <property name="basedir" value="C:\Users\pcz\Downloads\removeGeolocation\BankingPortal-API-main"/>
    <property name="java.vm.compressedOopsMode" value="32-bit"/>
    <property name="line.separator" value="&#10;"/>
    <property name="java.vm.specification.vendor" value="Oracle Corporation"/>
    <property name="java.specification.name" value="Java Platform API Specification"/>
    <property name="FILE_LOG_CHARSET" value="UTF-8"/>
    <property name="java.awt.headless" value="true"/>
    <property name="surefire.real.class.path" value="C:\Users\pcz\AppData\Local\Temp\surefire658798188955686445\surefirebooter-20241201213506325_3.jar"/>
    <property name="user.script" value=""/>
    <property name="sun.management.compiler" value="HotSpot 64-Bit Tiered Compilers"/>
    <property name="java.runtime.version" value="21.0.1+12-LTS-29"/>
    <property name="user.name" value="pcz"/>
    <property name="stdout.encoding" value="Cp1252"/>
    <property name="path.separator" value=";"/>
    <property name="os.version" value="10.0"/>
    <property name="java.runtime.name" value="Java(TM) SE Runtime Environment"/>
    <property name="file.encoding" value="UTF-8"/>
    <property name="java.vm.name" value="Java HotSpot(TM) 64-Bit Server VM"/>
    <property name="localRepository" value="C:\Users\pcz\.m2\repository"/>
    <property name="java.vendor.url.bug" value="https://bugreport.java.com/bugreport/"/>
    <property name="java.io.tmpdir" value="C:\Users\pcz\AppData\Local\Temp\"/>
    <property name="com.zaxxer.hikari.pool_number" value="1"/>
    <property name="java.version" value="21.0.1"/>
    <property name="user.dir" value="C:\Users\pcz\Downloads\removeGeolocation\BankingPortal-API-main"/>
    <property name="os.arch" value="amd64"/>
    <property name="java.vm.specification.name" value="Java Virtual Machine Specification"/>
    <property name="PID" value="5916"/>
    <property name="sun.os.patch.level" value=""/>
    <property name="CONSOLE_LOG_CHARSET" value="UTF-8"/>
    <property name="native.encoding" value="Cp1252"/>
    <property name="java.library.path" value="C:\Program Files\Java\jdk-21\bin;C:\Windows\Sun\Java\bin;C:\Windows\system32;C:\Windows;C:\Python312\Scripts\;C:\Python312\;C:\Program Files\Common Files\Oracle\Java\javapath;C:\Program Files (x86)\Common Files\Oracle\Java\javapath;C:\Windows\system32;C:\Windows;C:\Windows\System32\Wbem;C:\Windows\System32\WindowsPowerShell\v1.0\;C:\Windows\System32\OpenSSH\;C:\Program Files\nodejs\;C:\ProgramData\chocolatey\bin;C:\Program Files\Git\cmd;C:\Program Files\Git LFS;C:\Users\pcz\Downloads\apache-maven-3.9.9-bin;;C:\Program Files\Docker\Docker\resources\bin;C:\Program Files\MySQL\MySQL Shell 8.0\bin\;C:\Users\pcz\AppData\Local\Microsoft\WindowsApps;C:\Users\pcz\AppData\Local\Programs\Microsoft VS Code\bin;C:\Users\pcz\AppData\Roaming\npm;C:\Users\pcz\AppData\Local\GitHubDesktop\bin;C:\Users\pcz\Downloads\apache-maven-3.9.9-bin\apache-maven-3.9.9\bin;;."/>
    <property name="java.vm.info" value="mixed mode, sharing"/>
    <property name="stderr.encoding" value="Cp1252"/>
    <property name="java.vendor" value="Oracle Corporation"/>
    <property name="java.vm.version" value="21.0.1+12-LTS-29"/>
    <property name="sun.io.unicode.encoding" value="UnicodeLittle"/>
    <property name="java.class.version" value="65.0"/>
  </properties>
  <testcase name="test_deposit_with_unauthorized_access" classname="com.webapp.bankingportal.AccountControllerTests" time="1.57">
    <system-out><![CDATA[21:35:09.393 [main] INFO org.springframework.test.context.support.AnnotationConfigContextLoaderUtils -- Could not detect default configuration classes for test class [com.webapp.bankingportal.AccountControllerTests]: AccountControllerTests does not declare any static, non-private, non-final, nested classes annotated with @Configuration.
21:35:09.841 [main] INFO org.springframework.boot.test.context.SpringBootTestContextBootstrapper -- Found @SpringBootConfiguration com.webapp.bankingportal.BankingportalApplication for test class com.webapp.bankingportal.AccountControllerTests
21:35:10.457 [main] INFO org.springframework.boot.devtools.restart.RestartApplicationListener -- Restart disabled due to context in which it is running
21:35:08,963 |-INFO in ch.qos.logback.classic.LoggerContext[default] - This is logback-classic version 1.5.11
21:35:08,973 |-INFO in ch.qos.logback.classic.util.ContextInitializer@39109136 - Here is a list of configurators discovered as a service, by rank: 
21:35:08,974 |-INFO in ch.qos.logback.classic.util.ContextInitializer@39109136 -   org.springframework.boot.logging.logback.RootLogLevelConfigurator
21:35:08,974 |-INFO in ch.qos.logback.classic.util.ContextInitializer@39109136 - They will be invoked in order until ExecutionStatus.DO_NOT_INVOKE_NEXT_IF_ANY is returned.
21:35:08,974 |-INFO in ch.qos.logback.classic.util.ContextInitializer@39109136 - Constructed configurator of type class org.springframework.boot.logging.logback.RootLogLevelConfigurator
21:35:08,991 |-INFO in ch.qos.logback.classic.util.ContextInitializer@39109136 - org.springframework.boot.logging.logback.RootLogLevelConfigurator.configure() call lasted 1 milliseconds. ExecutionStatus=INVOKE_NEXT_IF_ANY
21:35:08,991 |-INFO in ch.qos.logback.classic.util.ContextInitializer@39109136 - Trying to configure with ch.qos.logback.classic.joran.SerializedModelConfigurator
21:35:08,993 |-INFO in ch.qos.logback.classic.util.ContextInitializer@39109136 - Constructed configurator of type class ch.qos.logback.classic.joran.SerializedModelConfigurator
21:35:09,002 |-INFO in ch.qos.logback.classic.LoggerContext[default] - Could NOT find resource [logback-test.scmo]
21:35:09,004 |-INFO in ch.qos.logback.classic.LoggerContext[default] - Could NOT find resource [logback.scmo]
21:35:09,004 |-INFO in ch.qos.logback.classic.util.ContextInitializer@39109136 - ch.qos.logback.classic.joran.SerializedModelConfigurator.configure() call lasted 11 milliseconds. ExecutionStatus=INVOKE_NEXT_IF_ANY
21:35:09,004 |-INFO in ch.qos.logback.classic.util.ContextInitializer@39109136 - Trying to configure with ch.qos.logback.classic.util.DefaultJoranConfigurator
21:35:09,005 |-INFO in ch.qos.logback.classic.util.ContextInitializer@39109136 - Constructed configurator of type class ch.qos.logback.classic.util.DefaultJoranConfigurator
21:35:09,006 |-INFO in ch.qos.logback.classic.LoggerContext[default] - Could NOT find resource [logback-test.xml]
21:35:09,007 |-INFO in ch.qos.logback.classic.LoggerContext[default] - Could NOT find resource [logback.xml]
21:35:09,007 |-INFO in ch.qos.logback.classic.util.ContextInitializer@39109136 - ch.qos.logback.classic.util.DefaultJoranConfigurator.configure() call lasted 2 milliseconds. ExecutionStatus=INVOKE_NEXT_IF_ANY
21:35:09,007 |-INFO in ch.qos.logback.classic.util.ContextInitializer@39109136 - Trying to configure with ch.qos.logback.classic.BasicConfigurator
21:35:09,010 |-INFO in ch.qos.logback.classic.util.ContextInitializer@39109136 - Constructed configurator of type class ch.qos.logback.classic.BasicConfigurator
21:35:09,010 |-INFO in ch.qos.logback.classic.BasicConfigurator@27c04377 - Setting up default configuration.
21:35:09,062 |-INFO in ch.qos.logback.classic.util.ContextInitializer@39109136 - ch.qos.logback.classic.BasicConfigurator.configure() call lasted 51 milliseconds. ExecutionStatus=NEUTRAL
21:35:11,138 |-WARN in ch.qos.logback.core.joran.action.ConversionRuleAction - [converterClass] attribute is deprecated and replaced by [class]. See element [conversionRule] near line 5
21:35:11,139 |-WARN in ch.qos.logback.core.joran.action.ConversionRuleAction - [converterClass] attribute is deprecated and replaced by [class]. See element [conversionRule] near line 7
21:35:11,220 |-INFO in ch.qos.logback.core.model.processor.ConversionRuleModelHandler - registering conversion word clr with class [org.springframework.boot.logging.logback.ColorConverter]
21:35:11,221 |-INFO in ch.qos.logback.core.model.processor.ConversionRuleModelHandler - registering conversion word wEx with class [org.springframework.boot.logging.logback.WhitespaceThrowableProxyConverter]
21:35:11,229 |-INFO in ch.qos.logback.core.model.processor.ModelInterpretationContext@34dc85a - value "%clr(%d{yyyy-MM-dd HH:mm:ss.SSS}){faint} %clr(%5p) %clr([%t]){faint} %clr(:){faint} %m%n%wEx" substituted for "%clr(%d{${LOG_DATEFORMAT_PATTERN:-yyyy-MM-dd HH:mm:ss.SSS}}){faint} %clr(${LOG_LEVEL_PATTERN:-%5p}) %clr([%t]){faint} %clr(:){faint} %m%n${LOG_EXCEPTION_CONVERSION_WORD:-%wEx}"
21:35:11,233 |-INFO in ch.qos.logback.core.model.processor.AppenderModelHandler - Processing appender named [CONSOLE]
21:35:11,233 |-INFO in ch.qos.logback.core.model.processor.AppenderModelHandler - About to instantiate appender of type [ch.qos.logback.core.ConsoleAppender]
21:35:11,242 |-INFO in ch.qos.logback.core.model.processor.ImplicitModelHandler - Assuming default type [ch.qos.logback.classic.encoder.PatternLayoutEncoder] for [encoder] property
21:35:11,245 |-INFO in ch.qos.logback.core.model.processor.ModelInterpretationContext@34dc85a - value "%clr(%d{yyyy-MM-dd HH:mm:ss.SSS}){faint} %clr(%5p) %clr([%t]){faint} %clr(:){faint} %m%n%wEx" substituted for "${LOG_PATTERN}"
21:35:11,284 |-INFO in ch.qos.logback.classic.model.processor.RootLoggerModelHandler - Setting level of ROOT logger to INFO
21:35:11,285 |-INFO in ch.qos.logback.classic.jul.LevelChangePropagator@67403656 - Propagating INFO level on Logger[ROOT] onto the JUL framework
21:35:11,287 |-INFO in ch.qos.logback.core.model.processor.AppenderRefModelHandler - Attaching appender named [CONSOLE] to Logger[ROOT]
21:35:11,287 |-INFO in ch.qos.logback.core.model.processor.DefaultProcessor@5a6482a9 - End of configuration.
21:35:11,288 |-INFO in org.springframework.boot.logging.logback.SpringBootJoranConfigurator@7f9ab969 - Registering current configuration as safe fallback point


  .   ____          _            __ _ _
 /\\ / ___'_ __ _ _(_)_ __  __ _ \ \ \ \
( ( )\___ | '_ | '_| | '_ \/ _` | \ \ \ \
 \\/  ___)| |_)| | | | | || (_| |  ) ) ) )
  '  |____| .__|_| |_|_| |_\__, | / / / /
 =========|_|==============|___/=/_/_/_/

 :: Spring Boot ::                (v3.3.5)

2024-12-01 21:35:11.437  INFO [background-preinit] : HV000001: Hibernate Validator 8.0.1.Final
2024-12-01 21:35:11.652  INFO [main] : Starting AccountControllerTests using Java 21.0.1 with PID 5916 (started by pcz in C:\Users\pcz\Downloads\removeGeolocation\BankingPortal-API-main)
2024-12-01 21:35:11.653  INFO [main] : No active profile set, falling back to 1 default profile: "default"
2024-12-01 21:35:15.578  INFO [main] : Bootstrapping Spring Data JPA repositories in DEFAULT mode.
2024-12-01 21:35:15.863  INFO [main] : Finished Spring Data repository scanning in 259 ms. Found 5 JPA repository interfaces.
2024-12-01 21:35:19.027  INFO [main] : HHH000204: Processing PersistenceUnitInfo [name: default]
2024-12-01 21:35:19.332  INFO [main] : HHH000412: Hibernate ORM core version 6.5.3.Final
2024-12-01 21:35:19.459  INFO [main] : HHH000026: Second-level cache disabled
2024-12-01 21:35:20.619  INFO [main] : No LoadTimeWeaver setup: ignoring JPA class transformer
2024-12-01 21:35:20.687  INFO [main] : HikariPool-1 - Starting...
2024-12-01 21:35:22.158  INFO [main] : HikariPool-1 - Added connection com.mysql.cj.jdbc.ConnectionImpl@337c0ee4
2024-12-01 21:35:22.163  INFO [main] : HikariPool-1 - Start completed.
2024-12-01 21:35:22.430  WARN [main] : HHH90000025: MySQL8Dialect does not need to be specified explicitly using 'hibernate.dialect' (remove the property setting and it will be selected by default)
2024-12-01 21:35:22.435  WARN [main] : HHH90000026: MySQL8Dialect has been deprecated; use org.hibernate.dialect.MySQLDialect instead
2024-12-01 21:35:25.271  INFO [main] : HHH000489: No JTA platform available (set 'hibernate.transaction.jta.platform' to enable JTA platform integration)
2024-12-01 21:35:25.621  INFO [main] : Initialized JPA EntityManagerFactory for persistence unit 'default'
2024-12-01 21:35:28.128  WARN [main] : Global AuthenticationManager configured with an AuthenticationProvider bean. UserDetailsService beans will not be used for username/password login. Consider removing the AuthenticationProvider bean. Alternatively, consider using the UserDetailsService in a manually instantiated DaoAuthenticationProvider.
2024-12-01 21:35:34.877  INFO [main] : Exposing 1 endpoint beneath base path '/actuator'
2024-12-01 21:35:37.072  INFO [main] : Initializing Spring TestDispatcherServlet ''
2024-12-01 21:35:37.073  INFO [main] : Initializing Servlet ''
2024-12-01 21:35:37.075  INFO [main] : Completed initialization in 1 ms
2024-12-01 21:35:37.327  INFO [main] : Started AccountControllerTests in 26.898 seconds (process running for 30.597)
]]></system-out>
    <system-err><![CDATA[WARNING: A Java agent has been loaded dynamically (C:\Users\pcz\.m2\repository\net\bytebuddy\byte-buddy-agent\1.14.19\byte-buddy-agent-1.14.19.jar)
WARNING: If a serviceability tool is in use, please run with -XX:+EnableDynamicAgentLoading to hide this warning
WARNING: If a serviceability tool is not in use, please run with -Djdk.instrument.traceUsage for more information
WARNING: Dynamic loading of agents will be disallowed by default in a future release
]]></system-err>
  </testcase>
  <testcase name="test_pin_update_with_invalid_new_short_pin" classname="com.webapp.bankingportal.AccountControllerTests" time="2.218">
    <system-out><![CDATA[2024-12-01 21:35:40.944  INFO [main] : Generating token for user: d46f8a
2024-12-01 21:35:41.060  INFO [main] : Saving token for account: d46f8a
2024-12-01 21:35:41.421  INFO [main] : Updating PIN for account: d46f8a
]]></system-out>
  </testcase>
  <testcase name="test_fund_transfer_with_zero_amount" classname="com.webapp.bankingportal.AccountControllerTests" time="1.191">
    <system-out><![CDATA[2024-12-01 21:35:41.903  INFO [main] : Generating token for user: 8f8617
2024-12-01 21:35:41.915  INFO [main] : Saving token for account: 8f8617
2024-12-01 21:35:42.556  INFO [main] : Generating token for user: 11e50b
2024-12-01 21:35:42.570  INFO [main] : Saving token for account: 11e50b
]]></system-out>
  </testcase>
  <testcase name="test_fund_transfer_with_negative_amount" classname="com.webapp.bankingportal.AccountControllerTests" time="1.057">
    <system-out><![CDATA[2024-12-01 21:35:43.156  INFO [main] : Generating token for user: b8bb5b
2024-12-01 21:35:43.168  INFO [main] : Saving token for account: b8bb5b
2024-12-01 21:35:43.751  INFO [main] : Generating token for user: 5ec3a2
2024-12-01 21:35:43.762  INFO [main] : Saving token for account: 5ec3a2
]]></system-out>
  </testcase>
  <testcase name="test_pin_update_with_missing_password" classname="com.webapp.bankingportal.AccountControllerTests" time="0.533">
    <system-out><![CDATA[2024-12-01 21:35:44.144  INFO [main] : Generating token for user: 48e395
2024-12-01 21:35:44.155  INFO [main] : Saving token for account: 48e395
2024-12-01 21:35:44.410  INFO [main] : Updating PIN for account: 48e395
]]></system-out>
  </testcase>
  <testcase name="test_withdraw_with_negative_amount" classname="com.webapp.bankingportal.AccountControllerTests" time="0.669">
    <system-out><![CDATA[2024-12-01 21:35:44.737  INFO [main] : Generating token for user: 80d5f8
2024-12-01 21:35:44.747  INFO [main] : Saving token for account: 80d5f8
]]></system-out>
  </testcase>
  <testcase name="test_pin_create_with_missing_pin" classname="com.webapp.bankingportal.AccountControllerTests" time="0.384">
    <system-out><![CDATA[2024-12-01 21:35:45.341  INFO [main] : Generating token for user: ea0a73
2024-12-01 21:35:45.351  INFO [main] : Saving token for account: ea0a73
]]></system-out>
  </testcase>
  <testcase name="test_pin_update_with_invalid_new_long_pin" classname="com.webapp.bankingportal.AccountControllerTests" time="0.681">
    <system-out><![CDATA[2024-12-01 21:35:45.733  INFO [main] : Generating token for user: c44b66
2024-12-01 21:35:45.742  INFO [main] : Saving token for account: c44b66
2024-12-01 21:35:45.966  INFO [main] : Updating PIN for account: c44b66
]]></system-out>
  </testcase>
  <testcase name="test_pin_create_with_invalid_long_pin" classname="com.webapp.bankingportal.AccountControllerTests" time="0.37">
    <system-out><![CDATA[2024-12-01 21:35:46.402  INFO [main] : Generating token for user: 3fe225
2024-12-01 21:35:46.412  INFO [main] : Saving token for account: 3fe225
]]></system-out>
  </testcase>
  <testcase name="test_pin_check_with_pin" classname="com.webapp.bankingportal.AccountControllerTests" time="0.49">
    <system-out><![CDATA[2024-12-01 21:35:46.785  INFO [main] : Generating token for user: 35ea15
2024-12-01 21:35:46.794  INFO [main] : Saving token for account: 35ea15
]]></system-out>
  </testcase>
  <testcase name="test_withdraw_with_insufficient_funds" classname="com.webapp.bankingportal.AccountControllerTests" time="0.765">
    <system-out><![CDATA[2024-12-01 21:35:47.268  INFO [main] : Generating token for user: 3bfca1
2024-12-01 21:35:47.276  INFO [main] : Saving token for account: 3bfca1
]]></system-out>
  </testcase>
  <testcase name="test_pin_update_with_invalid_old_pin" classname="com.webapp.bankingportal.AccountControllerTests" time="0.692">
    <system-out><![CDATA[2024-12-01 21:35:48.035  INFO [main] : Generating token for user: 1b7d9c
2024-12-01 21:35:48.049  INFO [main] : Saving token for account: 1b7d9c
2024-12-01 21:35:48.302  INFO [main] : Updating PIN for account: 1b7d9c
]]></system-out>
  </testcase>
  <testcase name="test_fund_transfer_with_valid_data" classname="com.webapp.bankingportal.AccountControllerTests" time="0.968">
    <system-out><![CDATA[2024-12-01 21:35:48.729  INFO [main] : Generating token for user: 6b84c0
2024-12-01 21:35:48.737  INFO [main] : Saving token for account: 6b84c0
2024-12-01 21:35:49.310  INFO [main] : Generating token for user: 760e22
2024-12-01 21:35:49.321  INFO [main] : Saving token for account: 760e22
]]></system-out>
  </testcase>
  <testcase name="test_fund_transfer_with_invalid_target_account" classname="com.webapp.bankingportal.AccountControllerTests" time="0.792">
    <system-out><![CDATA[2024-12-01 21:35:49.743  INFO [main] : Generating token for user: baaabc
2024-12-01 21:35:49.752  INFO [main] : Saving token for account: baaabc
]]></system-out>
  </testcase>
  <testcase name="test_withdraw_with_valid_pin_and_amount" classname="com.webapp.bankingportal.AccountControllerTests" time="0.805">
    <system-out><![CDATA[2024-12-01 21:35:50.571  INFO [main] : Generating token for user: ccd5f7
2024-12-01 21:35:50.582  INFO [main] : Saving token for account: ccd5f7
]]></system-out>
  </testcase>
  <testcase name="test_deposit_with_missing_pin" classname="com.webapp.bankingportal.AccountControllerTests" time="0.776">
    <system-out><![CDATA[2024-12-01 21:35:51.424  INFO [main] : Generating token for user: dd04b0
2024-12-01 21:35:51.431  INFO [main] : Saving token for account: dd04b0
]]></system-out>
  </testcase>
  <testcase name="test_withdraw_with_missing_pin" classname="com.webapp.bankingportal.AccountControllerTests" time="1.251">
    <system-out><![CDATA[2024-12-01 21:35:52.209  INFO [main] : Generating token for user: f7750b
2024-12-01 21:35:52.221  INFO [main] : Saving token for account: f7750b
]]></system-out>
  </testcase>
  <testcase name="test_pin_update_with_invalid_password" classname="com.webapp.bankingportal.AccountControllerTests" time="0.988">
    <system-out><![CDATA[2024-12-01 21:35:53.640  INFO [main] : Generating token for user: 2d4864
2024-12-01 21:35:53.658  INFO [main] : Saving token for account: 2d4864
2024-12-01 21:35:53.967  INFO [main] : Updating PIN for account: 2d4864
]]></system-out>
  </testcase>
  <testcase name="test_pin_create_with_valid_password" classname="com.webapp.bankingportal.AccountControllerTests" time="0.558">
    <system-out><![CDATA[2024-12-01 21:35:54.343  INFO [main] : Generating token for user: 97938d
2024-12-01 21:35:54.351  INFO [main] : Saving token for account: 97938d
]]></system-out>
  </testcase>
  <testcase name="test_pin_create_unauthorized_access" classname="com.webapp.bankingportal.AccountControllerTests" time="0.022"/>
  <testcase name="test_pin_update_with_missing_new_pin" classname="com.webapp.bankingportal.AccountControllerTests" time="0.948">
    <system-out><![CDATA[2024-12-01 21:35:55.019  INFO [main] : Generating token for user: 837475
2024-12-01 21:35:55.030  INFO [main] : Saving token for account: 837475
2024-12-01 21:35:55.376  INFO [main] : Updating PIN for account: 837475
]]></system-out>
  </testcase>
  <testcase name="test_deposit_with_excessively_large_amount" classname="com.webapp.bankingportal.AccountControllerTests" time="0.88">
    <system-out><![CDATA[2024-12-01 21:35:55.900  INFO [main] : Generating token for user: 70cf43
2024-12-01 21:35:55.907  INFO [main] : Saving token for account: 70cf43
]]></system-out>
  </testcase>
  <testcase name="test_pin_create_with_missing_password" classname="com.webapp.bankingportal.AccountControllerTests" time="0.287">
    <system-out><![CDATA[2024-12-01 21:35:56.757  INFO [main] : Generating token for user: 468be4
2024-12-01 21:35:56.764  INFO [main] : Saving token for account: 468be4
]]></system-out>
  </testcase>
  <testcase name="test_fund_transfer_with_invalid_source_account_pin" classname="com.webapp.bankingportal.AccountControllerTests" time="1.04">
    <system-out><![CDATA[2024-12-01 21:35:57.028  INFO [main] : Generating token for user: 8ba42d
2024-12-01 21:35:57.035  INFO [main] : Saving token for account: 8ba42d
2024-12-01 21:35:57.642  INFO [main] : Generating token for user: a5f85b
2024-12-01 21:35:57.652  INFO [main] : Saving token for account: a5f85b
]]></system-out>
  </testcase>
  <testcase name="test_deposit_with_valid_data" classname="com.webapp.bankingportal.AccountControllerTests" time="0.621">
    <system-out><![CDATA[2024-12-01 21:35:58.111  INFO [main] : Generating token for user: b2814b
2024-12-01 21:35:58.120  INFO [main] : Saving token for account: b2814b
]]></system-out>
  </testcase>
  <testcase name="test_pin_update_with_unauthorized_access" classname="com.webapp.bankingportal.AccountControllerTests" time="0.009"/>
  <testcase name="test_transactions_with_authorized_access" classname="com.webapp.bankingportal.AccountControllerTests" time="0.669">
    <system-out><![CDATA[2024-12-01 21:35:58.699  INFO [main] : Generating token for user: e64e5b
2024-12-01 21:35:58.706  INFO [main] : Saving token for account: e64e5b
]]></system-out>
  </testcase>
  <testcase name="test_transactions_unauthorized_access" classname="com.webapp.bankingportal.AccountControllerTests" time="0.012"/>
  <testcase name="test_fund_transfer_with_missing_source_account_pin" classname="com.webapp.bankingportal.AccountControllerTests" time="0.941">
    <system-out><![CDATA[2024-12-01 21:35:59.490  INFO [main] : Generating token for user: b30ead
2024-12-01 21:35:59.499  INFO [main] : Saving token for account: b30ead
2024-12-01 21:36:00.052  INFO [main] : Generating token for user: 1e51c1
2024-12-01 21:36:00.060  INFO [main] : Saving token for account: 1e51c1
]]></system-out>
  </testcase>
  <testcase name="test_fund_transfer_unauthorized_access" classname="com.webapp.bankingportal.AccountControllerTests" time="0.924">
    <system-out><![CDATA[2024-12-01 21:36:00.348  INFO [main] : Generating token for user: b75d7e
2024-12-01 21:36:00.358  INFO [main] : Saving token for account: b75d7e
2024-12-01 21:36:00.992  INFO [main] : Generating token for user: 0838db
2024-12-01 21:36:01.007  INFO [main] : Saving token for account: 0838db
]]></system-out>
  </testcase>
  <testcase name="test_pin_create_with_invalid_short_pin" classname="com.webapp.bankingportal.AccountControllerTests" time="0.442">
    <system-out><![CDATA[2024-12-01 21:36:01.319  INFO [main] : Generating token for user: 5dd043
2024-12-01 21:36:01.326  INFO [main] : Saving token for account: 5dd043
]]></system-out>
  </testcase>
  <testcase name="test_fund_transfer_to_the_same_account" classname="com.webapp.bankingportal.AccountControllerTests" time="0.751">
    <system-out><![CDATA[2024-12-01 21:36:01.695  INFO [main] : Generating token for user: 78c268
2024-12-01 21:36:01.702  INFO [main] : Saving token for account: 78c268
]]></system-out>
  </testcase>
  <testcase name="test_fund_transfer_with_insufficient_funds" classname="com.webapp.bankingportal.AccountControllerTests" time="1.809">
    <system-out><![CDATA[2024-12-01 21:36:02.506  INFO [main] : Generating token for user: 669465
2024-12-01 21:36:02.522  INFO [main] : Saving token for account: 669465
2024-12-01 21:36:03.856  INFO [main] : Generating token for user: d23a95
2024-12-01 21:36:03.862  INFO [main] : Saving token for account: d23a95
]]></system-out>
  </testcase>
  <testcase name="test_pin_check_without_pin" classname="com.webapp.bankingportal.AccountControllerTests" time="0.364">
    <system-out><![CDATA[2024-12-01 21:36:04.366  INFO [main] : Generating token for user: 95fc29
2024-12-01 21:36:04.373  INFO [main] : Saving token for account: 95fc29
]]></system-out>
  </testcase>
  <testcase name="test_pin_update_with_missing_old_pin" classname="com.webapp.bankingportal.AccountControllerTests" time="0.628">
    <system-out><![CDATA[2024-12-01 21:36:04.659  INFO [main] : Generating token for user: 5c4051
2024-12-01 21:36:04.668  INFO [main] : Saving token for account: 5c4051
2024-12-01 21:36:04.914  INFO [main] : Updating PIN for account: 5c4051
]]></system-out>
  </testcase>
  <testcase name="test_deposit_with_negative_amount" classname="com.webapp.bankingportal.AccountControllerTests" time="0.647">
    <system-out><![CDATA[2024-12-01 21:36:05.295  INFO [main] : Generating token for user: 0046ef
2024-12-01 21:36:05.304  INFO [main] : Saving token for account: 0046ef
]]></system-out>
  </testcase>
  <testcase name="test_withdraw_with_zero_amount" classname="com.webapp.bankingportal.AccountControllerTests" time="0.683">
    <system-out><![CDATA[2024-12-01 21:36:05.937  INFO [main] : Generating token for user: 086d82
2024-12-01 21:36:05.944  INFO [main] : Saving token for account: 086d82
]]></system-out>
  </testcase>
  <testcase name="test_withdraw_with_unauthorized_access" classname="com.webapp.bankingportal.AccountControllerTests" time="0.012"/>
  <testcase name="test_fund_transfer_with_missing_target_account" classname="com.webapp.bankingportal.AccountControllerTests" time="0.709">
    <system-out><![CDATA[2024-12-01 21:36:06.630  INFO [main] : Generating token for user: 23047c
2024-12-01 21:36:06.638  INFO [main] : Saving token for account: 23047c
]]></system-out>
  </testcase>
  <testcase name="test_pin_update_with_valid_data" classname="com.webapp.bankingportal.AccountControllerTests" time="0.87">
    <system-out><![CDATA[2024-12-01 21:36:07.335  INFO [main] : Generating token for user: 0ccd75
2024-12-01 21:36:07.342  INFO [main] : Saving token for account: 0ccd75
2024-12-01 21:36:07.607  INFO [main] : Updating PIN for account: 0ccd75
]]></system-out>
  </testcase>
  <testcase name="test_deposit_with_invalid_pin" classname="com.webapp.bankingportal.AccountControllerTests" time="0.62">
    <system-out><![CDATA[2024-12-01 21:36:08.209  INFO [main] : Generating token for user: e71414
2024-12-01 21:36:08.217  INFO [main] : Saving token for account: e71414
]]></system-out>
  </testcase>
  <testcase name="test_withdraw_with_invalid_pin" classname="com.webapp.bankingportal.AccountControllerTests" time="0.556">
    <system-out><![CDATA[2024-12-01 21:36:08.806  INFO [main] : Generating token for user: c6d015
2024-12-01 21:36:08.812  INFO [main] : Saving token for account: c6d015
]]></system-out>
  </testcase>
  <testcase name="test_pin_check_without_authorization" classname="com.webapp.bankingportal.AccountControllerTests" time="0.011"/>
  <testcase name="test_pin_create_with_invalid_password" classname="com.webapp.bankingportal.AccountControllerTests" time="0.431">
    <system-out><![CDATA[2024-12-01 21:36:09.387  INFO [main] : Generating token for user: 4ccfed
2024-12-01 21:36:09.395  INFO [main] : Saving token for account: 4ccfed
]]></system-out>
  </testcase>
</testsuite>