<?xml version="1.0" encoding="UTF-8"?>
<testsuite xmlns:xsi="http://www.w3.org/2001/XMLSchema-instance" xsi:noNamespaceSchemaLocation="https://maven.apache.org/surefire/maven-surefire-plugin/xsd/surefire-test-report-3.0.xsd" version="3.0" name="com.webapp.bankingportal.AccountControllerTests" time="359.806" tests="44" errors="0" skipped="0" failures="0">
  <properties>
    <property name="java.specification.version" value="21"/>
    <property name="sun.cpu.isalist" value="amd64"/>
    <property name="sun.jnu.encoding" value="Cp1252"/>
    <property name="java.class.path" value="C:\Users\pcz\Downloads\removeGeolocation\BankingPortal-API-main\target\test-classes;C:\Users\pcz\Downloads\removeGeolocation\BankingPortal-API-main\target\classes;C:\Users\pcz\.m2\repository\org\projectlombok\lombok\1.18.34\lombok-1.18.34.jar;C:\Users\pcz\.m2\repository\com\icegreen\greenmail-junit5\2.0.0-alpha-2\greenmail-junit5-2.0.0-alpha-2.jar;C:\Users\pcz\.m2\repository\com\icegreen\greenmail\2.0.0-alpha-2\greenmail-2.0.0-alpha-2.jar;C:\Users\pcz\.m2\repository\com\sun\mail\jakarta.mail\2.0.1\jakarta.mail-2.0.1.jar;C:\Users\pcz\.m2\repository\com\sun\activation\jakarta.activation\2.0.1\jakarta.activation-2.0.1.jar;C:\Users\pcz\.m2\repository\jakarta\activation\jakarta.activation-api\2.1.3\jakarta.activation-api-2.1.3.jar;C:\Users\pcz\.m2\repository\org\slf4j\slf4j-api\2.0.16\slf4j-api-2.0.16.jar;C:\Users\pcz\.m2\repository\junit\junit\4.13.2\junit-4.13.2.jar;C:\Users\pcz\.m2\repository\org\junit\jupiter\junit-jupiter-api\5.10.5\junit-jupiter-api-5.10.5.jar;C:\Users\pcz\.m2\repository\org\opentest4j\opentest4j\1.3.0\opentest4j-1.3.0.jar;C:\Users\pcz\.m2\repository\org\junit\platform\junit-platform-commons\1.10.5\junit-platform-commons-1.10.5.jar;C:\Users\pcz\.m2\repository\org\apiguardian\apiguardian-api\1.1.2\apiguardian-api-1.1.2.jar;C:\Users\pcz\.m2\repository\com\googlecode\libphonenumber\libphonenumber\8.13.38\libphonenumber-8.13.38.jar;C:\Users\pcz\.m2\repository\com\github\javafaker\javafaker\1.0.2\javafaker-1.0.2.jar;C:\Users\pcz\.m2\repository\org\apache\commons\commons-lang3\3.14.0\commons-lang3-3.14.0.jar;C:\Users\pcz\.m2\repository\org\yaml\snakeyaml\1.23\snakeyaml-1.23-android.jar;C:\Users\pcz\.m2\repository\com\github\mifmif\generex\1.0.2\generex-1.0.2.jar;C:\Users\pcz\.m2\repository\dk\brics\automaton\automaton\1.11-8\automaton-1.11-8.jar;C:\Users\pcz\.m2\repository\org\mapstruct\mapstruct-processor\1.6.0.Beta2\mapstruct-processor-1.6.0.Beta2.jar;C:\Users\pcz\.m2\repository\org\mapstruct\mapstruct\1.6.0.Beta2\mapstruct-1.6.0.Beta2.jar;C:\Users\pcz\.m2\repository\org\springframework\boot\spring-boot-starter-data-jpa\3.3.5\spring-boot-starter-data-jpa-3.3.5.jar;C:\Users\pcz\.m2\repository\org\springframework\boot\spring-boot-starter-aop\3.3.5\spring-boot-starter-aop-3.3.5.jar;C:\Users\pcz\.m2\repository\org\aspectj\aspectjweaver\1.9.22.1\aspectjweaver-1.9.22.1.jar;C:\Users\pcz\.m2\repository\org\springframework\boot\spring-boot-starter-jdbc\3.3.5\spring-boot-starter-jdbc-3.3.5.jar;C:\Users\pcz\.m2\repository\com\zaxxer\HikariCP\5.1.0\HikariCP-5.1.0.jar;C:\Users\pcz\.m2\repository\org\springframework\spring-jdbc\6.1.14\spring-jdbc-6.1.14.jar;C:\Users\pcz\.m2\repository\org\hibernate\orm\hibernate-core\6.5.3.Final\hibernate-core-6.5.3.Final.jar;C:\Users\pcz\.m2\repository\jakarta\persistence\jakarta.persistence-api\3.1.0\jakarta.persistence-api-3.1.0.jar;C:\Users\pcz\.m2\repository\jakarta\transaction\jakarta.transaction-api\2.0.1\jakarta.transaction-api-2.0.1.jar;C:\Users\pcz\.m2\repository\org\jboss\logging\jboss-logging\3.5.3.Final\jboss-logging-3.5.3.Final.jar;C:\Users\pcz\.m2\repository\org\hibernate\common\hibernate-commons-annotations\6.0.6.Final\hibernate-commons-annotations-6.0.6.Final.jar;C:\Users\pcz\.m2\repository\io\smallrye\jandex\3.1.2\jandex-3.1.2.jar;C:\Users\pcz\.m2\repository\com\fasterxml\classmate\1.7.0\classmate-1.7.0.jar;C:\Users\pcz\.m2\repository\net\bytebuddy\byte-buddy\1.14.19\byte-buddy-1.14.19.jar;C:\Users\pcz\.m2\repository\org\glassfish\jaxb\jaxb-runtime\4.0.5\jaxb-runtime-4.0.5.jar;C:\Users\pcz\.m2\repository\org\glassfish\jaxb\jaxb-core\4.0.5\jaxb-core-4.0.5.jar;C:\Users\pcz\.m2\repository\org\glassfish\jaxb\txw2\4.0.5\txw2-4.0.5.jar;C:\Users\pcz\.m2\repository\com\sun\istack\istack-commons-runtime\4.1.2\istack-commons-runtime-4.1.2.jar;C:\Users\pcz\.m2\repository\jakarta\inject\jakarta.inject-api\2.0.1\jakarta.inject-api-2.0.1.jar;C:\Users\pcz\.m2\repository\org\antlr\antlr4-runtime\4.13.0\antlr4-runtime-4.13.0.jar;C:\Users\pcz\.m2\repository\org\springframework\data\spring-data-jpa\3.3.5\spring-data-jpa-3.3.5.jar;C:\Users\pcz\.m2\repository\org\springframework\data\spring-data-commons\3.3.5\spring-data-commons-3.3.5.jar;C:\Users\pcz\.m2\repository\org\springframework\spring-orm\6.1.14\spring-orm-6.1.14.jar;C:\Users\pcz\.m2\repository\org\springframework\spring-context\6.1.14\spring-context-6.1.14.jar;C:\Users\pcz\.m2\repository\org\springframework\spring-tx\6.1.14\spring-tx-6.1.14.jar;C:\Users\pcz\.m2\repository\org\springframework\spring-beans\6.1.14\spring-beans-6.1.14.jar;C:\Users\pcz\.m2\repository\jakarta\annotation\jakarta.annotation-api\2.1.1\jakarta.annotation-api-2.1.1.jar;C:\Users\pcz\.m2\repository\org\springframework\spring-aspects\6.1.14\spring-aspects-6.1.14.jar;C:\Users\pcz\.m2\repository\org\springframework\boot\spring-boot-starter-validation\3.3.5\spring-boot-starter-validation-3.3.5.jar;C:\Users\pcz\.m2\repository\org\springframework\boot\spring-boot-starter\3.3.5\spring-boot-starter-3.3.5.jar;C:\Users\pcz\.m2\repository\org\springframework\boot\spring-boot-starter-logging\3.3.5\spring-boot-starter-logging-3.3.5.jar;C:\Users\pcz\.m2\repository\ch\qos\logback\logback-classic\1.5.11\logback-classic-1.5.11.jar;C:\Users\pcz\.m2\repository\ch\qos\logback\logback-core\1.5.11\logback-core-1.5.11.jar;C:\Users\pcz\.m2\repository\org\apache\logging\log4j\log4j-to-slf4j\2.23.1\log4j-to-slf4j-2.23.1.jar;C:\Users\pcz\.m2\repository\org\apache\logging\log4j\log4j-api\2.23.1\log4j-api-2.23.1.jar;C:\Users\pcz\.m2\repository\org\slf4j\jul-to-slf4j\2.0.16\jul-to-slf4j-2.0.16.jar;C:\Users\pcz\.m2\repository\org\yaml\snakeyaml\2.2\snakeyaml-2.2.jar;C:\Users\pcz\.m2\repository\org\apache\tomcat\embed\tomcat-embed-el\10.1.31\tomcat-embed-el-10.1.31.jar;C:\Users\pcz\.m2\repository\org\hibernate\validator\hibernate-validator\8.0.1.Final\hibernate-validator-8.0.1.Final.jar;C:\Users\pcz\.m2\repository\jakarta\validation\jakarta.validation-api\3.0.2\jakarta.validation-api-3.0.2.jar;C:\Users\pcz\.m2\repository\org\springframework\boot\spring-boot-starter-web\3.3.5\spring-boot-starter-web-3.3.5.jar;C:\Users\pcz\.m2\repository\org\springframework\boot\spring-boot-starter-json\3.3.5\spring-boot-starter-json-3.3.5.jar;C:\Users\pcz\.m2\repository\com\fasterxml\jackson\datatype\jackson-datatype-jsr310\2.17.2\jackson-datatype-jsr310-2.17.2.jar;C:\Users\pcz\.m2\repository\com\fasterxml\jackson\module\jackson-module-parameter-names\2.17.2\jackson-module-parameter-names-2.17.2.jar;C:\Users\pcz\.m2\repository\org\springframework\boot\spring-boot-starter-tomcat\3.3.5\spring-boot-starter-tomcat-3.3.5.jar;C:\Users\pcz\.m2\repository\org\apache\tomcat\embed\tomcat-embed-core\10.1.31\tomcat-embed-core-10.1.31.jar;C:\Users\pcz\.m2\repository\org\apache\tomcat\embed\tomcat-embed-websocket\10.1.31\tomcat-embed-websocket-10.1.31.jar;C:\Users\pcz\.m2\repository\org\springframework\spring-web\6.1.14\spring-web-6.1.14.jar;C:\Users\pcz\.m2\repository\org\springframework\spring-webmvc\6.1.14\spring-webmvc-6.1.14.jar;C:\Users\pcz\.m2\repository\org\springframework\spring-expression\6.1.14\spring-expression-6.1.14.jar;C:\Users\pcz\.m2\repository\org\springframework\boot\spring-boot-starter-security\3.3.5\spring-boot-starter-security-3.3.5.jar;C:\Users\pcz\.m2\repository\org\springframework\spring-aop\6.1.14\spring-aop-6.1.14.jar;C:\Users\pcz\.m2\repository\org\springframework\security\spring-security-config\6.3.4\spring-security-config-6.3.4.jar;C:\Users\pcz\.m2\repository\org\springframework\security\spring-security-core\6.3.4\spring-security-core-6.3.4.jar;C:\Users\pcz\.m2\repository\org\springframework\security\spring-security-crypto\6.3.4\spring-security-crypto-6.3.4.jar;C:\Users\pcz\.m2\repository\org\springframework\security\spring-security-web\6.3.4\spring-security-web-6.3.4.jar;C:\Users\pcz\.m2\repository\com\mysql\mysql-connector-j\8.3.0\mysql-connector-j-8.3.0.jar;C:\Users\pcz\.m2\repository\org\springframework\boot\spring-boot-starter-mail\3.3.5\spring-boot-starter-mail-3.3.5.jar;C:\Users\pcz\.m2\repository\org\springframework\spring-context-support\6.1.14\spring-context-support-6.1.14.jar;C:\Users\pcz\.m2\repository\org\eclipse\angus\jakarta.mail\2.0.3\jakarta.mail-2.0.3.jar;C:\Users\pcz\.m2\repository\org\eclipse\angus\angus-activation\2.0.2\angus-activation-2.0.2.jar;C:\Users\pcz\.m2\repository\org\springframework\boot\spring-boot-starter-cache\3.3.5\spring-boot-starter-cache-3.3.5.jar;C:\Users\pcz\.m2\repository\com\github\ben-manes\caffeine\caffeine\3.1.8\caffeine-3.1.8.jar;C:\Users\pcz\.m2\repository\org\checkerframework\checker-qual\3.37.0\checker-qual-3.37.0.jar;C:\Users\pcz\.m2\repository\com\google\errorprone\error_prone_annotations\2.21.1\error_prone_annotations-2.21.1.jar;C:\Users\pcz\.m2\repository\io\jsonwebtoken\jjwt\0.9.1\jjwt-0.9.1.jar;C:\Users\pcz\.m2\repository\javax\xml\bind\jaxb-api\2.1\jaxb-api-2.1.jar;C:\Users\pcz\.m2\repository\javax\xml\stream\stax-api\1.0-2\stax-api-1.0-2.jar;C:\Users\pcz\.m2\repository\javax\activation\activation\1.1\activation-1.1.jar;C:\Users\pcz\.m2\repository\org\springdoc\springdoc-openapi-starter-webmvc-ui\2.0.2\springdoc-openapi-starter-webmvc-ui-2.0.2.jar;C:\Users\pcz\.m2\repository\org\springdoc\springdoc-openapi-starter-webmvc-api\2.0.2\springdoc-openapi-starter-webmvc-api-2.0.2.jar;C:\Users\pcz\.m2\repository\org\springdoc\springdoc-openapi-starter-common\2.0.2\springdoc-openapi-starter-common-2.0.2.jar;C:\Users\pcz\.m2\repository\io\swagger\core\v3\swagger-core-jakarta\2.2.7\swagger-core-jakarta-2.2.7.jar;C:\Users\pcz\.m2\repository\io\swagger\core\v3\swagger-annotations-jakarta\2.2.7\swagger-annotations-jakarta-2.2.7.jar;C:\Users\pcz\.m2\repository\io\swagger\core\v3\swagger-models-jakarta\2.2.7\swagger-models-jakarta-2.2.7.jar;C:\Users\pcz\.m2\repository\com\fasterxml\jackson\dataformat\jackson-dataformat-yaml\2.17.2\jackson-dataformat-yaml-2.17.2.jar;C:\Users\pcz\.m2\repository\org\webjars\swagger-ui\4.15.5\swagger-ui-4.15.5.jar;C:\Users\pcz\.m2\repository\org\webjars\webjars-locator-core\0.58\webjars-locator-core-0.58.jar;C:\Users\pcz\.m2\repository\io\github\classgraph\classgraph\4.8.149\classgraph-4.8.149.jar;C:\Users\pcz\.m2\repository\org\springframework\boot\spring-boot-starter-actuator\3.3.5\spring-boot-starter-actuator-3.3.5.jar;C:\Users\pcz\.m2\repository\org\springframework\boot\spring-boot-actuator-autoconfigure\3.3.5\spring-boot-actuator-autoconfigure-3.3.5.jar;C:\Users\pcz\.m2\repository\org\springframework\boot\spring-boot-actuator\3.3.5\spring-boot-actuator-3.3.5.jar;C:\Users\pcz\.m2\repository\io\micrometer\micrometer-observation\1.13.6\micrometer-observation-1.13.6.jar;C:\Users\pcz\.m2\repository\io\micrometer\micrometer-commons\1.13.6\micrometer-commons-1.13.6.jar;C:\Users\pcz\.m2\repository\io\micrometer\micrometer-jakarta9\1.13.6\micrometer-jakarta9-1.13.6.jar;C:\Users\pcz\.m2\repository\io\micrometer\micrometer-core\1.13.6\micrometer-core-1.13.6.jar;C:\Users\pcz\.m2\repository\org\hdrhistogram\HdrHistogram\2.2.2\HdrHistogram-2.2.2.jar;C:\Users\pcz\.m2\repository\org\latencyutils\LatencyUtils\2.0.3\LatencyUtils-2.0.3.jar;C:\Users\pcz\.m2\repository\com\fasterxml\jackson\core\jackson-databind\2.17.2\jackson-databind-2.17.2.jar;C:\Users\pcz\.m2\repository\com\fasterxml\jackson\core\jackson-core\2.17.2\jackson-core-2.17.2.jar;C:\Users\pcz\.m2\repository\com\fasterxml\jackson\core\jackson-annotations\2.17.2\jackson-annotations-2.17.2.jar;C:\Users\pcz\.m2\repository\com\fasterxml\jackson\datatype\jackson-datatype-jdk8\2.17.2\jackson-datatype-jdk8-2.17.2.jar;C:\Users\pcz\.m2\repository\org\springframework\boot\spring-boot-starter-test\3.3.5\spring-boot-starter-test-3.3.5.jar;C:\Users\pcz\.m2\repository\org\springframework\boot\spring-boot-test\3.3.5\spring-boot-test-3.3.5.jar;C:\Users\pcz\.m2\repository\org\springframework\boot\spring-boot-test-autoconfigure\3.3.5\spring-boot-test-autoconfigure-3.3.5.jar;C:\Users\pcz\.m2\repository\com\jayway\jsonpath\json-path\2.9.0\json-path-2.9.0.jar;C:\Users\pcz\.m2\repository\jakarta\xml\bind\jakarta.xml.bind-api\4.0.2\jakarta.xml.bind-api-4.0.2.jar;C:\Users\pcz\.m2\repository\net\minidev\json-smart\2.5.1\json-smart-2.5.1.jar;C:\Users\pcz\.m2\repository\net\minidev\accessors-smart\2.5.1\accessors-smart-2.5.1.jar;C:\Users\pcz\.m2\repository\org\ow2\asm\asm\9.6\asm-9.6.jar;C:\Users\pcz\.m2\repository\org\assertj\assertj-core\3.25.3\assertj-core-3.25.3.jar;C:\Users\pcz\.m2\repository\org\awaitility\awaitility\4.2.2\awaitility-4.2.2.jar;C:\Users\pcz\.m2\repository\org\hamcrest\hamcrest\2.2\hamcrest-2.2.jar;C:\Users\pcz\.m2\repository\org\junit\jupiter\junit-jupiter\5.10.5\junit-jupiter-5.10.5.jar;C:\Users\pcz\.m2\repository\org\junit\jupiter\junit-jupiter-params\5.10.5\junit-jupiter-params-5.10.5.jar;C:\Users\pcz\.m2\repository\org\junit\jupiter\junit-jupiter-engine\5.10.5\junit-jupiter-engine-5.10.5.jar;C:\Users\pcz\.m2\repository\org\junit\platform\junit-platform-engine\1.10.5\junit-platform-engine-1.10.5.jar;C:\Users\pcz\.m2\repository\org\mockito\mockito-core\5.11.0\mockito-core-5.11.0.jar;C:\Users\pcz\.m2\repository\net\bytebuddy\byte-buddy-agent\1.14.19\byte-buddy-agent-1.14.19.jar;C:\Users\pcz\.m2\repository\org\objenesis\objenesis\3.3\objenesis-3.3.jar;C:\Users\pcz\.m2\repository\org\mockito\mockito-junit-jupiter\5.11.0\mockito-junit-jupiter-5.11.0.jar;C:\Users\pcz\.m2\repository\org\skyscreamer\jsonassert\1.5.3\jsonassert-1.5.3.jar;C:\Users\pcz\.m2\repository\com\vaadin\external\google\android-json\0.0.20131108.vaadin1\android-json-0.0.20131108.vaadin1.jar;C:\Users\pcz\.m2\repository\org\springframework\spring-core\6.1.14\spring-core-6.1.14.jar;C:\Users\pcz\.m2\repository\org\springframework\spring-jcl\6.1.14\spring-jcl-6.1.14.jar;C:\Users\pcz\.m2\repository\org\springframework\spring-test\6.1.14\spring-test-6.1.14.jar;C:\Users\pcz\.m2\repository\org\xmlunit\xmlunit-core\2.9.1\xmlunit-core-2.9.1.jar;C:\Users\pcz\.m2\repository\org\springframework\boot\spring-boot-devtools\3.3.5\spring-boot-devtools-3.3.5.jar;C:\Users\pcz\.m2\repository\org\springframework\boot\spring-boot\3.3.5\spring-boot-3.3.5.jar;C:\Users\pcz\.m2\repository\org\springframework\boot\spring-boot-autoconfigure\3.3.5\spring-boot-autoconfigure-3.3.5.jar;"/>
    <property name="java.vm.vendor" value="Oracle Corporation"/>
    <property name="sun.arch.data.model" value="64"/>
    <property name="user.variant" value=""/>
    <property name="java.vendor.url" value="https://java.oracle.com/"/>
    <property name="user.timezone" value="Asia/Calcutta"/>
    <property name="org.jboss.logging.provider" value="slf4j"/>
    <property name="os.name" value="Windows 10"/>
    <property name="java.vm.specification.version" value="21"/>
    <property name="sun.java.launcher" value="SUN_STANDARD"/>
    <property name="user.country" value="IN"/>
    <property name="sun.boot.library.path" value="C:\Program Files\Java\jdk-21\bin"/>
    <property name="sun.java.command" value="C:\Users\pcz\AppData\Local\Temp\surefire8307095603912161652\surefirebooter-20241201015501790_3.jar C:\Users\pcz\AppData\Local\Temp\surefire8307095603912161652 2024-12-01T01-55-01_450-jvmRun1 surefire-20241201015501790_1tmp surefire_0-20241201015501790_2tmp"/>
    <property name="jdk.debug" value="release"/>
    <property name="surefire.test.class.path" value="C:\Users\pcz\Downloads\removeGeolocation\BankingPortal-API-main\target\test-classes;C:\Users\pcz\Downloads\removeGeolocation\BankingPortal-API-main\target\classes;C:\Users\pcz\.m2\repository\org\projectlombok\lombok\1.18.34\lombok-1.18.34.jar;C:\Users\pcz\.m2\repository\com\icegreen\greenmail-junit5\2.0.0-alpha-2\greenmail-junit5-2.0.0-alpha-2.jar;C:\Users\pcz\.m2\repository\com\icegreen\greenmail\2.0.0-alpha-2\greenmail-2.0.0-alpha-2.jar;C:\Users\pcz\.m2\repository\com\sun\mail\jakarta.mail\2.0.1\jakarta.mail-2.0.1.jar;C:\Users\pcz\.m2\repository\com\sun\activation\jakarta.activation\2.0.1\jakarta.activation-2.0.1.jar;C:\Users\pcz\.m2\repository\jakarta\activation\jakarta.activation-api\2.1.3\jakarta.activation-api-2.1.3.jar;C:\Users\pcz\.m2\repository\org\slf4j\slf4j-api\2.0.16\slf4j-api-2.0.16.jar;C:\Users\pcz\.m2\repository\junit\junit\4.13.2\junit-4.13.2.jar;C:\Users\pcz\.m2\repository\org\junit\jupiter\junit-jupiter-api\5.10.5\junit-jupiter-api-5.10.5.jar;C:\Users\pcz\.m2\repository\org\opentest4j\opentest4j\1.3.0\opentest4j-1.3.0.jar;C:\Users\pcz\.m2\repository\org\junit\platform\junit-platform-commons\1.10.5\junit-platform-commons-1.10.5.jar;C:\Users\pcz\.m2\repository\org\apiguardian\apiguardian-api\1.1.2\apiguardian-api-1.1.2.jar;C:\Users\pcz\.m2\repository\com\googlecode\libphonenumber\libphonenumber\8.13.38\libphonenumber-8.13.38.jar;C:\Users\pcz\.m2\repository\com\github\javafaker\javafaker\1.0.2\javafaker-1.0.2.jar;C:\Users\pcz\.m2\repository\org\apache\commons\commons-lang3\3.14.0\commons-lang3-3.14.0.jar;C:\Users\pcz\.m2\repository\org\yaml\snakeyaml\1.23\snakeyaml-1.23-android.jar;C:\Users\pcz\.m2\repository\com\github\mifmif\generex\1.0.2\generex-1.0.2.jar;C:\Users\pcz\.m2\repository\dk\brics\automaton\automaton\1.11-8\automaton-1.11-8.jar;C:\Users\pcz\.m2\repository\org\mapstruct\mapstruct-processor\1.6.0.Beta2\mapstruct-processor-1.6.0.Beta2.jar;C:\Users\pcz\.m2\repository\org\mapstruct\mapstruct\1.6.0.Beta2\mapstruct-1.6.0.Beta2.jar;C:\Users\pcz\.m2\repository\org\springframework\boot\spring-boot-starter-data-jpa\3.3.5\spring-boot-starter-data-jpa-3.3.5.jar;C:\Users\pcz\.m2\repository\org\springframework\boot\spring-boot-starter-aop\3.3.5\spring-boot-starter-aop-3.3.5.jar;C:\Users\pcz\.m2\repository\org\aspectj\aspectjweaver\1.9.22.1\aspectjweaver-1.9.22.1.jar;C:\Users\pcz\.m2\repository\org\springframework\boot\spring-boot-starter-jdbc\3.3.5\spring-boot-starter-jdbc-3.3.5.jar;C:\Users\pcz\.m2\repository\com\zaxxer\HikariCP\5.1.0\HikariCP-5.1.0.jar;C:\Users\pcz\.m2\repository\org\springframework\spring-jdbc\6.1.14\spring-jdbc-6.1.14.jar;C:\Users\pcz\.m2\repository\org\hibernate\orm\hibernate-core\6.5.3.Final\hibernate-core-6.5.3.Final.jar;C:\Users\pcz\.m2\repository\jakarta\persistence\jakarta.persistence-api\3.1.0\jakarta.persistence-api-3.1.0.jar;C:\Users\pcz\.m2\repository\jakarta\transaction\jakarta.transaction-api\2.0.1\jakarta.transaction-api-2.0.1.jar;C:\Users\pcz\.m2\repository\org\jboss\logging\jboss-logging\3.5.3.Final\jboss-logging-3.5.3.Final.jar;C:\Users\pcz\.m2\repository\org\hibernate\common\hibernate-commons-annotations\6.0.6.Final\hibernate-commons-annotations-6.0.6.Final.jar;C:\Users\pcz\.m2\repository\io\smallrye\jandex\3.1.2\jandex-3.1.2.jar;C:\Users\pcz\.m2\repository\com\fasterxml\classmate\1.7.0\classmate-1.7.0.jar;C:\Users\pcz\.m2\repository\net\bytebuddy\byte-buddy\1.14.19\byte-buddy-1.14.19.jar;C:\Users\pcz\.m2\repository\org\glassfish\jaxb\jaxb-runtime\4.0.5\jaxb-runtime-4.0.5.jar;C:\Users\pcz\.m2\repository\org\glassfish\jaxb\jaxb-core\4.0.5\jaxb-core-4.0.5.jar;C:\Users\pcz\.m2\repository\org\glassfish\jaxb\txw2\4.0.5\txw2-4.0.5.jar;C:\Users\pcz\.m2\repository\com\sun\istack\istack-commons-runtime\4.1.2\istack-commons-runtime-4.1.2.jar;C:\Users\pcz\.m2\repository\jakarta\inject\jakarta.inject-api\2.0.1\jakarta.inject-api-2.0.1.jar;C:\Users\pcz\.m2\repository\org\antlr\antlr4-runtime\4.13.0\antlr4-runtime-4.13.0.jar;C:\Users\pcz\.m2\repository\org\springframework\data\spring-data-jpa\3.3.5\spring-data-jpa-3.3.5.jar;C:\Users\pcz\.m2\repository\org\springframework\data\spring-data-commons\3.3.5\spring-data-commons-3.3.5.jar;C:\Users\pcz\.m2\repository\org\springframework\spring-orm\6.1.14\spring-orm-6.1.14.jar;C:\Users\pcz\.m2\repository\org\springframework\spring-context\6.1.14\spring-context-6.1.14.jar;C:\Users\pcz\.m2\repository\org\springframework\spring-tx\6.1.14\spring-tx-6.1.14.jar;C:\Users\pcz\.m2\repository\org\springframework\spring-beans\6.1.14\spring-beans-6.1.14.jar;C:\Users\pcz\.m2\repository\jakarta\annotation\jakarta.annotation-api\2.1.1\jakarta.annotation-api-2.1.1.jar;C:\Users\pcz\.m2\repository\org\springframework\spring-aspects\6.1.14\spring-aspects-6.1.14.jar;C:\Users\pcz\.m2\repository\org\springframework\boot\spring-boot-starter-validation\3.3.5\spring-boot-starter-validation-3.3.5.jar;C:\Users\pcz\.m2\repository\org\springframework\boot\spring-boot-starter\3.3.5\spring-boot-starter-3.3.5.jar;C:\Users\pcz\.m2\repository\org\springframework\boot\spring-boot-starter-logging\3.3.5\spring-boot-starter-logging-3.3.5.jar;C:\Users\pcz\.m2\repository\ch\qos\logback\logback-classic\1.5.11\logback-classic-1.5.11.jar;C:\Users\pcz\.m2\repository\ch\qos\logback\logback-core\1.5.11\logback-core-1.5.11.jar;C:\Users\pcz\.m2\repository\org\apache\logging\log4j\log4j-to-slf4j\2.23.1\log4j-to-slf4j-2.23.1.jar;C:\Users\pcz\.m2\repository\org\apache\logging\log4j\log4j-api\2.23.1\log4j-api-2.23.1.jar;C:\Users\pcz\.m2\repository\org\slf4j\jul-to-slf4j\2.0.16\jul-to-slf4j-2.0.16.jar;C:\Users\pcz\.m2\repository\org\yaml\snakeyaml\2.2\snakeyaml-2.2.jar;C:\Users\pcz\.m2\repository\org\apache\tomcat\embed\tomcat-embed-el\10.1.31\tomcat-embed-el-10.1.31.jar;C:\Users\pcz\.m2\repository\org\hibernate\validator\hibernate-validator\8.0.1.Final\hibernate-validator-8.0.1.Final.jar;C:\Users\pcz\.m2\repository\jakarta\validation\jakarta.validation-api\3.0.2\jakarta.validation-api-3.0.2.jar;C:\Users\pcz\.m2\repository\org\springframework\boot\spring-boot-starter-web\3.3.5\spring-boot-starter-web-3.3.5.jar;C:\Users\pcz\.m2\repository\org\springframework\boot\spring-boot-starter-json\3.3.5\spring-boot-starter-json-3.3.5.jar;C:\Users\pcz\.m2\repository\com\fasterxml\jackson\datatype\jackson-datatype-jsr310\2.17.2\jackson-datatype-jsr310-2.17.2.jar;C:\Users\pcz\.m2\repository\com\fasterxml\jackson\module\jackson-module-parameter-names\2.17.2\jackson-module-parameter-names-2.17.2.jar;C:\Users\pcz\.m2\repository\org\springframework\boot\spring-boot-starter-tomcat\3.3.5\spring-boot-starter-tomcat-3.3.5.jar;C:\Users\pcz\.m2\repository\org\apache\tomcat\embed\tomcat-embed-core\10.1.31\tomcat-embed-core-10.1.31.jar;C:\Users\pcz\.m2\repository\org\apache\tomcat\embed\tomcat-embed-websocket\10.1.31\tomcat-embed-websocket-10.1.31.jar;C:\Users\pcz\.m2\repository\org\springframework\spring-web\6.1.14\spring-web-6.1.14.jar;C:\Users\pcz\.m2\repository\org\springframework\spring-webmvc\6.1.14\spring-webmvc-6.1.14.jar;C:\Users\pcz\.m2\repository\org\springframework\spring-expression\6.1.14\spring-expression-6.1.14.jar;C:\Users\pcz\.m2\repository\org\springframework\boot\spring-boot-starter-security\3.3.5\spring-boot-starter-security-3.3.5.jar;C:\Users\pcz\.m2\repository\org\springframework\spring-aop\6.1.14\spring-aop-6.1.14.jar;C:\Users\pcz\.m2\repository\org\springframework\security\spring-security-config\6.3.4\spring-security-config-6.3.4.jar;C:\Users\pcz\.m2\repository\org\springframework\security\spring-security-core\6.3.4\spring-security-core-6.3.4.jar;C:\Users\pcz\.m2\repository\org\springframework\security\spring-security-crypto\6.3.4\spring-security-crypto-6.3.4.jar;C:\Users\pcz\.m2\repository\org\springframework\security\spring-security-web\6.3.4\spring-security-web-6.3.4.jar;C:\Users\pcz\.m2\repository\com\mysql\mysql-connector-j\8.3.0\mysql-connector-j-8.3.0.jar;C:\Users\pcz\.m2\repository\org\springframework\boot\spring-boot-starter-mail\3.3.5\spring-boot-starter-mail-3.3.5.jar;C:\Users\pcz\.m2\repository\org\springframework\spring-context-support\6.1.14\spring-context-support-6.1.14.jar;C:\Users\pcz\.m2\repository\org\eclipse\angus\jakarta.mail\2.0.3\jakarta.mail-2.0.3.jar;C:\Users\pcz\.m2\repository\org\eclipse\angus\angus-activation\2.0.2\angus-activation-2.0.2.jar;C:\Users\pcz\.m2\repository\org\springframework\boot\spring-boot-starter-cache\3.3.5\spring-boot-starter-cache-3.3.5.jar;C:\Users\pcz\.m2\repository\com\github\ben-manes\caffeine\caffeine\3.1.8\caffeine-3.1.8.jar;C:\Users\pcz\.m2\repository\org\checkerframework\checker-qual\3.37.0\checker-qual-3.37.0.jar;C:\Users\pcz\.m2\repository\com\google\errorprone\error_prone_annotations\2.21.1\error_prone_annotations-2.21.1.jar;C:\Users\pcz\.m2\repository\io\jsonwebtoken\jjwt\0.9.1\jjwt-0.9.1.jar;C:\Users\pcz\.m2\repository\javax\xml\bind\jaxb-api\2.1\jaxb-api-2.1.jar;C:\Users\pcz\.m2\repository\javax\xml\stream\stax-api\1.0-2\stax-api-1.0-2.jar;C:\Users\pcz\.m2\repository\javax\activation\activation\1.1\activation-1.1.jar;C:\Users\pcz\.m2\repository\org\springdoc\springdoc-openapi-starter-webmvc-ui\2.0.2\springdoc-openapi-starter-webmvc-ui-2.0.2.jar;C:\Users\pcz\.m2\repository\org\springdoc\springdoc-openapi-starter-webmvc-api\2.0.2\springdoc-openapi-starter-webmvc-api-2.0.2.jar;C:\Users\pcz\.m2\repository\org\springdoc\springdoc-openapi-starter-common\2.0.2\springdoc-openapi-starter-common-2.0.2.jar;C:\Users\pcz\.m2\repository\io\swagger\core\v3\swagger-core-jakarta\2.2.7\swagger-core-jakarta-2.2.7.jar;C:\Users\pcz\.m2\repository\io\swagger\core\v3\swagger-annotations-jakarta\2.2.7\swagger-annotations-jakarta-2.2.7.jar;C:\Users\pcz\.m2\repository\io\swagger\core\v3\swagger-models-jakarta\2.2.7\swagger-models-jakarta-2.2.7.jar;C:\Users\pcz\.m2\repository\com\fasterxml\jackson\dataformat\jackson-dataformat-yaml\2.17.2\jackson-dataformat-yaml-2.17.2.jar;C:\Users\pcz\.m2\repository\org\webjars\swagger-ui\4.15.5\swagger-ui-4.15.5.jar;C:\Users\pcz\.m2\repository\org\webjars\webjars-locator-core\0.58\webjars-locator-core-0.58.jar;C:\Users\pcz\.m2\repository\io\github\classgraph\classgraph\4.8.149\classgraph-4.8.149.jar;C:\Users\pcz\.m2\repository\org\springframework\boot\spring-boot-starter-actuator\3.3.5\spring-boot-starter-actuator-3.3.5.jar;C:\Users\pcz\.m2\repository\org\springframework\boot\spring-boot-actuator-autoconfigure\3.3.5\spring-boot-actuator-autoconfigure-3.3.5.jar;C:\Users\pcz\.m2\repository\org\springframework\boot\spring-boot-actuator\3.3.5\spring-boot-actuator-3.3.5.jar;C:\Users\pcz\.m2\repository\io\micrometer\micrometer-observation\1.13.6\micrometer-observation-1.13.6.jar;C:\Users\pcz\.m2\repository\io\micrometer\micrometer-commons\1.13.6\micrometer-commons-1.13.6.jar;C:\Users\pcz\.m2\repository\io\micrometer\micrometer-jakarta9\1.13.6\micrometer-jakarta9-1.13.6.jar;C:\Users\pcz\.m2\repository\io\micrometer\micrometer-core\1.13.6\micrometer-core-1.13.6.jar;C:\Users\pcz\.m2\repository\org\hdrhistogram\HdrHistogram\2.2.2\HdrHistogram-2.2.2.jar;C:\Users\pcz\.m2\repository\org\latencyutils\LatencyUtils\2.0.3\LatencyUtils-2.0.3.jar;C:\Users\pcz\.m2\repository\com\fasterxml\jackson\core\jackson-databind\2.17.2\jackson-databind-2.17.2.jar;C:\Users\pcz\.m2\repository\com\fasterxml\jackson\core\jackson-core\2.17.2\jackson-core-2.17.2.jar;C:\Users\pcz\.m2\repository\com\fasterxml\jackson\core\jackson-annotations\2.17.2\jackson-annotations-2.17.2.jar;C:\Users\pcz\.m2\repository\com\fasterxml\jackson\datatype\jackson-datatype-jdk8\2.17.2\jackson-datatype-jdk8-2.17.2.jar;C:\Users\pcz\.m2\repository\org\springframework\boot\spring-boot-starter-test\3.3.5\spring-boot-starter-test-3.3.5.jar;C:\Users\pcz\.m2\repository\org\springframework\boot\spring-boot-test\3.3.5\spring-boot-test-3.3.5.jar;C:\Users\pcz\.m2\repository\org\springframework\boot\spring-boot-test-autoconfigure\3.3.5\spring-boot-test-autoconfigure-3.3.5.jar;C:\Users\pcz\.m2\repository\com\jayway\jsonpath\json-path\2.9.0\json-path-2.9.0.jar;C:\Users\pcz\.m2\repository\jakarta\xml\bind\jakarta.xml.bind-api\4.0.2\jakarta.xml.bind-api-4.0.2.jar;C:\Users\pcz\.m2\repository\net\minidev\json-smart\2.5.1\json-smart-2.5.1.jar;C:\Users\pcz\.m2\repository\net\minidev\accessors-smart\2.5.1\accessors-smart-2.5.1.jar;C:\Users\pcz\.m2\repository\org\ow2\asm\asm\9.6\asm-9.6.jar;C:\Users\pcz\.m2\repository\org\assertj\assertj-core\3.25.3\assertj-core-3.25.3.jar;C:\Users\pcz\.m2\repository\org\awaitility\awaitility\4.2.2\awaitility-4.2.2.jar;C:\Users\pcz\.m2\repository\org\hamcrest\hamcrest\2.2\hamcrest-2.2.jar;C:\Users\pcz\.m2\repository\org\junit\jupiter\junit-jupiter\5.10.5\junit-jupiter-5.10.5.jar;C:\Users\pcz\.m2\repository\org\junit\jupiter\junit-jupiter-params\5.10.5\junit-jupiter-params-5.10.5.jar;C:\Users\pcz\.m2\repository\org\junit\jupiter\junit-jupiter-engine\5.10.5\junit-jupiter-engine-5.10.5.jar;C:\Users\pcz\.m2\repository\org\junit\platform\junit-platform-engine\1.10.5\junit-platform-engine-1.10.5.jar;C:\Users\pcz\.m2\repository\org\mockito\mockito-core\5.11.0\mockito-core-5.11.0.jar;C:\Users\pcz\.m2\repository\net\bytebuddy\byte-buddy-agent\1.14.19\byte-buddy-agent-1.14.19.jar;C:\Users\pcz\.m2\repository\org\objenesis\objenesis\3.3\objenesis-3.3.jar;C:\Users\pcz\.m2\repository\org\mockito\mockito-junit-jupiter\5.11.0\mockito-junit-jupiter-5.11.0.jar;C:\Users\pcz\.m2\repository\org\skyscreamer\jsonassert\1.5.3\jsonassert-1.5.3.jar;C:\Users\pcz\.m2\repository\com\vaadin\external\google\android-json\0.0.20131108.vaadin1\android-json-0.0.20131108.vaadin1.jar;C:\Users\pcz\.m2\repository\org\springframework\spring-core\6.1.14\spring-core-6.1.14.jar;C:\Users\pcz\.m2\repository\org\springframework\spring-jcl\6.1.14\spring-jcl-6.1.14.jar;C:\Users\pcz\.m2\repository\org\springframework\spring-test\6.1.14\spring-test-6.1.14.jar;C:\Users\pcz\.m2\repository\org\xmlunit\xmlunit-core\2.9.1\xmlunit-core-2.9.1.jar;C:\Users\pcz\.m2\repository\org\springframework\boot\spring-boot-devtools\3.3.5\spring-boot-devtools-3.3.5.jar;C:\Users\pcz\.m2\repository\org\springframework\boot\spring-boot\3.3.5\spring-boot-3.3.5.jar;C:\Users\pcz\.m2\repository\org\springframework\boot\spring-boot-autoconfigure\3.3.5\spring-boot-autoconfigure-3.3.5.jar;"/>
    <property name="sun.cpu.endian" value="little"/>
    <property name="user.home" value="C:\Users\pcz"/>
    <property name="user.language" value="en"/>
    <property name="java.specification.vendor" value="Oracle Corporation"/>
    <property name="java.version.date" value="2023-10-17"/>
    <property name="java.home" value="C:\Program Files\Java\jdk-21"/>
    <property name="file.separator" value="\"/>
    <property name="basedir" value="C:\Users\pcz\Downloads\removeGeolocation\BankingPortal-API-main"/>
    <property name="java.vm.compressedOopsMode" value="32-bit"/>
    <property name="line.separator" value="&#10;"/>
    <property name="java.vm.specification.vendor" value="Oracle Corporation"/>
    <property name="java.specification.name" value="Java Platform API Specification"/>
    <property name="FILE_LOG_CHARSET" value="UTF-8"/>
    <property name="java.awt.headless" value="true"/>
    <property name="surefire.real.class.path" value="C:\Users\pcz\AppData\Local\Temp\surefire8307095603912161652\surefirebooter-20241201015501790_3.jar"/>
    <property name="user.script" value=""/>
    <property name="sun.management.compiler" value="HotSpot 64-Bit Tiered Compilers"/>
    <property name="java.runtime.version" value="21.0.1+12-LTS-29"/>
    <property name="user.name" value="pcz"/>
    <property name="stdout.encoding" value="Cp1252"/>
    <property name="path.separator" value=";"/>
    <property name="os.version" value="10.0"/>
    <property name="java.runtime.name" value="Java(TM) SE Runtime Environment"/>
    <property name="file.encoding" value="UTF-8"/>
    <property name="java.vm.name" value="Java HotSpot(TM) 64-Bit Server VM"/>
    <property name="localRepository" value="C:\Users\pcz\.m2\repository"/>
    <property name="java.vendor.url.bug" value="https://bugreport.java.com/bugreport/"/>
    <property name="java.io.tmpdir" value="C:\Users\pcz\AppData\Local\Temp\"/>
    <property name="com.zaxxer.hikari.pool_number" value="1"/>
    <property name="java.version" value="21.0.1"/>
    <property name="user.dir" value="C:\Users\pcz\Downloads\removeGeolocation\BankingPortal-API-main"/>
    <property name="os.arch" value="amd64"/>
    <property name="java.vm.specification.name" value="Java Virtual Machine Specification"/>
    <property name="PID" value="20464"/>
    <property name="sun.os.patch.level" value=""/>
    <property name="CONSOLE_LOG_CHARSET" value="UTF-8"/>
    <property name="native.encoding" value="Cp1252"/>
    <property name="java.library.path" value="C:\Program Files\Java\jdk-21\bin;C:\Windows\Sun\Java\bin;C:\Windows\system32;C:\Windows;C:\Python312\Scripts\;C:\Python312\;C:\Program Files\Common Files\Oracle\Java\javapath;C:\Program Files (x86)\Common Files\Oracle\Java\javapath;C:\Windows\system32;C:\Windows;C:\Windows\System32\Wbem;C:\Windows\System32\WindowsPowerShell\v1.0\;C:\Windows\System32\OpenSSH\;C:\Program Files\nodejs\;C:\ProgramData\chocolatey\bin;C:\Program Files\Git\cmd;C:\Program Files\Git LFS;C:\Users\pcz\Downloads\apache-maven-3.9.9-bin;;C:\Program Files\Docker\Docker\resources\bin;C:\Program Files\MySQL\MySQL Shell 8.0\bin\;C:\Users\pcz\AppData\Local\Microsoft\WindowsApps;C:\Users\pcz\AppData\Local\Programs\Microsoft VS Code\bin;C:\Users\pcz\AppData\Roaming\npm;C:\Users\pcz\AppData\Local\GitHubDesktop\bin;C:\Users\pcz\Downloads\apache-maven-3.9.9-bin\apache-maven-3.9.9\bin;;."/>
    <property name="java.vm.info" value="mixed mode, sharing"/>
    <property name="stderr.encoding" value="Cp1252"/>
    <property name="java.vendor" value="Oracle Corporation"/>
    <property name="java.vm.version" value="21.0.1+12-LTS-29"/>
    <property name="sun.io.unicode.encoding" value="UnicodeLittle"/>
    <property name="java.class.version" value="65.0"/>
  </properties>
  <testcase name="test_deposit_with_unauthorized_access" classname="com.webapp.bankingportal.AccountControllerTests" time="2.199">
    <system-out><![CDATA[01:55:04.925 [main] INFO org.springframework.test.context.support.AnnotationConfigContextLoaderUtils -- Could not detect default configuration classes for test class [com.webapp.bankingportal.AccountControllerTests]: AccountControllerTests does not declare any static, non-private, non-final, nested classes annotated with @Configuration.
01:55:05.248 [main] INFO org.springframework.boot.test.context.SpringBootTestContextBootstrapper -- Found @SpringBootConfiguration com.webapp.bankingportal.BankingportalApplication for test class com.webapp.bankingportal.AccountControllerTests
01:55:05.857 [main] INFO org.springframework.boot.devtools.restart.RestartApplicationListener -- Restart disabled due to context in which it is running
01:55:04,595 |-INFO in ch.qos.logback.classic.LoggerContext[default] - This is logback-classic version 1.5.11
01:55:04,602 |-INFO in ch.qos.logback.classic.util.ContextInitializer@39109136 - Here is a list of configurators discovered as a service, by rank: 
01:55:04,603 |-INFO in ch.qos.logback.classic.util.ContextInitializer@39109136 -   org.springframework.boot.logging.logback.RootLogLevelConfigurator
01:55:04,603 |-INFO in ch.qos.logback.classic.util.ContextInitializer@39109136 - They will be invoked in order until ExecutionStatus.DO_NOT_INVOKE_NEXT_IF_ANY is returned.
01:55:04,603 |-INFO in ch.qos.logback.classic.util.ContextInitializer@39109136 - Constructed configurator of type class org.springframework.boot.logging.logback.RootLogLevelConfigurator
01:55:04,624 |-INFO in ch.qos.logback.classic.util.ContextInitializer@39109136 - org.springframework.boot.logging.logback.RootLogLevelConfigurator.configure() call lasted 0 milliseconds. ExecutionStatus=INVOKE_NEXT_IF_ANY
01:55:04,624 |-INFO in ch.qos.logback.classic.util.ContextInitializer@39109136 - Trying to configure with ch.qos.logback.classic.joran.SerializedModelConfigurator
01:55:04,625 |-INFO in ch.qos.logback.classic.util.ContextInitializer@39109136 - Constructed configurator of type class ch.qos.logback.classic.joran.SerializedModelConfigurator
01:55:04,636 |-INFO in ch.qos.logback.classic.LoggerContext[default] - Could NOT find resource [logback-test.scmo]
01:55:04,637 |-INFO in ch.qos.logback.classic.LoggerContext[default] - Could NOT find resource [logback.scmo]
01:55:04,637 |-INFO in ch.qos.logback.classic.util.ContextInitializer@39109136 - ch.qos.logback.classic.joran.SerializedModelConfigurator.configure() call lasted 12 milliseconds. ExecutionStatus=INVOKE_NEXT_IF_ANY
01:55:04,637 |-INFO in ch.qos.logback.classic.util.ContextInitializer@39109136 - Trying to configure with ch.qos.logback.classic.util.DefaultJoranConfigurator
01:55:04,639 |-INFO in ch.qos.logback.classic.util.ContextInitializer@39109136 - Constructed configurator of type class ch.qos.logback.classic.util.DefaultJoranConfigurator
01:55:04,640 |-INFO in ch.qos.logback.classic.LoggerContext[default] - Could NOT find resource [logback-test.xml]
01:55:04,640 |-INFO in ch.qos.logback.classic.LoggerContext[default] - Could NOT find resource [logback.xml]
01:55:04,640 |-INFO in ch.qos.logback.classic.util.ContextInitializer@39109136 - ch.qos.logback.classic.util.DefaultJoranConfigurator.configure() call lasted 1 milliseconds. ExecutionStatus=INVOKE_NEXT_IF_ANY
01:55:04,640 |-INFO in ch.qos.logback.classic.util.ContextInitializer@39109136 - Trying to configure with ch.qos.logback.classic.BasicConfigurator
01:55:04,644 |-INFO in ch.qos.logback.classic.util.ContextInitializer@39109136 - Constructed configurator of type class ch.qos.logback.classic.BasicConfigurator
01:55:04,644 |-INFO in ch.qos.logback.classic.BasicConfigurator@27c04377 - Setting up default configuration.
01:55:04,682 |-INFO in ch.qos.logback.classic.util.ContextInitializer@39109136 - ch.qos.logback.classic.BasicConfigurator.configure() call lasted 38 milliseconds. ExecutionStatus=NEUTRAL
01:55:06,403 |-WARN in ch.qos.logback.core.joran.action.ConversionRuleAction - [converterClass] attribute is deprecated and replaced by [class]. See element [conversionRule] near line 5
01:55:06,404 |-WARN in ch.qos.logback.core.joran.action.ConversionRuleAction - [converterClass] attribute is deprecated and replaced by [class]. See element [conversionRule] near line 7
01:55:06,479 |-INFO in ch.qos.logback.core.model.processor.ConversionRuleModelHandler - registering conversion word clr with class [org.springframework.boot.logging.logback.ColorConverter]
01:55:06,479 |-INFO in ch.qos.logback.core.model.processor.ConversionRuleModelHandler - registering conversion word wEx with class [org.springframework.boot.logging.logback.WhitespaceThrowableProxyConverter]
01:55:06,492 |-INFO in ch.qos.logback.core.model.processor.ModelInterpretationContext@34dc85a - value "%clr(%d{yyyy-MM-dd HH:mm:ss.SSS}){faint} %clr(%5p) %clr([%t]){faint} %clr(:){faint} %m%n%wEx" substituted for "%clr(%d{${LOG_DATEFORMAT_PATTERN:-yyyy-MM-dd HH:mm:ss.SSS}}){faint} %clr(${LOG_LEVEL_PATTERN:-%5p}) %clr([%t]){faint} %clr(:){faint} %m%n${LOG_EXCEPTION_CONVERSION_WORD:-%wEx}"
01:55:06,495 |-INFO in ch.qos.logback.core.model.processor.AppenderModelHandler - Processing appender named [CONSOLE]
01:55:06,495 |-INFO in ch.qos.logback.core.model.processor.AppenderModelHandler - About to instantiate appender of type [ch.qos.logback.core.ConsoleAppender]
01:55:06,507 |-INFO in ch.qos.logback.core.model.processor.ImplicitModelHandler - Assuming default type [ch.qos.logback.classic.encoder.PatternLayoutEncoder] for [encoder] property
01:55:06,509 |-INFO in ch.qos.logback.core.model.processor.ModelInterpretationContext@34dc85a - value "%clr(%d{yyyy-MM-dd HH:mm:ss.SSS}){faint} %clr(%5p) %clr([%t]){faint} %clr(:){faint} %m%n%wEx" substituted for "${LOG_PATTERN}"
01:55:06,564 |-INFO in ch.qos.logback.classic.model.processor.RootLoggerModelHandler - Setting level of ROOT logger to INFO
01:55:06,565 |-INFO in ch.qos.logback.classic.jul.LevelChangePropagator@67403656 - Propagating INFO level on Logger[ROOT] onto the JUL framework
01:55:06,566 |-INFO in ch.qos.logback.core.model.processor.AppenderRefModelHandler - Attaching appender named [CONSOLE] to Logger[ROOT]
01:55:06,569 |-INFO in ch.qos.logback.core.model.processor.DefaultProcessor@5a6482a9 - End of configuration.
01:55:06,570 |-INFO in org.springframework.boot.logging.logback.SpringBootJoranConfigurator@7f9ab969 - Registering current configuration as safe fallback point


  .   ____          _            __ _ _
 /\\ / ___'_ __ _ _(_)_ __  __ _ \ \ \ \
( ( )\___ | '_ | '_| | '_ \/ _` | \ \ \ \
 \\/  ___)| |_)| | | | | || (_| |  ) ) ) )
  '  |____| .__|_| |_|_| |_\__, | / / / /
 =========|_|==============|___/=/_/_/_/

 :: Spring Boot ::                (v3.3.5)

2024-12-01 01:55:06.756  INFO [background-preinit] : HV000001: Hibernate Validator 8.0.1.Final
2024-12-01 01:55:06.979  INFO [main] : Starting AccountControllerTests using Java 21.0.1 with PID 20464 (started by pcz in C:\Users\pcz\Downloads\removeGeolocation\BankingPortal-API-main)
2024-12-01 01:55:06.981  INFO [main] : No active profile set, falling back to 1 default profile: "default"
2024-12-01 01:55:11.856  INFO [main] : Bootstrapping Spring Data JPA repositories in DEFAULT mode.
2024-12-01 01:55:12.218  INFO [main] : Finished Spring Data repository scanning in 335 ms. Found 5 JPA repository interfaces.
2024-12-01 01:55:16.609  INFO [main] : HHH000204: Processing PersistenceUnitInfo [name: default]
2024-12-01 01:55:17.209  INFO [main] : HHH000412: Hibernate ORM core version 6.5.3.Final
2024-12-01 01:55:17.525  INFO [main] : HHH000026: Second-level cache disabled
2024-12-01 01:55:19.120  INFO [main] : No LoadTimeWeaver setup: ignoring JPA class transformer
2024-12-01 01:55:19.183  INFO [main] : HikariPool-1 - Starting...
2024-12-01 01:55:22.002  INFO [main] : HikariPool-1 - Added connection com.mysql.cj.jdbc.ConnectionImpl@55a66bbf
2024-12-01 01:55:22.008  INFO [main] : HikariPool-1 - Start completed.
2024-12-01 01:55:22.453  WARN [main] : HHH000511: The 5.5.62 version for [org.hibernate.dialect.MySQLDialect] is no longer supported, hence certain features may not work properly. The minimum supported version is 8.0.0. Check the community dialects project for available legacy versions.
2024-12-01 01:55:25.372  INFO [main] : HHH000489: No JTA platform available (set 'hibernate.transaction.jta.platform' to enable JTA platform integration)
2024-12-01 01:55:31.770  INFO [main] : Initialized JPA EntityManagerFactory for persistence unit 'default'
2024-12-01 01:55:33.862  WARN [main] : Global AuthenticationManager configured with an AuthenticationProvider bean. UserDetailsService beans will not be used for username/password login. Consider removing the AuthenticationProvider bean. Alternatively, consider using the UserDetailsService in a manually instantiated DaoAuthenticationProvider.
2024-12-01 01:55:39.336  INFO [main] : Exposing 1 endpoint beneath base path '/actuator'
2024-12-01 01:55:41.712  INFO [main] : Initializing Spring TestDispatcherServlet ''
2024-12-01 01:55:41.712  INFO [main] : Initializing Servlet ''
2024-12-01 01:55:41.717  INFO [main] : Completed initialization in 4 ms
2024-12-01 01:55:42.049  INFO [main] : Started AccountControllerTests in 36.227 seconds (process running for 39.787)
]]></system-out>
    <system-err><![CDATA[WARNING: A Java agent has been loaded dynamically (C:\Users\pcz\.m2\repository\net\bytebuddy\byte-buddy-agent\1.14.19\byte-buddy-agent-1.14.19.jar)
WARNING: If a serviceability tool is in use, please run with -XX:+EnableDynamicAgentLoading to hide this warning
WARNING: If a serviceability tool is not in use, please run with -Djdk.instrument.traceUsage for more information
WARNING: Dynamic loading of agents will be disallowed by default in a future release
]]></system-err>
  </testcase>
  <testcase name="test_pin_update_with_invalid_new_short_pin" classname="com.webapp.bankingportal.AccountControllerTests" time="9.482">
    <system-out><![CDATA[2024-12-01 01:55:49.424  INFO [main] : Generating token for user: bd920e
2024-12-01 01:55:50.122  INFO [main] : Saving token for account: bd920e
2024-12-01 01:55:52.694  INFO [main] : Updating PIN for account: bd920e
]]></system-out>
  </testcase>
  <testcase name="test_fund_transfer_with_zero_amount" classname="com.webapp.bankingportal.AccountControllerTests" time="12.844">
    <system-out><![CDATA[2024-12-01 01:55:57.627  INFO [main] : Generating token for user: 965129
2024-12-01 01:55:58.157  INFO [main] : Saving token for account: 965129
2024-12-01 01:56:04.814  INFO [main] : Generating token for user: 8e753b
2024-12-01 01:56:05.349  INFO [main] : Saving token for account: 8e753b
]]></system-out>
  </testcase>
  <testcase name="test_fund_transfer_with_negative_amount" classname="com.webapp.bankingportal.AccountControllerTests" time="13.194">
    <system-out><![CDATA[2024-12-01 01:56:10.738  INFO [main] : Generating token for user: cc362e
2024-12-01 01:56:11.269  INFO [main] : Saving token for account: cc362e
2024-12-01 01:56:17.906  INFO [main] : Generating token for user: 1d5eb0
2024-12-01 01:56:18.437  INFO [main] : Saving token for account: 1d5eb0
]]></system-out>
  </testcase>
  <testcase name="test_pin_update_with_missing_password" classname="com.webapp.bankingportal.AccountControllerTests" time="7.132">
    <system-out><![CDATA[2024-12-01 01:56:23.689  INFO [main] : Generating token for user: 7f5fc0
2024-12-01 01:56:24.217  INFO [main] : Saving token for account: 7f5fc0
2024-12-01 01:56:26.590  INFO [main] : Updating PIN for account: 7f5fc0
]]></system-out>
  </testcase>
  <testcase name="test_withdraw_with_negative_amount" classname="com.webapp.bankingportal.AccountControllerTests" time="7.197">
    <system-out><![CDATA[2024-12-01 01:56:30.827  INFO [main] : Generating token for user: 3fdf48
2024-12-01 01:56:31.356  INFO [main] : Saving token for account: 3fdf48
]]></system-out>
  </testcase>
  <testcase name="test_pin_create_with_missing_pin" classname="com.webapp.bankingportal.AccountControllerTests" time="5.899">
    <system-out><![CDATA[2024-12-01 01:56:37.986  INFO [main] : Generating token for user: 6422d0
2024-12-01 01:56:38.524  INFO [main] : Saving token for account: 6422d0
]]></system-out>
  </testcase>
  <testcase name="test_pin_update_with_invalid_new_long_pin" classname="com.webapp.bankingportal.AccountControllerTests" time="7.702">
    <system-out><![CDATA[2024-12-01 01:56:43.850  INFO [main] : Generating token for user: addf45
2024-12-01 01:56:44.380  INFO [main] : Saving token for account: addf45
2024-12-01 01:56:46.682  INFO [main] : Updating PIN for account: addf45
]]></system-out>
  </testcase>
  <testcase name="test_pin_create_with_invalid_long_pin" classname="com.webapp.bankingportal.AccountControllerTests" time="5.821">
    <system-out><![CDATA[2024-12-01 01:56:51.540  INFO [main] : Generating token for user: a8fb56
2024-12-01 01:56:52.071  INFO [main] : Saving token for account: a8fb56
]]></system-out>
  </testcase>
  <testcase name="test_pin_check_with_pin" classname="com.webapp.bankingportal.AccountControllerTests" time="7.024">
    <system-out><![CDATA[2024-12-01 01:56:57.421  INFO [main] : Generating token for user: 76a77f
2024-12-01 01:56:57.951  INFO [main] : Saving token for account: 76a77f
]]></system-out>
  </testcase>
  <testcase name="test_withdraw_with_insufficient_funds" classname="com.webapp.bankingportal.AccountControllerTests" time="9.0">
    <system-out><![CDATA[2024-12-01 01:57:04.407  INFO [main] : Generating token for user: 2ae1b5
2024-12-01 01:57:04.938  INFO [main] : Saving token for account: 2ae1b5
]]></system-out>
  </testcase>
  <testcase name="test_pin_update_with_invalid_old_pin" classname="com.webapp.bankingportal.AccountControllerTests" time="7.445">
    <system-out><![CDATA[2024-12-01 01:57:13.418  INFO [main] : Generating token for user: 7c2129
2024-12-01 01:57:13.949  INFO [main] : Saving token for account: 7c2129
2024-12-01 01:57:16.243  INFO [main] : Updating PIN for account: 7c2129
]]></system-out>
  </testcase>
  <testcase name="test_fund_transfer_with_valid_data" classname="com.webapp.bankingportal.AccountControllerTests" time="13.372">
    <system-out><![CDATA[2024-12-01 01:57:20.834  INFO [main] : Generating token for user: 6aa1e2
2024-12-01 01:57:21.363  INFO [main] : Saving token for account: 6aa1e2
2024-12-01 01:57:27.876  INFO [main] : Generating token for user: 91b382
2024-12-01 01:57:28.405  INFO [main] : Saving token for account: 91b382
]]></system-out>
  </testcase>
  <testcase name="test_fund_transfer_with_invalid_target_account" classname="com.webapp.bankingportal.AccountControllerTests" time="8.972">
    <system-out><![CDATA[2024-12-01 01:57:34.212  INFO [main] : Generating token for user: 0e0556
2024-12-01 01:57:34.739  INFO [main] : Saving token for account: 0e0556
]]></system-out>
  </testcase>
  <testcase name="test_withdraw_with_valid_pin_and_amount" classname="com.webapp.bankingportal.AccountControllerTests" time="9.242">
    <system-out><![CDATA[2024-12-01 01:57:43.184  INFO [main] : Generating token for user: dd9601
2024-12-01 01:57:43.714  INFO [main] : Saving token for account: dd9601
]]></system-out>
  </testcase>
  <testcase name="test_deposit_with_missing_pin" classname="com.webapp.bankingportal.AccountControllerTests" time="6.963">
    <system-out><![CDATA[2024-12-01 01:57:52.440  INFO [main] : Generating token for user: cd57b9
2024-12-01 01:57:52.969  INFO [main] : Saving token for account: cd57b9
]]></system-out>
  </testcase>
  <testcase name="test_withdraw_with_missing_pin" classname="com.webapp.bankingportal.AccountControllerTests" time="6.975">
    <system-out><![CDATA[2024-12-01 01:57:59.395  INFO [main] : Generating token for user: 1ab160
2024-12-01 01:57:59.927  INFO [main] : Saving token for account: 1ab160
]]></system-out>
  </testcase>
  <testcase name="test_pin_update_with_invalid_password" classname="com.webapp.bankingportal.AccountControllerTests" time="7.05">
    <system-out><![CDATA[2024-12-01 01:58:06.377  INFO [main] : Generating token for user: 1713f2
2024-12-01 01:58:06.905  INFO [main] : Saving token for account: 1713f2
2024-12-01 01:58:09.202  INFO [main] : Updating PIN for account: 1713f2
]]></system-out>
  </testcase>
  <testcase name="test_pin_create_with_valid_password" classname="com.webapp.bankingportal.AccountControllerTests" time="5.915">
    <system-out><![CDATA[2024-12-01 01:58:13.426  INFO [main] : Generating token for user: 4e14c4
2024-12-01 01:58:13.957  INFO [main] : Saving token for account: 4e14c4
]]></system-out>
  </testcase>
  <testcase name="test_pin_create_unauthorized_access" classname="com.webapp.bankingportal.AccountControllerTests" time="0.789"/>
  <testcase name="test_pin_update_with_missing_new_pin" classname="com.webapp.bankingportal.AccountControllerTests" time="7.66">
    <system-out><![CDATA[2024-12-01 01:58:20.121  INFO [main] : Generating token for user: 3c64e5
2024-12-01 01:58:20.650  INFO [main] : Saving token for account: 3c64e5
2024-12-01 01:58:22.956  INFO [main] : Updating PIN for account: 3c64e5
]]></system-out>
  </testcase>
  <testcase name="test_deposit_with_excessively_large_amount" classname="com.webapp.bankingportal.AccountControllerTests" time="7.036">
    <system-out><![CDATA[2024-12-01 01:58:27.785  INFO [main] : Generating token for user: 5c26a7
2024-12-01 01:58:28.312  INFO [main] : Saving token for account: 5c26a7
]]></system-out>
  </testcase>
  <testcase name="test_pin_create_with_missing_password" classname="com.webapp.bankingportal.AccountControllerTests" time="5.46">
    <system-out><![CDATA[2024-12-01 01:58:34.833  INFO [main] : Generating token for user: bb5bb0
2024-12-01 01:58:35.359  INFO [main] : Saving token for account: bb5bb0
]]></system-out>
  </testcase>
  <testcase name="test_fund_transfer_with_invalid_source_account_pin" classname="com.webapp.bankingportal.AccountControllerTests" time="12.596">
    <system-out><![CDATA[2024-12-01 01:58:40.281  INFO [main] : Generating token for user: f84e7f
2024-12-01 01:58:40.806  INFO [main] : Saving token for account: f84e7f
2024-12-01 01:58:47.337  INFO [main] : Generating token for user: 00bd12
2024-12-01 01:58:47.864  INFO [main] : Saving token for account: 00bd12
]]></system-out>
  </testcase>
  <testcase name="test_deposit_with_valid_data" classname="com.webapp.bankingportal.AccountControllerTests" time="7.558">
    <system-out><![CDATA[2024-12-01 01:58:52.887  INFO [main] : Generating token for user: 85b5bd
2024-12-01 01:58:53.411  INFO [main] : Saving token for account: 85b5bd
]]></system-out>
  </testcase>
  <testcase name="test_pin_update_with_unauthorized_access" classname="com.webapp.bankingportal.AccountControllerTests" time="0.796"/>
  <testcase name="test_transactions_with_authorized_access" classname="com.webapp.bankingportal.AccountControllerTests" time="8.62">
    <system-out><![CDATA[2024-12-01 01:59:01.230  INFO [main] : Generating token for user: 9e8932
2024-12-01 01:59:01.757  INFO [main] : Saving token for account: 9e8932
]]></system-out>
  </testcase>
  <testcase name="test_transactions_unauthorized_access" classname="com.webapp.bankingportal.AccountControllerTests" time="0.79"/>
  <testcase name="test_fund_transfer_with_missing_source_account_pin" classname="com.webapp.bankingportal.AccountControllerTests" time="12.531">
    <system-out><![CDATA[2024-12-01 01:59:10.674  INFO [main] : Generating token for user: 66ce90
2024-12-01 01:59:11.204  INFO [main] : Saving token for account: 66ce90
2024-12-01 01:59:17.732  INFO [main] : Generating token for user: 07b712
2024-12-01 01:59:18.259  INFO [main] : Saving token for account: 07b712
]]></system-out>
  </testcase>
  <testcase name="test_fund_transfer_unauthorized_access" classname="com.webapp.bankingportal.AccountControllerTests" time="11.696">
    <system-out><![CDATA[2024-12-01 01:59:23.185  INFO [main] : Generating token for user: edfc78
2024-12-01 01:59:23.712  INFO [main] : Saving token for account: edfc78
2024-12-01 01:59:30.222  INFO [main] : Generating token for user: 538adf
2024-12-01 01:59:30.749  INFO [main] : Saving token for account: 538adf
]]></system-out>
  </testcase>
  <testcase name="test_pin_create_with_invalid_short_pin" classname="com.webapp.bankingportal.AccountControllerTests" time="5.821">
    <system-out><![CDATA[2024-12-01 01:59:34.898  INFO [main] : Generating token for user: 324fb8
2024-12-01 01:59:35.423  INFO [main] : Saving token for account: 324fb8
]]></system-out>
  </testcase>
  <testcase name="test_fund_transfer_to_the_same_account" classname="com.webapp.bankingportal.AccountControllerTests" time="8.704">
    <system-out><![CDATA[2024-12-01 01:59:40.694  INFO [main] : Generating token for user: b2b6e1
2024-12-01 01:59:41.225  INFO [main] : Saving token for account: b2b6e1
]]></system-out>
  </testcase>
  <testcase name="test_fund_transfer_with_insufficient_funds" classname="com.webapp.bankingportal.AccountControllerTests" time="13.086">
    <system-out><![CDATA[2024-12-01 01:59:49.407  INFO [main] : Generating token for user: bdb7db
2024-12-01 01:59:49.934  INFO [main] : Saving token for account: bdb7db
2024-12-01 01:59:56.425  INFO [main] : Generating token for user: 8a71aa
2024-12-01 01:59:56.950  INFO [main] : Saving token for account: 8a71aa
]]></system-out>
  </testcase>
  <testcase name="test_pin_check_without_pin" classname="com.webapp.bankingportal.AccountControllerTests" time="5.455">
    <system-out><![CDATA[2024-12-01 02:00:02.499  INFO [main] : Generating token for user: 8a5a3a
2024-12-01 02:00:03.026  INFO [main] : Saving token for account: 8a5a3a
]]></system-out>
  </testcase>
  <testcase name="test_pin_update_with_missing_old_pin" classname="com.webapp.bankingportal.AccountControllerTests" time="7.319">
    <system-out><![CDATA[2024-12-01 02:00:07.978  INFO [main] : Generating token for user: a220c5
2024-12-01 02:00:08.507  INFO [main] : Saving token for account: a220c5
2024-12-01 02:00:10.796  INFO [main] : Updating PIN for account: a220c5
]]></system-out>
  </testcase>
  <testcase name="test_deposit_with_negative_amount" classname="com.webapp.bankingportal.AccountControllerTests" time="7.044">
    <system-out><![CDATA[2024-12-01 02:00:15.274  INFO [main] : Generating token for user: 3b68e6
2024-12-01 02:00:15.807  INFO [main] : Saving token for account: 3b68e6
]]></system-out>
  </testcase>
  <testcase name="test_withdraw_with_zero_amount" classname="com.webapp.bankingportal.AccountControllerTests" time="7.017">
    <system-out><![CDATA[2024-12-01 02:00:22.314  INFO [main] : Generating token for user: e09d4d
2024-12-01 02:00:22.842  INFO [main] : Saving token for account: e09d4d
]]></system-out>
  </testcase>
  <testcase name="test_withdraw_with_unauthorized_access" classname="com.webapp.bankingportal.AccountControllerTests" time="0.79"/>
  <testcase name="test_fund_transfer_with_missing_target_account" classname="com.webapp.bankingportal.AccountControllerTests" time="8.96">
    <system-out><![CDATA[2024-12-01 02:00:30.118  INFO [main] : Generating token for user: 9e514a
2024-12-01 02:00:30.650  INFO [main] : Saving token for account: 9e514a
]]></system-out>
  </testcase>
  <testcase name="test_pin_update_with_valid_data" classname="com.webapp.bankingportal.AccountControllerTests" time="7.848">
    <system-out><![CDATA[2024-12-01 02:00:39.085  INFO [main] : Generating token for user: 05891e
2024-12-01 02:00:39.611  INFO [main] : Saving token for account: 05891e
2024-12-01 02:00:41.917  INFO [main] : Updating PIN for account: 05891e
]]></system-out>
  </testcase>
  <testcase name="test_deposit_with_invalid_pin" classname="com.webapp.bankingportal.AccountControllerTests" time="7.082">
    <system-out><![CDATA[2024-12-01 02:00:46.943  INFO [main] : Generating token for user: 405a9f
2024-12-01 02:00:47.471  INFO [main] : Saving token for account: 405a9f
]]></system-out>
  </testcase>
  <testcase name="test_withdraw_with_invalid_pin" classname="com.webapp.bankingportal.AccountControllerTests" time="7.065">
    <system-out><![CDATA[2024-12-01 02:00:54.036  INFO [main] : Generating token for user: c7c529
2024-12-01 02:00:54.564  INFO [main] : Saving token for account: c7c529
]]></system-out>
  </testcase>
  <testcase name="test_pin_check_without_authorization" classname="com.webapp.bankingportal.AccountControllerTests" time="0.792"/>
  <testcase name="test_pin_create_with_invalid_password" classname="com.webapp.bankingportal.AccountControllerTests" time="5.634">
    <system-out><![CDATA[2024-12-01 02:01:01.937  INFO [main] : Generating token for user: b2579f
2024-12-01 02:01:02.467  INFO [main] : Saving token for account: b2579f
]]></system-out>
  </testcase>
</testsuite>