<?xml version="1.0" encoding="UTF-8"?>
<testsuite xmlns:xsi="http://www.w3.org/2001/XMLSchema-instance" xsi:noNamespaceSchemaLocation="https://maven.apache.org/surefire/maven-surefire-plugin/xsd/surefire-test-report-3.0.xsd" version="3.0" name="com.webapp.bankingportal.AccountControllerTests" time="380.994" tests="44" errors="0" skipped="0" failures="0">
  <properties>
    <property name="java.specification.version" value="21"/>
    <property name="sun.cpu.isalist" value="amd64"/>
    <property name="sun.jnu.encoding" value="Cp1252"/>
    <property name="java.class.path" value="C:\Users\pcz\Downloads\removeGeolocation\BankingPortal-API-main\target\test-classes;C:\Users\pcz\Downloads\removeGeolocation\BankingPortal-API-main\target\classes;C:\Users\pcz\.m2\repository\org\projectlombok\lombok\1.18.34\lombok-1.18.34.jar;C:\Users\pcz\.m2\repository\com\icegreen\greenmail-junit5\2.0.0-alpha-2\greenmail-junit5-2.0.0-alpha-2.jar;C:\Users\pcz\.m2\repository\com\icegreen\greenmail\2.0.0-alpha-2\greenmail-2.0.0-alpha-2.jar;C:\Users\pcz\.m2\repository\com\sun\mail\jakarta.mail\2.0.1\jakarta.mail-2.0.1.jar;C:\Users\pcz\.m2\repository\com\sun\activation\jakarta.activation\2.0.1\jakarta.activation-2.0.1.jar;C:\Users\pcz\.m2\repository\jakarta\activation\jakarta.activation-api\2.1.3\jakarta.activation-api-2.1.3.jar;C:\Users\pcz\.m2\repository\org\slf4j\slf4j-api\2.0.16\slf4j-api-2.0.16.jar;C:\Users\pcz\.m2\repository\junit\junit\4.13.2\junit-4.13.2.jar;C:\Users\pcz\.m2\repository\org\junit\jupiter\junit-jupiter-api\5.10.5\junit-jupiter-api-5.10.5.jar;C:\Users\pcz\.m2\repository\org\opentest4j\opentest4j\1.3.0\opentest4j-1.3.0.jar;C:\Users\pcz\.m2\repository\org\junit\platform\junit-platform-commons\1.10.5\junit-platform-commons-1.10.5.jar;C:\Users\pcz\.m2\repository\org\apiguardian\apiguardian-api\1.1.2\apiguardian-api-1.1.2.jar;C:\Users\pcz\.m2\repository\com\googlecode\libphonenumber\libphonenumber\8.13.38\libphonenumber-8.13.38.jar;C:\Users\pcz\.m2\repository\com\github\javafaker\javafaker\1.0.2\javafaker-1.0.2.jar;C:\Users\pcz\.m2\repository\org\apache\commons\commons-lang3\3.14.0\commons-lang3-3.14.0.jar;C:\Users\pcz\.m2\repository\org\yaml\snakeyaml\1.23\snakeyaml-1.23-android.jar;C:\Users\pcz\.m2\repository\com\github\mifmif\generex\1.0.2\generex-1.0.2.jar;C:\Users\pcz\.m2\repository\dk\brics\automaton\automaton\1.11-8\automaton-1.11-8.jar;C:\Users\pcz\.m2\repository\org\mapstruct\mapstruct-processor\1.6.0.Beta2\mapstruct-processor-1.6.0.Beta2.jar;C:\Users\pcz\.m2\repository\org\mapstruct\mapstruct\1.6.0.Beta2\mapstruct-1.6.0.Beta2.jar;C:\Users\pcz\.m2\repository\org\springframework\boot\spring-boot-starter-data-jpa\3.3.5\spring-boot-starter-data-jpa-3.3.5.jar;C:\Users\pcz\.m2\repository\org\springframework\boot\spring-boot-starter-aop\3.3.5\spring-boot-starter-aop-3.3.5.jar;C:\Users\pcz\.m2\repository\org\aspectj\aspectjweaver\1.9.22.1\aspectjweaver-1.9.22.1.jar;C:\Users\pcz\.m2\repository\org\springframework\boot\spring-boot-starter-jdbc\3.3.5\spring-boot-starter-jdbc-3.3.5.jar;C:\Users\pcz\.m2\repository\com\zaxxer\HikariCP\5.1.0\HikariCP-5.1.0.jar;C:\Users\pcz\.m2\repository\org\springframework\spring-jdbc\6.1.14\spring-jdbc-6.1.14.jar;C:\Users\pcz\.m2\repository\org\hibernate\orm\hibernate-core\6.5.3.Final\hibernate-core-6.5.3.Final.jar;C:\Users\pcz\.m2\repository\jakarta\persistence\jakarta.persistence-api\3.1.0\jakarta.persistence-api-3.1.0.jar;C:\Users\pcz\.m2\repository\jakarta\transaction\jakarta.transaction-api\2.0.1\jakarta.transaction-api-2.0.1.jar;C:\Users\pcz\.m2\repository\org\jboss\logging\jboss-logging\3.5.3.Final\jboss-logging-3.5.3.Final.jar;C:\Users\pcz\.m2\repository\org\hibernate\common\hibernate-commons-annotations\6.0.6.Final\hibernate-commons-annotations-6.0.6.Final.jar;C:\Users\pcz\.m2\repository\io\smallrye\jandex\3.1.2\jandex-3.1.2.jar;C:\Users\pcz\.m2\repository\com\fasterxml\classmate\1.7.0\classmate-1.7.0.jar;C:\Users\pcz\.m2\repository\net\bytebuddy\byte-buddy\1.14.19\byte-buddy-1.14.19.jar;C:\Users\pcz\.m2\repository\org\glassfish\jaxb\jaxb-runtime\4.0.5\jaxb-runtime-4.0.5.jar;C:\Users\pcz\.m2\repository\org\glassfish\jaxb\jaxb-core\4.0.5\jaxb-core-4.0.5.jar;C:\Users\pcz\.m2\repository\org\glassfish\jaxb\txw2\4.0.5\txw2-4.0.5.jar;C:\Users\pcz\.m2\repository\com\sun\istack\istack-commons-runtime\4.1.2\istack-commons-runtime-4.1.2.jar;C:\Users\pcz\.m2\repository\jakarta\inject\jakarta.inject-api\2.0.1\jakarta.inject-api-2.0.1.jar;C:\Users\pcz\.m2\repository\org\antlr\antlr4-runtime\4.13.0\antlr4-runtime-4.13.0.jar;C:\Users\pcz\.m2\repository\org\springframework\data\spring-data-jpa\3.3.5\spring-data-jpa-3.3.5.jar;C:\Users\pcz\.m2\repository\org\springframework\data\spring-data-commons\3.3.5\spring-data-commons-3.3.5.jar;C:\Users\pcz\.m2\repository\org\springframework\spring-orm\6.1.14\spring-orm-6.1.14.jar;C:\Users\pcz\.m2\repository\org\springframework\spring-context\6.1.14\spring-context-6.1.14.jar;C:\Users\pcz\.m2\repository\org\springframework\spring-tx\6.1.14\spring-tx-6.1.14.jar;C:\Users\pcz\.m2\repository\org\springframework\spring-beans\6.1.14\spring-beans-6.1.14.jar;C:\Users\pcz\.m2\repository\jakarta\annotation\jakarta.annotation-api\2.1.1\jakarta.annotation-api-2.1.1.jar;C:\Users\pcz\.m2\repository\org\springframework\spring-aspects\6.1.14\spring-aspects-6.1.14.jar;C:\Users\pcz\.m2\repository\org\springframework\boot\spring-boot-starter-validation\3.3.5\spring-boot-starter-validation-3.3.5.jar;C:\Users\pcz\.m2\repository\org\springframework\boot\spring-boot-starter\3.3.5\spring-boot-starter-3.3.5.jar;C:\Users\pcz\.m2\repository\org\springframework\boot\spring-boot-starter-logging\3.3.5\spring-boot-starter-logging-3.3.5.jar;C:\Users\pcz\.m2\repository\ch\qos\logback\logback-classic\1.5.11\logback-classic-1.5.11.jar;C:\Users\pcz\.m2\repository\ch\qos\logback\logback-core\1.5.11\logback-core-1.5.11.jar;C:\Users\pcz\.m2\repository\org\apache\logging\log4j\log4j-to-slf4j\2.23.1\log4j-to-slf4j-2.23.1.jar;C:\Users\pcz\.m2\repository\org\apache\logging\log4j\log4j-api\2.23.1\log4j-api-2.23.1.jar;C:\Users\pcz\.m2\repository\org\slf4j\jul-to-slf4j\2.0.16\jul-to-slf4j-2.0.16.jar;C:\Users\pcz\.m2\repository\org\yaml\snakeyaml\2.2\snakeyaml-2.2.jar;C:\Users\pcz\.m2\repository\org\apache\tomcat\embed\tomcat-embed-el\10.1.31\tomcat-embed-el-10.1.31.jar;C:\Users\pcz\.m2\repository\org\hibernate\validator\hibernate-validator\8.0.1.Final\hibernate-validator-8.0.1.Final.jar;C:\Users\pcz\.m2\repository\jakarta\validation\jakarta.validation-api\3.0.2\jakarta.validation-api-3.0.2.jar;C:\Users\pcz\.m2\repository\org\springframework\boot\spring-boot-starter-web\3.3.5\spring-boot-starter-web-3.3.5.jar;C:\Users\pcz\.m2\repository\org\springframework\boot\spring-boot-starter-json\3.3.5\spring-boot-starter-json-3.3.5.jar;C:\Users\pcz\.m2\repository\com\fasterxml\jackson\datatype\jackson-datatype-jsr310\2.17.2\jackson-datatype-jsr310-2.17.2.jar;C:\Users\pcz\.m2\repository\com\fasterxml\jackson\module\jackson-module-parameter-names\2.17.2\jackson-module-parameter-names-2.17.2.jar;C:\Users\pcz\.m2\repository\org\springframework\boot\spring-boot-starter-tomcat\3.3.5\spring-boot-starter-tomcat-3.3.5.jar;C:\Users\pcz\.m2\repository\org\apache\tomcat\embed\tomcat-embed-core\10.1.31\tomcat-embed-core-10.1.31.jar;C:\Users\pcz\.m2\repository\org\apache\tomcat\embed\tomcat-embed-websocket\10.1.31\tomcat-embed-websocket-10.1.31.jar;C:\Users\pcz\.m2\repository\org\springframework\spring-web\6.1.14\spring-web-6.1.14.jar;C:\Users\pcz\.m2\repository\org\springframework\spring-webmvc\6.1.14\spring-webmvc-6.1.14.jar;C:\Users\pcz\.m2\repository\org\springframework\spring-expression\6.1.14\spring-expression-6.1.14.jar;C:\Users\pcz\.m2\repository\org\springframework\boot\spring-boot-starter-security\3.3.5\spring-boot-starter-security-3.3.5.jar;C:\Users\pcz\.m2\repository\org\springframework\spring-aop\6.1.14\spring-aop-6.1.14.jar;C:\Users\pcz\.m2\repository\org\springframework\security\spring-security-config\6.3.4\spring-security-config-6.3.4.jar;C:\Users\pcz\.m2\repository\org\springframework\security\spring-security-core\6.3.4\spring-security-core-6.3.4.jar;C:\Users\pcz\.m2\repository\org\springframework\security\spring-security-crypto\6.3.4\spring-security-crypto-6.3.4.jar;C:\Users\pcz\.m2\repository\org\springframework\security\spring-security-web\6.3.4\spring-security-web-6.3.4.jar;C:\Users\pcz\.m2\repository\com\mysql\mysql-connector-j\8.3.0\mysql-connector-j-8.3.0.jar;C:\Users\pcz\.m2\repository\org\springframework\boot\spring-boot-starter-mail\3.3.5\spring-boot-starter-mail-3.3.5.jar;C:\Users\pcz\.m2\repository\org\springframework\spring-context-support\6.1.14\spring-context-support-6.1.14.jar;C:\Users\pcz\.m2\repository\org\eclipse\angus\jakarta.mail\2.0.3\jakarta.mail-2.0.3.jar;C:\Users\pcz\.m2\repository\org\eclipse\angus\angus-activation\2.0.2\angus-activation-2.0.2.jar;C:\Users\pcz\.m2\repository\org\springframework\boot\spring-boot-starter-cache\3.3.5\spring-boot-starter-cache-3.3.5.jar;C:\Users\pcz\.m2\repository\com\github\ben-manes\caffeine\caffeine\3.1.8\caffeine-3.1.8.jar;C:\Users\pcz\.m2\repository\org\checkerframework\checker-qual\3.37.0\checker-qual-3.37.0.jar;C:\Users\pcz\.m2\repository\com\google\errorprone\error_prone_annotations\2.21.1\error_prone_annotations-2.21.1.jar;C:\Users\pcz\.m2\repository\io\jsonwebtoken\jjwt\0.9.1\jjwt-0.9.1.jar;C:\Users\pcz\.m2\repository\javax\xml\bind\jaxb-api\2.1\jaxb-api-2.1.jar;C:\Users\pcz\.m2\repository\javax\xml\stream\stax-api\1.0-2\stax-api-1.0-2.jar;C:\Users\pcz\.m2\repository\javax\activation\activation\1.1\activation-1.1.jar;C:\Users\pcz\.m2\repository\org\springdoc\springdoc-openapi-starter-webmvc-ui\2.0.2\springdoc-openapi-starter-webmvc-ui-2.0.2.jar;C:\Users\pcz\.m2\repository\org\springdoc\springdoc-openapi-starter-webmvc-api\2.0.2\springdoc-openapi-starter-webmvc-api-2.0.2.jar;C:\Users\pcz\.m2\repository\org\springdoc\springdoc-openapi-starter-common\2.0.2\springdoc-openapi-starter-common-2.0.2.jar;C:\Users\pcz\.m2\repository\io\swagger\core\v3\swagger-core-jakarta\2.2.7\swagger-core-jakarta-2.2.7.jar;C:\Users\pcz\.m2\repository\io\swagger\core\v3\swagger-annotations-jakarta\2.2.7\swagger-annotations-jakarta-2.2.7.jar;C:\Users\pcz\.m2\repository\io\swagger\core\v3\swagger-models-jakarta\2.2.7\swagger-models-jakarta-2.2.7.jar;C:\Users\pcz\.m2\repository\com\fasterxml\jackson\dataformat\jackson-dataformat-yaml\2.17.2\jackson-dataformat-yaml-2.17.2.jar;C:\Users\pcz\.m2\repository\org\webjars\swagger-ui\4.15.5\swagger-ui-4.15.5.jar;C:\Users\pcz\.m2\repository\org\webjars\webjars-locator-core\0.58\webjars-locator-core-0.58.jar;C:\Users\pcz\.m2\repository\io\github\classgraph\classgraph\4.8.149\classgraph-4.8.149.jar;C:\Users\pcz\.m2\repository\org\springframework\boot\spring-boot-starter-actuator\3.3.5\spring-boot-starter-actuator-3.3.5.jar;C:\Users\pcz\.m2\repository\org\springframework\boot\spring-boot-actuator-autoconfigure\3.3.5\spring-boot-actuator-autoconfigure-3.3.5.jar;C:\Users\pcz\.m2\repository\org\springframework\boot\spring-boot-actuator\3.3.5\spring-boot-actuator-3.3.5.jar;C:\Users\pcz\.m2\repository\io\micrometer\micrometer-observation\1.13.6\micrometer-observation-1.13.6.jar;C:\Users\pcz\.m2\repository\io\micrometer\micrometer-commons\1.13.6\micrometer-commons-1.13.6.jar;C:\Users\pcz\.m2\repository\io\micrometer\micrometer-jakarta9\1.13.6\micrometer-jakarta9-1.13.6.jar;C:\Users\pcz\.m2\repository\io\micrometer\micrometer-core\1.13.6\micrometer-core-1.13.6.jar;C:\Users\pcz\.m2\repository\org\hdrhistogram\HdrHistogram\2.2.2\HdrHistogram-2.2.2.jar;C:\Users\pcz\.m2\repository\org\latencyutils\LatencyUtils\2.0.3\LatencyUtils-2.0.3.jar;C:\Users\pcz\.m2\repository\com\fasterxml\jackson\core\jackson-databind\2.17.2\jackson-databind-2.17.2.jar;C:\Users\pcz\.m2\repository\com\fasterxml\jackson\core\jackson-core\2.17.2\jackson-core-2.17.2.jar;C:\Users\pcz\.m2\repository\com\fasterxml\jackson\core\jackson-annotations\2.17.2\jackson-annotations-2.17.2.jar;C:\Users\pcz\.m2\repository\com\fasterxml\jackson\datatype\jackson-datatype-jdk8\2.17.2\jackson-datatype-jdk8-2.17.2.jar;C:\Users\pcz\.m2\repository\org\springframework\boot\spring-boot-starter-test\3.3.5\spring-boot-starter-test-3.3.5.jar;C:\Users\pcz\.m2\repository\org\springframework\boot\spring-boot-test\3.3.5\spring-boot-test-3.3.5.jar;C:\Users\pcz\.m2\repository\org\springframework\boot\spring-boot-test-autoconfigure\3.3.5\spring-boot-test-autoconfigure-3.3.5.jar;C:\Users\pcz\.m2\repository\com\jayway\jsonpath\json-path\2.9.0\json-path-2.9.0.jar;C:\Users\pcz\.m2\repository\jakarta\xml\bind\jakarta.xml.bind-api\4.0.2\jakarta.xml.bind-api-4.0.2.jar;C:\Users\pcz\.m2\repository\net\minidev\json-smart\2.5.1\json-smart-2.5.1.jar;C:\Users\pcz\.m2\repository\net\minidev\accessors-smart\2.5.1\accessors-smart-2.5.1.jar;C:\Users\pcz\.m2\repository\org\ow2\asm\asm\9.6\asm-9.6.jar;C:\Users\pcz\.m2\repository\org\assertj\assertj-core\3.25.3\assertj-core-3.25.3.jar;C:\Users\pcz\.m2\repository\org\awaitility\awaitility\4.2.2\awaitility-4.2.2.jar;C:\Users\pcz\.m2\repository\org\hamcrest\hamcrest\2.2\hamcrest-2.2.jar;C:\Users\pcz\.m2\repository\org\junit\jupiter\junit-jupiter\5.10.5\junit-jupiter-5.10.5.jar;C:\Users\pcz\.m2\repository\org\junit\jupiter\junit-jupiter-params\5.10.5\junit-jupiter-params-5.10.5.jar;C:\Users\pcz\.m2\repository\org\junit\jupiter\junit-jupiter-engine\5.10.5\junit-jupiter-engine-5.10.5.jar;C:\Users\pcz\.m2\repository\org\junit\platform\junit-platform-engine\1.10.5\junit-platform-engine-1.10.5.jar;C:\Users\pcz\.m2\repository\org\mockito\mockito-core\5.11.0\mockito-core-5.11.0.jar;C:\Users\pcz\.m2\repository\net\bytebuddy\byte-buddy-agent\1.14.19\byte-buddy-agent-1.14.19.jar;C:\Users\pcz\.m2\repository\org\objenesis\objenesis\3.3\objenesis-3.3.jar;C:\Users\pcz\.m2\repository\org\mockito\mockito-junit-jupiter\5.11.0\mockito-junit-jupiter-5.11.0.jar;C:\Users\pcz\.m2\repository\org\skyscreamer\jsonassert\1.5.3\jsonassert-1.5.3.jar;C:\Users\pcz\.m2\repository\com\vaadin\external\google\android-json\0.0.20131108.vaadin1\android-json-0.0.20131108.vaadin1.jar;C:\Users\pcz\.m2\repository\org\springframework\spring-core\6.1.14\spring-core-6.1.14.jar;C:\Users\pcz\.m2\repository\org\springframework\spring-jcl\6.1.14\spring-jcl-6.1.14.jar;C:\Users\pcz\.m2\repository\org\springframework\spring-test\6.1.14\spring-test-6.1.14.jar;C:\Users\pcz\.m2\repository\org\xmlunit\xmlunit-core\2.9.1\xmlunit-core-2.9.1.jar;C:\Users\pcz\.m2\repository\org\springframework\boot\spring-boot-devtools\3.3.5\spring-boot-devtools-3.3.5.jar;C:\Users\pcz\.m2\repository\org\springframework\boot\spring-boot\3.3.5\spring-boot-3.3.5.jar;C:\Users\pcz\.m2\repository\org\springframework\boot\spring-boot-autoconfigure\3.3.5\spring-boot-autoconfigure-3.3.5.jar;"/>
    <property name="java.vm.vendor" value="Oracle Corporation"/>
    <property name="sun.arch.data.model" value="64"/>
    <property name="user.variant" value=""/>
    <property name="java.vendor.url" value="https://java.oracle.com/"/>
    <property name="user.timezone" value="Asia/Calcutta"/>
    <property name="org.jboss.logging.provider" value="slf4j"/>
    <property name="os.name" value="Windows 10"/>
    <property name="java.vm.specification.version" value="21"/>
    <property name="sun.java.launcher" value="SUN_STANDARD"/>
    <property name="user.country" value="IN"/>
    <property name="sun.boot.library.path" value="C:\Program Files\Java\jdk-21\bin"/>
    <property name="sun.java.command" value="C:\Users\pcz\AppData\Local\Temp\surefire16585059533572013319\surefirebooter-20241201050040873_3.jar C:\Users\pcz\AppData\Local\Temp\surefire16585059533572013319 2024-12-01T05-00-40_505-jvmRun1 surefire-20241201050040873_1tmp surefire_0-20241201050040873_2tmp"/>
    <property name="jdk.debug" value="release"/>
    <property name="surefire.test.class.path" value="C:\Users\pcz\Downloads\removeGeolocation\BankingPortal-API-main\target\test-classes;C:\Users\pcz\Downloads\removeGeolocation\BankingPortal-API-main\target\classes;C:\Users\pcz\.m2\repository\org\projectlombok\lombok\1.18.34\lombok-1.18.34.jar;C:\Users\pcz\.m2\repository\com\icegreen\greenmail-junit5\2.0.0-alpha-2\greenmail-junit5-2.0.0-alpha-2.jar;C:\Users\pcz\.m2\repository\com\icegreen\greenmail\2.0.0-alpha-2\greenmail-2.0.0-alpha-2.jar;C:\Users\pcz\.m2\repository\com\sun\mail\jakarta.mail\2.0.1\jakarta.mail-2.0.1.jar;C:\Users\pcz\.m2\repository\com\sun\activation\jakarta.activation\2.0.1\jakarta.activation-2.0.1.jar;C:\Users\pcz\.m2\repository\jakarta\activation\jakarta.activation-api\2.1.3\jakarta.activation-api-2.1.3.jar;C:\Users\pcz\.m2\repository\org\slf4j\slf4j-api\2.0.16\slf4j-api-2.0.16.jar;C:\Users\pcz\.m2\repository\junit\junit\4.13.2\junit-4.13.2.jar;C:\Users\pcz\.m2\repository\org\junit\jupiter\junit-jupiter-api\5.10.5\junit-jupiter-api-5.10.5.jar;C:\Users\pcz\.m2\repository\org\opentest4j\opentest4j\1.3.0\opentest4j-1.3.0.jar;C:\Users\pcz\.m2\repository\org\junit\platform\junit-platform-commons\1.10.5\junit-platform-commons-1.10.5.jar;C:\Users\pcz\.m2\repository\org\apiguardian\apiguardian-api\1.1.2\apiguardian-api-1.1.2.jar;C:\Users\pcz\.m2\repository\com\googlecode\libphonenumber\libphonenumber\8.13.38\libphonenumber-8.13.38.jar;C:\Users\pcz\.m2\repository\com\github\javafaker\javafaker\1.0.2\javafaker-1.0.2.jar;C:\Users\pcz\.m2\repository\org\apache\commons\commons-lang3\3.14.0\commons-lang3-3.14.0.jar;C:\Users\pcz\.m2\repository\org\yaml\snakeyaml\1.23\snakeyaml-1.23-android.jar;C:\Users\pcz\.m2\repository\com\github\mifmif\generex\1.0.2\generex-1.0.2.jar;C:\Users\pcz\.m2\repository\dk\brics\automaton\automaton\1.11-8\automaton-1.11-8.jar;C:\Users\pcz\.m2\repository\org\mapstruct\mapstruct-processor\1.6.0.Beta2\mapstruct-processor-1.6.0.Beta2.jar;C:\Users\pcz\.m2\repository\org\mapstruct\mapstruct\1.6.0.Beta2\mapstruct-1.6.0.Beta2.jar;C:\Users\pcz\.m2\repository\org\springframework\boot\spring-boot-starter-data-jpa\3.3.5\spring-boot-starter-data-jpa-3.3.5.jar;C:\Users\pcz\.m2\repository\org\springframework\boot\spring-boot-starter-aop\3.3.5\spring-boot-starter-aop-3.3.5.jar;C:\Users\pcz\.m2\repository\org\aspectj\aspectjweaver\1.9.22.1\aspectjweaver-1.9.22.1.jar;C:\Users\pcz\.m2\repository\org\springframework\boot\spring-boot-starter-jdbc\3.3.5\spring-boot-starter-jdbc-3.3.5.jar;C:\Users\pcz\.m2\repository\com\zaxxer\HikariCP\5.1.0\HikariCP-5.1.0.jar;C:\Users\pcz\.m2\repository\org\springframework\spring-jdbc\6.1.14\spring-jdbc-6.1.14.jar;C:\Users\pcz\.m2\repository\org\hibernate\orm\hibernate-core\6.5.3.Final\hibernate-core-6.5.3.Final.jar;C:\Users\pcz\.m2\repository\jakarta\persistence\jakarta.persistence-api\3.1.0\jakarta.persistence-api-3.1.0.jar;C:\Users\pcz\.m2\repository\jakarta\transaction\jakarta.transaction-api\2.0.1\jakarta.transaction-api-2.0.1.jar;C:\Users\pcz\.m2\repository\org\jboss\logging\jboss-logging\3.5.3.Final\jboss-logging-3.5.3.Final.jar;C:\Users\pcz\.m2\repository\org\hibernate\common\hibernate-commons-annotations\6.0.6.Final\hibernate-commons-annotations-6.0.6.Final.jar;C:\Users\pcz\.m2\repository\io\smallrye\jandex\3.1.2\jandex-3.1.2.jar;C:\Users\pcz\.m2\repository\com\fasterxml\classmate\1.7.0\classmate-1.7.0.jar;C:\Users\pcz\.m2\repository\net\bytebuddy\byte-buddy\1.14.19\byte-buddy-1.14.19.jar;C:\Users\pcz\.m2\repository\org\glassfish\jaxb\jaxb-runtime\4.0.5\jaxb-runtime-4.0.5.jar;C:\Users\pcz\.m2\repository\org\glassfish\jaxb\jaxb-core\4.0.5\jaxb-core-4.0.5.jar;C:\Users\pcz\.m2\repository\org\glassfish\jaxb\txw2\4.0.5\txw2-4.0.5.jar;C:\Users\pcz\.m2\repository\com\sun\istack\istack-commons-runtime\4.1.2\istack-commons-runtime-4.1.2.jar;C:\Users\pcz\.m2\repository\jakarta\inject\jakarta.inject-api\2.0.1\jakarta.inject-api-2.0.1.jar;C:\Users\pcz\.m2\repository\org\antlr\antlr4-runtime\4.13.0\antlr4-runtime-4.13.0.jar;C:\Users\pcz\.m2\repository\org\springframework\data\spring-data-jpa\3.3.5\spring-data-jpa-3.3.5.jar;C:\Users\pcz\.m2\repository\org\springframework\data\spring-data-commons\3.3.5\spring-data-commons-3.3.5.jar;C:\Users\pcz\.m2\repository\org\springframework\spring-orm\6.1.14\spring-orm-6.1.14.jar;C:\Users\pcz\.m2\repository\org\springframework\spring-context\6.1.14\spring-context-6.1.14.jar;C:\Users\pcz\.m2\repository\org\springframework\spring-tx\6.1.14\spring-tx-6.1.14.jar;C:\Users\pcz\.m2\repository\org\springframework\spring-beans\6.1.14\spring-beans-6.1.14.jar;C:\Users\pcz\.m2\repository\jakarta\annotation\jakarta.annotation-api\2.1.1\jakarta.annotation-api-2.1.1.jar;C:\Users\pcz\.m2\repository\org\springframework\spring-aspects\6.1.14\spring-aspects-6.1.14.jar;C:\Users\pcz\.m2\repository\org\springframework\boot\spring-boot-starter-validation\3.3.5\spring-boot-starter-validation-3.3.5.jar;C:\Users\pcz\.m2\repository\org\springframework\boot\spring-boot-starter\3.3.5\spring-boot-starter-3.3.5.jar;C:\Users\pcz\.m2\repository\org\springframework\boot\spring-boot-starter-logging\3.3.5\spring-boot-starter-logging-3.3.5.jar;C:\Users\pcz\.m2\repository\ch\qos\logback\logback-classic\1.5.11\logback-classic-1.5.11.jar;C:\Users\pcz\.m2\repository\ch\qos\logback\logback-core\1.5.11\logback-core-1.5.11.jar;C:\Users\pcz\.m2\repository\org\apache\logging\log4j\log4j-to-slf4j\2.23.1\log4j-to-slf4j-2.23.1.jar;C:\Users\pcz\.m2\repository\org\apache\logging\log4j\log4j-api\2.23.1\log4j-api-2.23.1.jar;C:\Users\pcz\.m2\repository\org\slf4j\jul-to-slf4j\2.0.16\jul-to-slf4j-2.0.16.jar;C:\Users\pcz\.m2\repository\org\yaml\snakeyaml\2.2\snakeyaml-2.2.jar;C:\Users\pcz\.m2\repository\org\apache\tomcat\embed\tomcat-embed-el\10.1.31\tomcat-embed-el-10.1.31.jar;C:\Users\pcz\.m2\repository\org\hibernate\validator\hibernate-validator\8.0.1.Final\hibernate-validator-8.0.1.Final.jar;C:\Users\pcz\.m2\repository\jakarta\validation\jakarta.validation-api\3.0.2\jakarta.validation-api-3.0.2.jar;C:\Users\pcz\.m2\repository\org\springframework\boot\spring-boot-starter-web\3.3.5\spring-boot-starter-web-3.3.5.jar;C:\Users\pcz\.m2\repository\org\springframework\boot\spring-boot-starter-json\3.3.5\spring-boot-starter-json-3.3.5.jar;C:\Users\pcz\.m2\repository\com\fasterxml\jackson\datatype\jackson-datatype-jsr310\2.17.2\jackson-datatype-jsr310-2.17.2.jar;C:\Users\pcz\.m2\repository\com\fasterxml\jackson\module\jackson-module-parameter-names\2.17.2\jackson-module-parameter-names-2.17.2.jar;C:\Users\pcz\.m2\repository\org\springframework\boot\spring-boot-starter-tomcat\3.3.5\spring-boot-starter-tomcat-3.3.5.jar;C:\Users\pcz\.m2\repository\org\apache\tomcat\embed\tomcat-embed-core\10.1.31\tomcat-embed-core-10.1.31.jar;C:\Users\pcz\.m2\repository\org\apache\tomcat\embed\tomcat-embed-websocket\10.1.31\tomcat-embed-websocket-10.1.31.jar;C:\Users\pcz\.m2\repository\org\springframework\spring-web\6.1.14\spring-web-6.1.14.jar;C:\Users\pcz\.m2\repository\org\springframework\spring-webmvc\6.1.14\spring-webmvc-6.1.14.jar;C:\Users\pcz\.m2\repository\org\springframework\spring-expression\6.1.14\spring-expression-6.1.14.jar;C:\Users\pcz\.m2\repository\org\springframework\boot\spring-boot-starter-security\3.3.5\spring-boot-starter-security-3.3.5.jar;C:\Users\pcz\.m2\repository\org\springframework\spring-aop\6.1.14\spring-aop-6.1.14.jar;C:\Users\pcz\.m2\repository\org\springframework\security\spring-security-config\6.3.4\spring-security-config-6.3.4.jar;C:\Users\pcz\.m2\repository\org\springframework\security\spring-security-core\6.3.4\spring-security-core-6.3.4.jar;C:\Users\pcz\.m2\repository\org\springframework\security\spring-security-crypto\6.3.4\spring-security-crypto-6.3.4.jar;C:\Users\pcz\.m2\repository\org\springframework\security\spring-security-web\6.3.4\spring-security-web-6.3.4.jar;C:\Users\pcz\.m2\repository\com\mysql\mysql-connector-j\8.3.0\mysql-connector-j-8.3.0.jar;C:\Users\pcz\.m2\repository\org\springframework\boot\spring-boot-starter-mail\3.3.5\spring-boot-starter-mail-3.3.5.jar;C:\Users\pcz\.m2\repository\org\springframework\spring-context-support\6.1.14\spring-context-support-6.1.14.jar;C:\Users\pcz\.m2\repository\org\eclipse\angus\jakarta.mail\2.0.3\jakarta.mail-2.0.3.jar;C:\Users\pcz\.m2\repository\org\eclipse\angus\angus-activation\2.0.2\angus-activation-2.0.2.jar;C:\Users\pcz\.m2\repository\org\springframework\boot\spring-boot-starter-cache\3.3.5\spring-boot-starter-cache-3.3.5.jar;C:\Users\pcz\.m2\repository\com\github\ben-manes\caffeine\caffeine\3.1.8\caffeine-3.1.8.jar;C:\Users\pcz\.m2\repository\org\checkerframework\checker-qual\3.37.0\checker-qual-3.37.0.jar;C:\Users\pcz\.m2\repository\com\google\errorprone\error_prone_annotations\2.21.1\error_prone_annotations-2.21.1.jar;C:\Users\pcz\.m2\repository\io\jsonwebtoken\jjwt\0.9.1\jjwt-0.9.1.jar;C:\Users\pcz\.m2\repository\javax\xml\bind\jaxb-api\2.1\jaxb-api-2.1.jar;C:\Users\pcz\.m2\repository\javax\xml\stream\stax-api\1.0-2\stax-api-1.0-2.jar;C:\Users\pcz\.m2\repository\javax\activation\activation\1.1\activation-1.1.jar;C:\Users\pcz\.m2\repository\org\springdoc\springdoc-openapi-starter-webmvc-ui\2.0.2\springdoc-openapi-starter-webmvc-ui-2.0.2.jar;C:\Users\pcz\.m2\repository\org\springdoc\springdoc-openapi-starter-webmvc-api\2.0.2\springdoc-openapi-starter-webmvc-api-2.0.2.jar;C:\Users\pcz\.m2\repository\org\springdoc\springdoc-openapi-starter-common\2.0.2\springdoc-openapi-starter-common-2.0.2.jar;C:\Users\pcz\.m2\repository\io\swagger\core\v3\swagger-core-jakarta\2.2.7\swagger-core-jakarta-2.2.7.jar;C:\Users\pcz\.m2\repository\io\swagger\core\v3\swagger-annotations-jakarta\2.2.7\swagger-annotations-jakarta-2.2.7.jar;C:\Users\pcz\.m2\repository\io\swagger\core\v3\swagger-models-jakarta\2.2.7\swagger-models-jakarta-2.2.7.jar;C:\Users\pcz\.m2\repository\com\fasterxml\jackson\dataformat\jackson-dataformat-yaml\2.17.2\jackson-dataformat-yaml-2.17.2.jar;C:\Users\pcz\.m2\repository\org\webjars\swagger-ui\4.15.5\swagger-ui-4.15.5.jar;C:\Users\pcz\.m2\repository\org\webjars\webjars-locator-core\0.58\webjars-locator-core-0.58.jar;C:\Users\pcz\.m2\repository\io\github\classgraph\classgraph\4.8.149\classgraph-4.8.149.jar;C:\Users\pcz\.m2\repository\org\springframework\boot\spring-boot-starter-actuator\3.3.5\spring-boot-starter-actuator-3.3.5.jar;C:\Users\pcz\.m2\repository\org\springframework\boot\spring-boot-actuator-autoconfigure\3.3.5\spring-boot-actuator-autoconfigure-3.3.5.jar;C:\Users\pcz\.m2\repository\org\springframework\boot\spring-boot-actuator\3.3.5\spring-boot-actuator-3.3.5.jar;C:\Users\pcz\.m2\repository\io\micrometer\micrometer-observation\1.13.6\micrometer-observation-1.13.6.jar;C:\Users\pcz\.m2\repository\io\micrometer\micrometer-commons\1.13.6\micrometer-commons-1.13.6.jar;C:\Users\pcz\.m2\repository\io\micrometer\micrometer-jakarta9\1.13.6\micrometer-jakarta9-1.13.6.jar;C:\Users\pcz\.m2\repository\io\micrometer\micrometer-core\1.13.6\micrometer-core-1.13.6.jar;C:\Users\pcz\.m2\repository\org\hdrhistogram\HdrHistogram\2.2.2\HdrHistogram-2.2.2.jar;C:\Users\pcz\.m2\repository\org\latencyutils\LatencyUtils\2.0.3\LatencyUtils-2.0.3.jar;C:\Users\pcz\.m2\repository\com\fasterxml\jackson\core\jackson-databind\2.17.2\jackson-databind-2.17.2.jar;C:\Users\pcz\.m2\repository\com\fasterxml\jackson\core\jackson-core\2.17.2\jackson-core-2.17.2.jar;C:\Users\pcz\.m2\repository\com\fasterxml\jackson\core\jackson-annotations\2.17.2\jackson-annotations-2.17.2.jar;C:\Users\pcz\.m2\repository\com\fasterxml\jackson\datatype\jackson-datatype-jdk8\2.17.2\jackson-datatype-jdk8-2.17.2.jar;C:\Users\pcz\.m2\repository\org\springframework\boot\spring-boot-starter-test\3.3.5\spring-boot-starter-test-3.3.5.jar;C:\Users\pcz\.m2\repository\org\springframework\boot\spring-boot-test\3.3.5\spring-boot-test-3.3.5.jar;C:\Users\pcz\.m2\repository\org\springframework\boot\spring-boot-test-autoconfigure\3.3.5\spring-boot-test-autoconfigure-3.3.5.jar;C:\Users\pcz\.m2\repository\com\jayway\jsonpath\json-path\2.9.0\json-path-2.9.0.jar;C:\Users\pcz\.m2\repository\jakarta\xml\bind\jakarta.xml.bind-api\4.0.2\jakarta.xml.bind-api-4.0.2.jar;C:\Users\pcz\.m2\repository\net\minidev\json-smart\2.5.1\json-smart-2.5.1.jar;C:\Users\pcz\.m2\repository\net\minidev\accessors-smart\2.5.1\accessors-smart-2.5.1.jar;C:\Users\pcz\.m2\repository\org\ow2\asm\asm\9.6\asm-9.6.jar;C:\Users\pcz\.m2\repository\org\assertj\assertj-core\3.25.3\assertj-core-3.25.3.jar;C:\Users\pcz\.m2\repository\org\awaitility\awaitility\4.2.2\awaitility-4.2.2.jar;C:\Users\pcz\.m2\repository\org\hamcrest\hamcrest\2.2\hamcrest-2.2.jar;C:\Users\pcz\.m2\repository\org\junit\jupiter\junit-jupiter\5.10.5\junit-jupiter-5.10.5.jar;C:\Users\pcz\.m2\repository\org\junit\jupiter\junit-jupiter-params\5.10.5\junit-jupiter-params-5.10.5.jar;C:\Users\pcz\.m2\repository\org\junit\jupiter\junit-jupiter-engine\5.10.5\junit-jupiter-engine-5.10.5.jar;C:\Users\pcz\.m2\repository\org\junit\platform\junit-platform-engine\1.10.5\junit-platform-engine-1.10.5.jar;C:\Users\pcz\.m2\repository\org\mockito\mockito-core\5.11.0\mockito-core-5.11.0.jar;C:\Users\pcz\.m2\repository\net\bytebuddy\byte-buddy-agent\1.14.19\byte-buddy-agent-1.14.19.jar;C:\Users\pcz\.m2\repository\org\objenesis\objenesis\3.3\objenesis-3.3.jar;C:\Users\pcz\.m2\repository\org\mockito\mockito-junit-jupiter\5.11.0\mockito-junit-jupiter-5.11.0.jar;C:\Users\pcz\.m2\repository\org\skyscreamer\jsonassert\1.5.3\jsonassert-1.5.3.jar;C:\Users\pcz\.m2\repository\com\vaadin\external\google\android-json\0.0.20131108.vaadin1\android-json-0.0.20131108.vaadin1.jar;C:\Users\pcz\.m2\repository\org\springframework\spring-core\6.1.14\spring-core-6.1.14.jar;C:\Users\pcz\.m2\repository\org\springframework\spring-jcl\6.1.14\spring-jcl-6.1.14.jar;C:\Users\pcz\.m2\repository\org\springframework\spring-test\6.1.14\spring-test-6.1.14.jar;C:\Users\pcz\.m2\repository\org\xmlunit\xmlunit-core\2.9.1\xmlunit-core-2.9.1.jar;C:\Users\pcz\.m2\repository\org\springframework\boot\spring-boot-devtools\3.3.5\spring-boot-devtools-3.3.5.jar;C:\Users\pcz\.m2\repository\org\springframework\boot\spring-boot\3.3.5\spring-boot-3.3.5.jar;C:\Users\pcz\.m2\repository\org\springframework\boot\spring-boot-autoconfigure\3.3.5\spring-boot-autoconfigure-3.3.5.jar;"/>
    <property name="sun.cpu.endian" value="little"/>
    <property name="user.home" value="C:\Users\pcz"/>
    <property name="user.language" value="en"/>
    <property name="java.specification.vendor" value="Oracle Corporation"/>
    <property name="java.version.date" value="2023-10-17"/>
    <property name="java.home" value="C:\Program Files\Java\jdk-21"/>
    <property name="file.separator" value="\"/>
    <property name="basedir" value="C:\Users\pcz\Downloads\removeGeolocation\BankingPortal-API-main"/>
    <property name="java.vm.compressedOopsMode" value="32-bit"/>
    <property name="line.separator" value="&#10;"/>
    <property name="java.vm.specification.vendor" value="Oracle Corporation"/>
    <property name="java.specification.name" value="Java Platform API Specification"/>
    <property name="FILE_LOG_CHARSET" value="UTF-8"/>
    <property name="java.awt.headless" value="true"/>
    <property name="surefire.real.class.path" value="C:\Users\pcz\AppData\Local\Temp\surefire16585059533572013319\surefirebooter-20241201050040873_3.jar"/>
    <property name="user.script" value=""/>
    <property name="sun.management.compiler" value="HotSpot 64-Bit Tiered Compilers"/>
    <property name="java.runtime.version" value="21.0.1+12-LTS-29"/>
    <property name="user.name" value="pcz"/>
    <property name="stdout.encoding" value="Cp1252"/>
    <property name="path.separator" value=";"/>
    <property name="os.version" value="10.0"/>
    <property name="java.runtime.name" value="Java(TM) SE Runtime Environment"/>
    <property name="file.encoding" value="UTF-8"/>
    <property name="java.vm.name" value="Java HotSpot(TM) 64-Bit Server VM"/>
    <property name="localRepository" value="C:\Users\pcz\.m2\repository"/>
    <property name="java.vendor.url.bug" value="https://bugreport.java.com/bugreport/"/>
    <property name="java.io.tmpdir" value="C:\Users\pcz\AppData\Local\Temp\"/>
    <property name="com.zaxxer.hikari.pool_number" value="1"/>
    <property name="java.version" value="21.0.1"/>
    <property name="user.dir" value="C:\Users\pcz\Downloads\removeGeolocation\BankingPortal-API-main"/>
    <property name="os.arch" value="amd64"/>
    <property name="java.vm.specification.name" value="Java Virtual Machine Specification"/>
    <property name="PID" value="17036"/>
    <property name="sun.os.patch.level" value=""/>
    <property name="CONSOLE_LOG_CHARSET" value="UTF-8"/>
    <property name="native.encoding" value="Cp1252"/>
    <property name="java.library.path" value="C:\Program Files\Java\jdk-21\bin;C:\Windows\Sun\Java\bin;C:\Windows\system32;C:\Windows;C:\Python312\Scripts\;C:\Python312\;C:\Program Files\Common Files\Oracle\Java\javapath;C:\Program Files (x86)\Common Files\Oracle\Java\javapath;C:\Windows\system32;C:\Windows;C:\Windows\System32\Wbem;C:\Windows\System32\WindowsPowerShell\v1.0\;C:\Windows\System32\OpenSSH\;C:\Program Files\nodejs\;C:\ProgramData\chocolatey\bin;C:\Program Files\Git\cmd;C:\Program Files\Git LFS;C:\Users\pcz\Downloads\apache-maven-3.9.9-bin;;C:\Program Files\Docker\Docker\resources\bin;C:\Program Files\MySQL\MySQL Shell 8.0\bin\;C:\Users\pcz\AppData\Local\Microsoft\WindowsApps;C:\Users\pcz\AppData\Local\Programs\Microsoft VS Code\bin;C:\Users\pcz\AppData\Roaming\npm;C:\Users\pcz\AppData\Local\GitHubDesktop\bin;C:\Users\pcz\Downloads\apache-maven-3.9.9-bin\apache-maven-3.9.9\bin;;."/>
    <property name="java.vm.info" value="mixed mode, sharing"/>
    <property name="stderr.encoding" value="Cp1252"/>
    <property name="java.vendor" value="Oracle Corporation"/>
    <property name="java.vm.version" value="21.0.1+12-LTS-29"/>
    <property name="sun.io.unicode.encoding" value="UnicodeLittle"/>
    <property name="java.class.version" value="65.0"/>
  </properties>
  <testcase name="test_deposit_with_unauthorized_access" classname="com.webapp.bankingportal.AccountControllerTests" time="2.45">
    <system-out><![CDATA[05:00:43.909 [main] INFO org.springframework.test.context.support.AnnotationConfigContextLoaderUtils -- Could not detect default configuration classes for test class [com.webapp.bankingportal.AccountControllerTests]: AccountControllerTests does not declare any static, non-private, non-final, nested classes annotated with @Configuration.
05:00:44.272 [main] INFO org.springframework.boot.test.context.SpringBootTestContextBootstrapper -- Found @SpringBootConfiguration com.webapp.bankingportal.BankingportalApplication for test class com.webapp.bankingportal.AccountControllerTests
05:00:45.154 [main] INFO org.springframework.boot.devtools.restart.RestartApplicationListener -- Restart disabled due to context in which it is running
05:00:43,575 |-INFO in ch.qos.logback.classic.LoggerContext[default] - This is logback-classic version 1.5.11
05:00:43,582 |-INFO in ch.qos.logback.classic.util.ContextInitializer@39109136 - Here is a list of configurators discovered as a service, by rank: 
05:00:43,582 |-INFO in ch.qos.logback.classic.util.ContextInitializer@39109136 -   org.springframework.boot.logging.logback.RootLogLevelConfigurator
05:00:43,582 |-INFO in ch.qos.logback.classic.util.ContextInitializer@39109136 - They will be invoked in order until ExecutionStatus.DO_NOT_INVOKE_NEXT_IF_ANY is returned.
05:00:43,582 |-INFO in ch.qos.logback.classic.util.ContextInitializer@39109136 - Constructed configurator of type class org.springframework.boot.logging.logback.RootLogLevelConfigurator
05:00:43,599 |-INFO in ch.qos.logback.classic.util.ContextInitializer@39109136 - org.springframework.boot.logging.logback.RootLogLevelConfigurator.configure() call lasted 1 milliseconds. ExecutionStatus=INVOKE_NEXT_IF_ANY
05:00:43,599 |-INFO in ch.qos.logback.classic.util.ContextInitializer@39109136 - Trying to configure with ch.qos.logback.classic.joran.SerializedModelConfigurator
05:00:43,601 |-INFO in ch.qos.logback.classic.util.ContextInitializer@39109136 - Constructed configurator of type class ch.qos.logback.classic.joran.SerializedModelConfigurator
05:00:43,607 |-INFO in ch.qos.logback.classic.LoggerContext[default] - Could NOT find resource [logback-test.scmo]
05:00:43,609 |-INFO in ch.qos.logback.classic.LoggerContext[default] - Could NOT find resource [logback.scmo]
05:00:43,609 |-INFO in ch.qos.logback.classic.util.ContextInitializer@39109136 - ch.qos.logback.classic.joran.SerializedModelConfigurator.configure() call lasted 8 milliseconds. ExecutionStatus=INVOKE_NEXT_IF_ANY
05:00:43,609 |-INFO in ch.qos.logback.classic.util.ContextInitializer@39109136 - Trying to configure with ch.qos.logback.classic.util.DefaultJoranConfigurator
05:00:43,610 |-INFO in ch.qos.logback.classic.util.ContextInitializer@39109136 - Constructed configurator of type class ch.qos.logback.classic.util.DefaultJoranConfigurator
05:00:43,611 |-INFO in ch.qos.logback.classic.LoggerContext[default] - Could NOT find resource [logback-test.xml]
05:00:43,611 |-INFO in ch.qos.logback.classic.LoggerContext[default] - Could NOT find resource [logback.xml]
05:00:43,611 |-INFO in ch.qos.logback.classic.util.ContextInitializer@39109136 - ch.qos.logback.classic.util.DefaultJoranConfigurator.configure() call lasted 1 milliseconds. ExecutionStatus=INVOKE_NEXT_IF_ANY
05:00:43,611 |-INFO in ch.qos.logback.classic.util.ContextInitializer@39109136 - Trying to configure with ch.qos.logback.classic.BasicConfigurator
05:00:43,614 |-INFO in ch.qos.logback.classic.util.ContextInitializer@39109136 - Constructed configurator of type class ch.qos.logback.classic.BasicConfigurator
05:00:43,614 |-INFO in ch.qos.logback.classic.BasicConfigurator@27c04377 - Setting up default configuration.
05:00:43,659 |-INFO in ch.qos.logback.classic.util.ContextInitializer@39109136 - ch.qos.logback.classic.BasicConfigurator.configure() call lasted 45 milliseconds. ExecutionStatus=NEUTRAL
05:00:45,850 |-WARN in ch.qos.logback.core.joran.action.ConversionRuleAction - [converterClass] attribute is deprecated and replaced by [class]. See element [conversionRule] near line 5
05:00:45,850 |-WARN in ch.qos.logback.core.joran.action.ConversionRuleAction - [converterClass] attribute is deprecated and replaced by [class]. See element [conversionRule] near line 7
05:00:45,933 |-INFO in ch.qos.logback.core.model.processor.ConversionRuleModelHandler - registering conversion word clr with class [org.springframework.boot.logging.logback.ColorConverter]
05:00:45,933 |-INFO in ch.qos.logback.core.model.processor.ConversionRuleModelHandler - registering conversion word wEx with class [org.springframework.boot.logging.logback.WhitespaceThrowableProxyConverter]
05:00:45,945 |-INFO in ch.qos.logback.core.model.processor.ModelInterpretationContext@34dc85a - value "%clr(%d{yyyy-MM-dd HH:mm:ss.SSS}){faint} %clr(%5p) %clr([%t]){faint} %clr(:){faint} %m%n%wEx" substituted for "%clr(%d{${LOG_DATEFORMAT_PATTERN:-yyyy-MM-dd HH:mm:ss.SSS}}){faint} %clr(${LOG_LEVEL_PATTERN:-%5p}) %clr([%t]){faint} %clr(:){faint} %m%n${LOG_EXCEPTION_CONVERSION_WORD:-%wEx}"
05:00:45,947 |-INFO in ch.qos.logback.core.model.processor.AppenderModelHandler - Processing appender named [CONSOLE]
05:00:45,947 |-INFO in ch.qos.logback.core.model.processor.AppenderModelHandler - About to instantiate appender of type [ch.qos.logback.core.ConsoleAppender]
05:00:45,958 |-INFO in ch.qos.logback.core.model.processor.ImplicitModelHandler - Assuming default type [ch.qos.logback.classic.encoder.PatternLayoutEncoder] for [encoder] property
05:00:45,960 |-INFO in ch.qos.logback.core.model.processor.ModelInterpretationContext@34dc85a - value "%clr(%d{yyyy-MM-dd HH:mm:ss.SSS}){faint} %clr(%5p) %clr([%t]){faint} %clr(:){faint} %m%n%wEx" substituted for "${LOG_PATTERN}"
05:00:46,001 |-INFO in ch.qos.logback.classic.model.processor.RootLoggerModelHandler - Setting level of ROOT logger to INFO
05:00:46,001 |-INFO in ch.qos.logback.classic.jul.LevelChangePropagator@67403656 - Propagating INFO level on Logger[ROOT] onto the JUL framework
05:00:46,003 |-INFO in ch.qos.logback.core.model.processor.AppenderRefModelHandler - Attaching appender named [CONSOLE] to Logger[ROOT]
05:00:46,003 |-INFO in ch.qos.logback.core.model.processor.DefaultProcessor@5a6482a9 - End of configuration.
05:00:46,003 |-INFO in org.springframework.boot.logging.logback.SpringBootJoranConfigurator@7f9ab969 - Registering current configuration as safe fallback point


  .   ____          _            __ _ _
 /\\ / ___'_ __ _ _(_)_ __  __ _ \ \ \ \
( ( )\___ | '_ | '_| | '_ \/ _` | \ \ \ \
 \\/  ___)| |_)| | | | | || (_| |  ) ) ) )
  '  |____| .__|_| |_|_| |_\__, | / / / /
 =========|_|==============|___/=/_/_/_/

 :: Spring Boot ::                (v3.3.5)

2024-12-01 05:00:46.130  INFO [background-preinit] : HV000001: Hibernate Validator 8.0.1.Final
2024-12-01 05:00:46.384  INFO [main] : Starting AccountControllerTests using Java 21.0.1 with PID 17036 (started by pcz in C:\Users\pcz\Downloads\removeGeolocation\BankingPortal-API-main)
2024-12-01 05:00:46.388  INFO [main] : No active profile set, falling back to 1 default profile: "default"
2024-12-01 05:00:50.633  INFO [main] : Bootstrapping Spring Data JPA repositories in DEFAULT mode.
2024-12-01 05:00:50.918  INFO [main] : Finished Spring Data repository scanning in 257 ms. Found 5 JPA repository interfaces.
2024-12-01 05:00:54.245  INFO [main] : HHH000204: Processing PersistenceUnitInfo [name: default]
2024-12-01 05:00:54.648  INFO [main] : HHH000412: Hibernate ORM core version 6.5.3.Final
2024-12-01 05:00:54.912  INFO [main] : HHH000026: Second-level cache disabled
2024-12-01 05:00:56.237  INFO [main] : No LoadTimeWeaver setup: ignoring JPA class transformer
2024-12-01 05:00:56.337  INFO [main] : HikariPool-1 - Starting...
2024-12-01 05:01:00.310  INFO [main] : HikariPool-1 - Added connection com.mysql.cj.jdbc.ConnectionImpl@21a0795f
2024-12-01 05:01:00.312  INFO [main] : HikariPool-1 - Start completed.
2024-12-01 05:01:00.371  WARN [main] : HHH90000025: MySQL8Dialect does not need to be specified explicitly using 'hibernate.dialect' (remove the property setting and it will be selected by default)
2024-12-01 05:01:00.374  WARN [main] : HHH90000026: MySQL8Dialect has been deprecated; use org.hibernate.dialect.MySQLDialect instead
2024-12-01 05:01:02.988  INFO [main] : HHH000489: No JTA platform available (set 'hibernate.transaction.jta.platform' to enable JTA platform integration)
2024-12-01 05:01:09.763  INFO [main] : Initialized JPA EntityManagerFactory for persistence unit 'default'
2024-12-01 05:01:11.890  WARN [main] : Global AuthenticationManager configured with an AuthenticationProvider bean. UserDetailsService beans will not be used for username/password login. Consider removing the AuthenticationProvider bean. Alternatively, consider using the UserDetailsService in a manually instantiated DaoAuthenticationProvider.
2024-12-01 05:01:20.165  INFO [main] : Exposing 1 endpoint beneath base path '/actuator'
2024-12-01 05:01:23.209  INFO [main] : Initializing Spring TestDispatcherServlet ''
2024-12-01 05:01:23.209  INFO [main] : Initializing Servlet ''
2024-12-01 05:01:23.214  INFO [main] : Completed initialization in 4 ms
2024-12-01 05:01:23.744  INFO [main] : Started AccountControllerTests in 38.619 seconds (process running for 42.409)
]]></system-out>
    <system-err><![CDATA[WARNING: A Java agent has been loaded dynamically (C:\Users\pcz\.m2\repository\net\bytebuddy\byte-buddy-agent\1.14.19\byte-buddy-agent-1.14.19.jar)
WARNING: If a serviceability tool is in use, please run with -XX:+EnableDynamicAgentLoading to hide this warning
WARNING: If a serviceability tool is not in use, please run with -Djdk.instrument.traceUsage for more information
WARNING: Dynamic loading of agents will be disallowed by default in a future release
]]></system-err>
  </testcase>
  <testcase name="test_pin_update_with_invalid_new_short_pin" classname="com.webapp.bankingportal.AccountControllerTests" time="9.969">
    <system-out><![CDATA[2024-12-01 05:01:31.690  INFO [main] : Generating token for user: 83a25a
2024-12-01 05:01:32.342  INFO [main] : Saving token for account: 83a25a
2024-12-01 05:01:34.910  INFO [main] : Updating PIN for account: 83a25a
]]></system-out>
  </testcase>
  <testcase name="test_fund_transfer_with_zero_amount" classname="com.webapp.bankingportal.AccountControllerTests" time="13.482">
    <system-out><![CDATA[2024-12-01 05:01:40.108  INFO [main] : Generating token for user: dbd937
2024-12-01 05:01:40.672  INFO [main] : Saving token for account: dbd937
2024-12-01 05:01:47.637  INFO [main] : Generating token for user: 6f8aea
2024-12-01 05:01:48.196  INFO [main] : Saving token for account: 6f8aea
]]></system-out>
  </testcase>
  <testcase name="test_fund_transfer_with_negative_amount" classname="com.webapp.bankingportal.AccountControllerTests" time="13.622">
    <system-out><![CDATA[2024-12-01 05:01:53.521  INFO [main] : Generating token for user: 042f88
2024-12-01 05:01:54.079  INFO [main] : Saving token for account: 042f88
2024-12-01 05:02:01.118  INFO [main] : Generating token for user: 7bc938
2024-12-01 05:02:01.689  INFO [main] : Saving token for account: 7bc938
]]></system-out>
  </testcase>
  <testcase name="test_pin_update_with_missing_password" classname="com.webapp.bankingportal.AccountControllerTests" time="7.539">
    <system-out><![CDATA[2024-12-01 05:02:07.229  INFO [main] : Generating token for user: cc9951
2024-12-01 05:02:07.790  INFO [main] : Saving token for account: cc9951
2024-12-01 05:02:10.304  INFO [main] : Updating PIN for account: cc9951
]]></system-out>
  </testcase>
  <testcase name="test_withdraw_with_negative_amount" classname="com.webapp.bankingportal.AccountControllerTests" time="7.591">
    <system-out><![CDATA[2024-12-01 05:02:14.750  INFO [main] : Generating token for user: ab23ec
2024-12-01 05:02:15.313  INFO [main] : Saving token for account: ab23ec
]]></system-out>
  </testcase>
  <testcase name="test_pin_create_with_missing_pin" classname="com.webapp.bankingportal.AccountControllerTests" time="6.33">
    <system-out><![CDATA[2024-12-01 05:02:22.397  INFO [main] : Generating token for user: 2fd554
2024-12-01 05:02:22.970  INFO [main] : Saving token for account: 2fd554
]]></system-out>
  </testcase>
  <testcase name="test_pin_update_with_invalid_new_long_pin" classname="com.webapp.bankingportal.AccountControllerTests" time="8.346">
    <system-out><![CDATA[2024-12-01 05:02:28.702  INFO [main] : Generating token for user: 96a5c8
2024-12-01 05:02:29.282  INFO [main] : Saving token for account: 96a5c8
2024-12-01 05:02:31.770  INFO [main] : Updating PIN for account: 96a5c8
]]></system-out>
  </testcase>
  <testcase name="test_pin_create_with_invalid_long_pin" classname="com.webapp.bankingportal.AccountControllerTests" time="6.222">
    <system-out><![CDATA[2024-12-01 05:02:36.992  INFO [main] : Generating token for user: 0d3717
2024-12-01 05:02:37.553  INFO [main] : Saving token for account: 0d3717
]]></system-out>
  </testcase>
  <testcase name="test_pin_check_with_pin" classname="com.webapp.bankingportal.AccountControllerTests" time="7.512">
    <system-out><![CDATA[2024-12-01 05:02:43.301  INFO [main] : Generating token for user: 6f3f00
2024-12-01 05:02:43.858  INFO [main] : Saving token for account: 6f3f00
]]></system-out>
  </testcase>
  <testcase name="test_withdraw_with_insufficient_funds" classname="com.webapp.bankingportal.AccountControllerTests" time="9.719">
    <system-out><![CDATA[2024-12-01 05:02:50.740  INFO [main] : Generating token for user: 406042
2024-12-01 05:02:51.295  INFO [main] : Saving token for account: 406042
]]></system-out>
  </testcase>
  <testcase name="test_pin_update_with_invalid_old_pin" classname="com.webapp.bankingportal.AccountControllerTests" time="7.786">
    <system-out><![CDATA[2024-12-01 05:03:00.412  INFO [main] : Generating token for user: 70198d
2024-12-01 05:03:00.969  INFO [main] : Saving token for account: 70198d
2024-12-01 05:03:03.391  INFO [main] : Updating PIN for account: 70198d
]]></system-out>
  </testcase>
  <testcase name="test_fund_transfer_with_valid_data" classname="com.webapp.bankingportal.AccountControllerTests" time="14.573">
    <system-out><![CDATA[2024-12-01 05:03:08.202  INFO [main] : Generating token for user: 3098b5
2024-12-01 05:03:08.758  INFO [main] : Saving token for account: 3098b5
2024-12-01 05:03:16.050  INFO [main] : Generating token for user: 3a003d
2024-12-01 05:03:16.610  INFO [main] : Saving token for account: 3a003d
]]></system-out>
  </testcase>
  <testcase name="test_fund_transfer_with_invalid_target_account" classname="com.webapp.bankingportal.AccountControllerTests" time="9.71">
    <system-out><![CDATA[2024-12-01 05:03:22.829  INFO [main] : Generating token for user: 14933b
2024-12-01 05:03:23.409  INFO [main] : Saving token for account: 14933b
]]></system-out>
  </testcase>
  <testcase name="test_withdraw_with_valid_pin_and_amount" classname="com.webapp.bankingportal.AccountControllerTests" time="9.755">
    <system-out><![CDATA[2024-12-01 05:03:32.504  INFO [main] : Generating token for user: da9921
2024-12-01 05:03:33.064  INFO [main] : Saving token for account: da9921
]]></system-out>
  </testcase>
  <testcase name="test_deposit_with_missing_pin" classname="com.webapp.bankingportal.AccountControllerTests" time="7.293">
    <system-out><![CDATA[2024-12-01 05:03:42.225  INFO [main] : Generating token for user: d7772a
2024-12-01 05:03:42.781  INFO [main] : Saving token for account: d7772a
]]></system-out>
  </testcase>
  <testcase name="test_withdraw_with_missing_pin" classname="com.webapp.bankingportal.AccountControllerTests" time="7.336">
    <system-out><![CDATA[2024-12-01 05:03:49.559  INFO [main] : Generating token for user: a9e15a
2024-12-01 05:03:50.115  INFO [main] : Saving token for account: a9e15a
]]></system-out>
  </testcase>
  <testcase name="test_pin_update_with_invalid_password" classname="com.webapp.bankingportal.AccountControllerTests" time="7.409">
    <system-out><![CDATA[2024-12-01 05:03:56.873  INFO [main] : Generating token for user: 832bc3
2024-12-01 05:03:57.425  INFO [main] : Saving token for account: 832bc3
2024-12-01 05:03:59.846  INFO [main] : Updating PIN for account: 832bc3
]]></system-out>
  </testcase>
  <testcase name="test_pin_create_with_valid_password" classname="com.webapp.bankingportal.AccountControllerTests" time="6.179">
    <system-out><![CDATA[2024-12-01 05:04:04.266  INFO [main] : Generating token for user: 5441ad
2024-12-01 05:04:04.826  INFO [main] : Saving token for account: 5441ad
]]></system-out>
  </testcase>
  <testcase name="test_pin_create_unauthorized_access" classname="com.webapp.bankingportal.AccountControllerTests" time="0.835"/>
  <testcase name="test_pin_update_with_missing_new_pin" classname="com.webapp.bankingportal.AccountControllerTests" time="8.07">
    <system-out><![CDATA[2024-12-01 05:04:11.289  INFO [main] : Generating token for user: e99b16
2024-12-01 05:04:11.846  INFO [main] : Saving token for account: e99b16
2024-12-01 05:04:14.276  INFO [main] : Updating PIN for account: e99b16
]]></system-out>
  </testcase>
  <testcase name="test_deposit_with_excessively_large_amount" classname="com.webapp.bankingportal.AccountControllerTests" time="7.41">
    <system-out><![CDATA[2024-12-01 05:04:19.375  INFO [main] : Generating token for user: 81f795
2024-12-01 05:04:19.930  INFO [main] : Saving token for account: 81f795
]]></system-out>
  </testcase>
  <testcase name="test_pin_create_with_missing_password" classname="com.webapp.bankingportal.AccountControllerTests" time="5.747">
    <system-out><![CDATA[2024-12-01 05:04:26.773  INFO [main] : Generating token for user: 506768
2024-12-01 05:04:27.332  INFO [main] : Saving token for account: 506768
]]></system-out>
  </testcase>
  <testcase name="test_fund_transfer_with_invalid_source_account_pin" classname="com.webapp.bankingportal.AccountControllerTests" time="13.222">
    <system-out><![CDATA[2024-12-01 05:04:32.521  INFO [main] : Generating token for user: 1d459d
2024-12-01 05:04:33.077  INFO [main] : Saving token for account: 1d459d
2024-12-01 05:04:39.912  INFO [main] : Generating token for user: 9f6d93
2024-12-01 05:04:40.469  INFO [main] : Saving token for account: 9f6d93
]]></system-out>
  </testcase>
  <testcase name="test_deposit_with_valid_data" classname="com.webapp.bankingportal.AccountControllerTests" time="8.043">
    <system-out><![CDATA[2024-12-01 05:04:45.760  INFO [main] : Generating token for user: 318047
2024-12-01 05:04:46.315  INFO [main] : Saving token for account: 318047
]]></system-out>
  </testcase>
  <testcase name="test_pin_update_with_unauthorized_access" classname="com.webapp.bankingportal.AccountControllerTests" time="0.831"/>
  <testcase name="test_transactions_with_authorized_access" classname="com.webapp.bankingportal.AccountControllerTests" time="9.121">
    <system-out><![CDATA[2024-12-01 05:04:54.630  INFO [main] : Generating token for user: b363a3
2024-12-01 05:04:55.189  INFO [main] : Saving token for account: b363a3
]]></system-out>
  </testcase>
  <testcase name="test_transactions_unauthorized_access" classname="com.webapp.bankingportal.AccountControllerTests" time="0.833"/>
  <testcase name="test_fund_transfer_with_missing_source_account_pin" classname="com.webapp.bankingportal.AccountControllerTests" time="13.276">
    <system-out><![CDATA[2024-12-01 05:05:04.584  INFO [main] : Generating token for user: 79de91
2024-12-01 05:05:05.144  INFO [main] : Saving token for account: 79de91
2024-12-01 05:05:12.123  INFO [main] : Generating token for user: efcdcb
2024-12-01 05:05:12.679  INFO [main] : Saving token for account: efcdcb
]]></system-out>
  </testcase>
  <testcase name="test_fund_transfer_unauthorized_access" classname="com.webapp.bankingportal.AccountControllerTests" time="12.344">
    <system-out><![CDATA[2024-12-01 05:05:17.878  INFO [main] : Generating token for user: 571692
2024-12-01 05:05:18.434  INFO [main] : Saving token for account: 571692
2024-12-01 05:05:25.306  INFO [main] : Generating token for user: eea09a
2024-12-01 05:05:25.861  INFO [main] : Saving token for account: eea09a
]]></system-out>
  </testcase>
  <testcase name="test_pin_create_with_invalid_short_pin" classname="com.webapp.bankingportal.AccountControllerTests" time="6.304">
    <system-out><![CDATA[2024-12-01 05:05:30.386  INFO [main] : Generating token for user: 9dfad2
2024-12-01 05:05:30.939  INFO [main] : Saving token for account: 9dfad2
]]></system-out>
  </testcase>
  <testcase name="test_fund_transfer_to_the_same_account" classname="com.webapp.bankingportal.AccountControllerTests" time="9.217">
    <system-out><![CDATA[2024-12-01 05:05:36.533  INFO [main] : Generating token for user: 935ea8
2024-12-01 05:05:37.089  INFO [main] : Saving token for account: 935ea8
]]></system-out>
  </testcase>
  <testcase name="test_fund_transfer_with_insufficient_funds" classname="com.webapp.bankingportal.AccountControllerTests" time="13.857">
    <system-out><![CDATA[2024-12-01 05:05:45.721  INFO [main] : Generating token for user: 41938f
2024-12-01 05:05:46.278  INFO [main] : Saving token for account: 41938f
2024-12-01 05:05:53.142  INFO [main] : Generating token for user: eb2f43
2024-12-01 05:05:53.698  INFO [main] : Saving token for account: eb2f43
]]></system-out>
  </testcase>
  <testcase name="test_pin_check_without_pin" classname="com.webapp.bankingportal.AccountControllerTests" time="5.752">
    <system-out><![CDATA[2024-12-01 05:05:59.609  INFO [main] : Generating token for user: f8c203
2024-12-01 05:06:00.163  INFO [main] : Saving token for account: f8c203
]]></system-out>
  </testcase>
  <testcase name="test_pin_update_with_missing_old_pin" classname="com.webapp.bankingportal.AccountControllerTests" time="7.715">
    <system-out><![CDATA[2024-12-01 05:06:05.349  INFO [main] : Generating token for user: 290cc8
2024-12-01 05:06:05.906  INFO [main] : Saving token for account: 290cc8
2024-12-01 05:06:08.336  INFO [main] : Updating PIN for account: 290cc8
]]></system-out>
  </testcase>
  <testcase name="test_deposit_with_negative_amount" classname="com.webapp.bankingportal.AccountControllerTests" time="7.384">
    <system-out><![CDATA[2024-12-01 05:06:13.057  INFO [main] : Generating token for user: fea7e4
2024-12-01 05:06:13.616  INFO [main] : Saving token for account: fea7e4
]]></system-out>
  </testcase>
  <testcase name="test_withdraw_with_zero_amount" classname="com.webapp.bankingportal.AccountControllerTests" time="7.452">
    <system-out><![CDATA[2024-12-01 05:06:20.506  INFO [main] : Generating token for user: dee013
2024-12-01 05:06:21.067  INFO [main] : Saving token for account: dee013
]]></system-out>
  </testcase>
  <testcase name="test_withdraw_with_unauthorized_access" classname="com.webapp.bankingportal.AccountControllerTests" time="0.838"/>
  <testcase name="test_fund_transfer_with_missing_target_account" classname="com.webapp.bankingportal.AccountControllerTests" time="9.375">
    <system-out><![CDATA[2024-12-01 05:06:28.722  INFO [main] : Generating token for user: 81bc2b
2024-12-01 05:06:29.274  INFO [main] : Saving token for account: 81bc2b
]]></system-out>
  </testcase>
  <testcase name="test_pin_update_with_valid_data" classname="com.webapp.bankingportal.AccountControllerTests" time="8.176">
    <system-out><![CDATA[2024-12-01 05:06:38.142  INFO [main] : Generating token for user: 598b83
2024-12-01 05:06:38.697  INFO [main] : Saving token for account: 598b83
2024-12-01 05:06:41.107  INFO [main] : Updating PIN for account: 598b83
]]></system-out>
  </testcase>
  <testcase name="test_deposit_with_invalid_pin" classname="com.webapp.bankingportal.AccountControllerTests" time="7.518">
    <system-out><![CDATA[2024-12-01 05:06:46.334  INFO [main] : Generating token for user: c0048a
2024-12-01 05:06:46.891  INFO [main] : Saving token for account: c0048a
]]></system-out>
  </testcase>
  <testcase name="test_withdraw_with_invalid_pin" classname="com.webapp.bankingportal.AccountControllerTests" time="7.383">
    <system-out><![CDATA[2024-12-01 05:06:53.806  INFO [main] : Generating token for user: 71c105
2024-12-01 05:06:54.356  INFO [main] : Saving token for account: 71c105
]]></system-out>
  </testcase>
  <testcase name="test_pin_check_without_authorization" classname="com.webapp.bankingportal.AccountControllerTests" time="0.833"/>
  <testcase name="test_pin_create_with_invalid_password" classname="com.webapp.bankingportal.AccountControllerTests" time="5.804">
    <system-out><![CDATA[2024-12-01 05:07:02.015  INFO [main] : Generating token for user: 4eaea0
2024-12-01 05:07:02.568  INFO [main] : Saving token for account: 4eaea0
]]></system-out>
  </testcase>
</testsuite>